
preprocess_GTS_BUFR.pl began on Tue Aug 27 12:21:37 2019
Opening INPUT_GTS_BUFR_DIR:: ../raw_gts_bufr_data

processing GTS BUFR file: HIGHWAY_HKNC_201908100000_ius_sounding.bufr 
Execute system cmd:: ./bufr_dump ../raw_gts_bufr_data/HIGHWAY_HKNC_201908100000_ius_sounding.bufr > ../output_ascii_data/HIGHWAY_HKNC_201908100000_ius_sounding.asc
Opening output file to save ALL SKIPPED input line into single output file = ../output_preproc_data/HIGHWAY_HKNC_201908100000_ius_sounding_1.preproc.skiplines
FOUND FIRST Sounding in file. Input Line = bufrHeaderCentre
Total Lines Processed from Input File: 167446
Total Lines Skipped: 38671 ( 23.09 %)
Total (input compressed down to) Lines in Output: 25758 ( 15.38 %)
Expected number of soundings in input file (via Grep) = 1 
Actual number of soundings found in input file = 1 

processing GTS BUFR file: HIGHWAY_HKNC_201908101200_ius_sounding.bufr 
Execute system cmd:: ./bufr_dump ../raw_gts_bufr_data/HIGHWAY_HKNC_201908101200_ius_sounding.bufr > ../output_ascii_data/HIGHWAY_HKNC_201908101200_ius_sounding.asc
Opening output file to save ALL SKIPPED input line into single output file = ../output_preproc_data/HIGHWAY_HKNC_201908101200_ius_sounding_1.preproc.skiplines
FOUND FIRST Sounding in file. Input Line = bufrHeaderCentre
Total Lines Processed from Input File: 166341
Total Lines Skipped: 38416 ( 23.09 %)
Total (input compressed down to) Lines in Output: 25588 ( 15.38 %)
Expected number of soundings in input file (via Grep) = 1 
Actual number of soundings found in input file = 1 

processing GTS BUFR file: HIGHWAY_HKNC_201908110000_ius_sounding.bufr 
Execute system cmd:: ./bufr_dump ../raw_gts_bufr_data/HIGHWAY_HKNC_201908110000_ius_sounding.bufr > ../output_ascii_data/HIGHWAY_HKNC_201908110000_ius_sounding.asc
Opening output file to save ALL SKIPPED input line into single output file = ../output_preproc_data/HIGHWAY_HKNC_201908110000_ius_sounding_1.preproc.skiplines
FOUND FIRST Sounding in file. Input Line = bufrHeaderCentre
MATCH:: Found another sounding in this file! Opening next Sounding File: gts_preproc_file = ../output_preproc_data/HIGHWAY_HKNC_201908110000_ius_sounding_2.preproc
Total Lines Processed from Input File: 307590
Total Lines Skipped: 71040 ( 23.10 %)
Total (input compressed down to) Lines in Output: 47316 ( 15.38 %)
Expected number of soundings in input file (via Grep) = 2 
Actual number of soundings found in input file = 2 

processing GTS BUFR file: HIGHWAY_HKNC_201908111200_ius_sounding.bufr 
Execute system cmd:: ./bufr_dump ../raw_gts_bufr_data/HIGHWAY_HKNC_201908111200_ius_sounding.bufr > ../output_ascii_data/HIGHWAY_HKNC_201908111200_ius_sounding.asc
Opening output file to save ALL SKIPPED input line into single output file = ../output_preproc_data/HIGHWAY_HKNC_201908111200_ius_sounding_1.preproc.skiplines
FOUND FIRST Sounding in file. Input Line = bufrHeaderCentre
Total Lines Processed from Input File: 63331
Total Lines Skipped: 14641 ( 23.12 %)
Total (input compressed down to) Lines in Output: 9741 ( 15.38 %)
Expected number of soundings in input file (via Grep) = 1 
Actual number of soundings found in input file = 1 

processing GTS BUFR file: HIGHWAY_HKNC_201908120000_ius_sounding.bufr 
Execute system cmd:: ./bufr_dump ../raw_gts_bufr_data/HIGHWAY_HKNC_201908120000_ius_sounding.bufr > ../output_ascii_data/HIGHWAY_HKNC_201908120000_ius_sounding.asc
Opening output file to save ALL SKIPPED input line into single output file = ../output_preproc_data/HIGHWAY_HKNC_201908120000_ius_sounding_1.preproc.skiplines
FOUND FIRST Sounding in file. Input Line = bufrHeaderCentre
Total Lines Processed from Input File: 146776
Total Lines Skipped: 33901 ( 23.10 %)
Total (input compressed down to) Lines in Output: 22578 ( 15.38 %)
Expected number of soundings in input file (via Grep) = 1 
Actual number of soundings found in input file = 1 

processing GTS BUFR file: HIGHWAY_HKNC_201908121200_ius_sounding.bufr 
Execute system cmd:: ./bufr_dump ../raw_gts_bufr_data/HIGHWAY_HKNC_201908121200_ius_sounding.bufr > ../output_ascii_data/HIGHWAY_HKNC_201908121200_ius_sounding.asc
Opening output file to save ALL SKIPPED input line into single output file = ../output_preproc_data/HIGHWAY_HKNC_201908121200_ius_sounding_1.preproc.skiplines
FOUND FIRST Sounding in file. Input Line = bufrHeaderCentre
Total Lines Processed from Input File: 149246
Total Lines Skipped: 34471 ( 23.10 %)
Total (input compressed down to) Lines in Output: 22958 ( 15.38 %)
Expected number of soundings in input file (via Grep) = 1 
Actual number of soundings found in input file = 1 

processing GTS BUFR file: HIGHWAY_HKNC_201908130000_ius_sounding.bufr 
Execute system cmd:: ./bufr_dump ../raw_gts_bufr_data/HIGHWAY_HKNC_201908130000_ius_sounding.bufr > ../output_ascii_data/HIGHWAY_HKNC_201908130000_ius_sounding.asc
Opening output file to save ALL SKIPPED input line into single output file = ../output_preproc_data/HIGHWAY_HKNC_201908130000_ius_sounding_1.preproc.skiplines
FOUND FIRST Sounding in file. Input Line = bufrHeaderCentre
Total Lines Processed from Input File: 162766
Total Lines Skipped: 37591 ( 23.10 %)
Total (input compressed down to) Lines in Output: 25038 ( 15.38 %)
Expected number of soundings in input file (via Grep) = 1 
Actual number of soundings found in input file = 1 

processing GTS BUFR file: HIGHWAY_HKNC_201908131200_ius_sounding.bufr 
Execute system cmd:: ./bufr_dump ../raw_gts_bufr_data/HIGHWAY_HKNC_201908131200_ius_sounding.bufr > ../output_ascii_data/HIGHWAY_HKNC_201908131200_ius_sounding.asc
Opening output file to save ALL SKIPPED input line into single output file = ../output_preproc_data/HIGHWAY_HKNC_201908131200_ius_sounding_1.preproc.skiplines
FOUND FIRST Sounding in file. Input Line = bufrHeaderCentre
Total Lines Processed from Input File: 151391
Total Lines Skipped: 34966 ( 23.10 %)
Total (input compressed down to) Lines in Output: 23288 ( 15.38 %)
Expected number of soundings in input file (via Grep) = 1 
Actual number of soundings found in input file = 1 

processing GTS BUFR file: HIGHWAY_HKNC_201908151200_ius_sounding.bufr 
Execute system cmd:: ./bufr_dump ../raw_gts_bufr_data/HIGHWAY_HKNC_201908151200_ius_sounding.bufr > ../output_ascii_data/HIGHWAY_HKNC_201908151200_ius_sounding.asc
Opening output file to save ALL SKIPPED input line into single output file = ../output_preproc_data/HIGHWAY_HKNC_201908151200_ius_sounding_1.preproc.skiplines
FOUND FIRST Sounding in file. Input Line = bufrHeaderCentre
Total Lines Processed from Input File: 192811
Total Lines Skipped: 44521 ( 23.09 %)
Total (input compressed down to) Lines in Output: 29661 ( 15.38 %)
Expected number of soundings in input file (via Grep) = 1 
Actual number of soundings found in input file = 1 

processing GTS BUFR file: HIGHWAY_HKNC_201908160000_ius_sounding.bufr 
Execute system cmd:: ./bufr_dump ../raw_gts_bufr_data/HIGHWAY_HKNC_201908160000_ius_sounding.bufr > ../output_ascii_data/HIGHWAY_HKNC_201908160000_ius_sounding.asc
Opening output file to save ALL SKIPPED input line into single output file = ../output_preproc_data/HIGHWAY_HKNC_201908160000_ius_sounding_1.preproc.skiplines
FOUND FIRST Sounding in file. Input Line = bufrHeaderCentre
Total Lines Processed from Input File: 88941
Total Lines Skipped: 20551 ( 23.11 %)
Total (input compressed down to) Lines in Output: 13681 ( 15.38 %)
Expected number of soundings in input file (via Grep) = 1 
Actual number of soundings found in input file = 1 

processing GTS BUFR file: HIGHWAY_HKNC_201908180000_ius_sounding.bufr 
Execute system cmd:: ./bufr_dump ../raw_gts_bufr_data/HIGHWAY_HKNC_201908180000_ius_sounding.bufr > ../output_ascii_data/HIGHWAY_HKNC_201908180000_ius_sounding.asc
Opening output file to save ALL SKIPPED input line into single output file = ../output_preproc_data/HIGHWAY_HKNC_201908180000_ius_sounding_1.preproc.skiplines
FOUND FIRST Sounding in file. Input Line = bufrHeaderCentre
Total Lines Processed from Input File: 1841
Total Lines Skipped: 451 ( 24.50 %)
Total (input compressed down to) Lines in Output: 281 ( 15.26 %)
Expected number of soundings in input file (via Grep) = 1 
Actual number of soundings found in input file = 1 

processing GTS BUFR file: HIGHWAY_HKNC_201908181200_ius_sounding.bufr 
Execute system cmd:: ./bufr_dump ../raw_gts_bufr_data/HIGHWAY_HKNC_201908181200_ius_sounding.bufr > ../output_ascii_data/HIGHWAY_HKNC_201908181200_ius_sounding.asc
Opening output file to save ALL SKIPPED input line into single output file = ../output_preproc_data/HIGHWAY_HKNC_201908181200_ius_sounding_1.preproc.skiplines
FOUND FIRST Sounding in file. Input Line = bufrHeaderCentre
Total Lines Processed from Input File: 1906
Total Lines Skipped: 466 ( 24.45 %)
Total (input compressed down to) Lines in Output: 291 ( 15.27 %)
Expected number of soundings in input file (via Grep) = 1 
Actual number of soundings found in input file = 1 

processing GTS BUFR file: HIGHWAY_HKNC_201908191200_ius_sounding.bufr 
Execute system cmd:: ./bufr_dump ../raw_gts_bufr_data/HIGHWAY_HKNC_201908191200_ius_sounding.bufr > ../output_ascii_data/HIGHWAY_HKNC_201908191200_ius_sounding.asc
Opening output file to save ALL SKIPPED input line into single output file = ../output_preproc_data/HIGHWAY_HKNC_201908191200_ius_sounding_1.preproc.skiplines
FOUND FIRST Sounding in file. Input Line = bufrHeaderCentre
Total Lines Processed from Input File: 160896
Total Lines Skipped: 37156 ( 23.09 %)
Total (input compressed down to) Lines in Output: 24751 ( 15.38 %)
Expected number of soundings in input file (via Grep) = 1 
Actual number of soundings found in input file = 1 

processing GTS BUFR file: HIGHWAY_HKNC_201908200000_ius_sounding.bufr 
Execute system cmd:: ./bufr_dump ../raw_gts_bufr_data/HIGHWAY_HKNC_201908200000_ius_sounding.bufr > ../output_ascii_data/HIGHWAY_HKNC_201908200000_ius_sounding.asc
Opening output file to save ALL SKIPPED input line into single output file = ../output_preproc_data/HIGHWAY_HKNC_201908200000_ius_sounding_1.preproc.skiplines
FOUND FIRST Sounding in file. Input Line = bufrHeaderCentre
Total Lines Processed from Input File: 132426
Total Lines Skipped: 30586 ( 23.10 %)
Total (input compressed down to) Lines in Output: 20371 ( 15.38 %)
Expected number of soundings in input file (via Grep) = 1 
Actual number of soundings found in input file = 1 

processing GTS BUFR file: HIGHWAY_HKNC_201908201200_ius_sounding.bufr 
Execute system cmd:: ./bufr_dump ../raw_gts_bufr_data/HIGHWAY_HKNC_201908201200_ius_sounding.bufr > ../output_ascii_data/HIGHWAY_HKNC_201908201200_ius_sounding.asc
Opening output file to save ALL SKIPPED input line into single output file = ../output_preproc_data/HIGHWAY_HKNC_201908201200_ius_sounding_1.preproc.skiplines
FOUND FIRST Sounding in file. Input Line = bufrHeaderCentre
Total Lines Processed from Input File: 178511
Total Lines Skipped: 41221 ( 23.09 %)
Total (input compressed down to) Lines in Output: 27461 ( 15.38 %)
Expected number of soundings in input file (via Grep) = 1 
Actual number of soundings found in input file = 1 

processing GTS BUFR file: HIGHWAY_HKNC_201908210000_ius_sounding.bufr 
Execute system cmd:: ./bufr_dump ../raw_gts_bufr_data/HIGHWAY_HKNC_201908210000_ius_sounding.bufr > ../output_ascii_data/HIGHWAY_HKNC_201908210000_ius_sounding.asc
Opening output file to save ALL SKIPPED input line into single output file = ../output_preproc_data/HIGHWAY_HKNC_201908210000_ius_sounding_1.preproc.skiplines
FOUND FIRST Sounding in file. Input Line = bufrHeaderCentre
Total Lines Processed from Input File: 290491
Total Lines Skipped: 67066 ( 23.09 %)
Total (input compressed down to) Lines in Output: 44688 ( 15.38 %)
Expected number of soundings in input file (via Grep) = 1 
Actual number of soundings found in input file = 1 

processing GTS BUFR file: HIGHWAY_HKNC_201908211200_ius_sounding.bufr 
Execute system cmd:: ./bufr_dump ../raw_gts_bufr_data/HIGHWAY_HKNC_201908211200_ius_sounding.bufr > ../output_ascii_data/HIGHWAY_HKNC_201908211200_ius_sounding.asc
Opening output file to save ALL SKIPPED input line into single output file = ../output_preproc_data/HIGHWAY_HKNC_201908211200_ius_sounding_1.preproc.skiplines
FOUND FIRST Sounding in file. Input Line = bufrHeaderCentre
Total Lines Processed from Input File: 159206
Total Lines Skipped: 36766 ( 23.09 %)
Total (input compressed down to) Lines in Output: 24491 ( 15.38 %)
Expected number of soundings in input file (via Grep) = 1 
Actual number of soundings found in input file = 1 

processing GTS BUFR file: HIGHWAY_HKNC_201908220000_ius_sounding.bufr 
Execute system cmd:: ./bufr_dump ../raw_gts_bufr_data/HIGHWAY_HKNC_201908220000_ius_sounding.bufr > ../output_ascii_data/HIGHWAY_HKNC_201908220000_ius_sounding.asc
Opening output file to save ALL SKIPPED input line into single output file = ../output_preproc_data/HIGHWAY_HKNC_201908220000_ius_sounding_1.preproc.skiplines
FOUND FIRST Sounding in file. Input Line = bufrHeaderCentre
Total Lines Processed from Input File: 146726
Total Lines Skipped: 33886 ( 23.09 %)
Total (input compressed down to) Lines in Output: 22571 ( 15.38 %)
Expected number of soundings in input file (via Grep) = 1 
Actual number of soundings found in input file = 1 

processing GTS BUFR file: HIGHWAY_HKNC_201908231200_ius_sounding.bufr 
Execute system cmd:: ./bufr_dump ../raw_gts_bufr_data/HIGHWAY_HKNC_201908231200_ius_sounding.bufr > ../output_ascii_data/HIGHWAY_HKNC_201908231200_ius_sounding.asc
Opening output file to save ALL SKIPPED input line into single output file = ../output_preproc_data/HIGHWAY_HKNC_201908231200_ius_sounding_1.preproc.skiplines
FOUND FIRST Sounding in file. Input Line = bufrHeaderCentre
Total Lines Processed from Input File: 128006
Total Lines Skipped: 29566 ( 23.10 %)
Total (input compressed down to) Lines in Output: 19691 ( 15.38 %)
Expected number of soundings in input file (via Grep) = 1 
Actual number of soundings found in input file = 1 

processing GTS BUFR file: HIGHWAY_HKNC_201908240000_ius_sounding.bufr 
Execute system cmd:: ./bufr_dump ../raw_gts_bufr_data/HIGHWAY_HKNC_201908240000_ius_sounding.bufr > ../output_ascii_data/HIGHWAY_HKNC_201908240000_ius_sounding.asc
Opening output file to save ALL SKIPPED input line into single output file = ../output_preproc_data/HIGHWAY_HKNC_201908240000_ius_sounding_1.preproc.skiplines
FOUND FIRST Sounding in file. Input Line = bufrHeaderCentre
Total Lines Processed from Input File: 206396
Total Lines Skipped: 47656 ( 23.09 %)
Total (input compressed down to) Lines in Output: 31751 ( 15.38 %)
Expected number of soundings in input file (via Grep) = 1 
Actual number of soundings found in input file = 1 

processing GTS BUFR file: HIGHWAY_HKNC_201908241200_ius_sounding.bufr 
Execute system cmd:: ./bufr_dump ../raw_gts_bufr_data/HIGHWAY_HKNC_201908241200_ius_sounding.bufr > ../output_ascii_data/HIGHWAY_HKNC_201908241200_ius_sounding.asc
Opening output file to save ALL SKIPPED input line into single output file = ../output_preproc_data/HIGHWAY_HKNC_201908241200_ius_sounding_1.preproc.skiplines
FOUND FIRST Sounding in file. Input Line = bufrHeaderCentre
Total Lines Processed from Input File: 175001
Total Lines Skipped: 40411 ( 23.09 %)
Total (input compressed down to) Lines in Output: 26921 ( 15.38 %)
Expected number of soundings in input file (via Grep) = 1 
Actual number of soundings found in input file = 1 

processing GTS BUFR file: HIGHWAY_HKNC_201908250000_ius_sounding.bufr 
Execute system cmd:: ./bufr_dump ../raw_gts_bufr_data/HIGHWAY_HKNC_201908250000_ius_sounding.bufr > ../output_ascii_data/HIGHWAY_HKNC_201908250000_ius_sounding.asc
Opening output file to save ALL SKIPPED input line into single output file = ../output_preproc_data/HIGHWAY_HKNC_201908250000_ius_sounding_1.preproc.skiplines
FOUND FIRST Sounding in file. Input Line = bufrHeaderCentre
Total Lines Processed from Input File: 166096
Total Lines Skipped: 38356 ( 23.09 %)
Total (input compressed down to) Lines in Output: 25551 ( 15.38 %)
Expected number of soundings in input file (via Grep) = 1 
Actual number of soundings found in input file = 1 

preprocess_GTS_BUFR.pl ended on Tue Aug 27 12:22:31 2019
