Windspd at pressure:  247.2 mb is:  999.0 m/s. So set all wind values to missing.
Super adiabatic lapse rate between pressure  917.7 and  916.6 is   -20.00 deg C/km.
Super adiabatic lapse rate between pressure  913.0 and  911.9 is   -18.18 deg C/km.
Super adiabatic lapse rate between pressure  907.2 and  906.0 is   -16.67 deg C/km.
Rapid Ascendrate change between pressure:  858.3 and  857.5 is:    3.5 m/s
Super adiabatic lapse rate between pressure  828.0 and  826.9 is   -16.67 deg C/km.
Super adiabatic lapse rate between pressure  779.8 and  778.7 is   -16.67 deg C/km.
Rapid Ascendrate change between pressure:  768.3 and  767.0 is:   -3.0 m/s
Super adiabatic lapse rate between pressure  764.9 and  764.1 is   -25.00 deg C/km.
Super adiabatic lapse rate between pressure  749.9 and  748.9 is   -20.00 deg C/km.
Super adiabatic lapse rate between pressure  712.1 and  711.0 is   -16.67 deg C/km.
Super adiabatic lapse rate between pressure  651.2 and  650.4 is   -18.18 deg C/km.
Super adiabatic lapse rate between pressure  643.9 and  643.0 is   -18.18 deg C/km.
Super adiabatic lapse rate between pressure  626.6 and  625.7 is   -18.18 deg C/km.
Super adiabatic lapse rate between pressure  623.3 and  622.4 is   -16.67 deg C/km.
Super adiabatic lapse rate between pressure  613.4 and  612.6 is   -16.67 deg C/km.
Super adiabatic lapse rate between pressure  606.5 and  605.5 is   -15.38 deg C/km.
Super adiabatic lapse rate between pressure  580.5 and  579.5 is   -15.38 deg C/km.
Rapid Ascendrate change between pressure:  567.9 and  567.0 is:   -3.0 m/s
Super adiabatic lapse rate between pressure  558.8 and  558.1 is   -20.00 deg C/km.
Rapid Ascendrate change between pressure:  550.2 and  549.1 is:   -3.0 m/s
Rapid Ascendrate change between pressure:  548.0 and  547.4 is:    3.0 m/s
Rapid Ascendrate change between pressure:  545.9 and  545.3 is:    3.0 m/s
Super adiabatic lapse rate between pressure  545.3 and  544.6 is   -20.00 deg C/km.
Super adiabatic lapse rate between pressure  536.7 and  536.1 is   -22.22 deg C/km.
Super adiabatic lapse rate between pressure  533.5 and  532.4 is   -18.75 deg C/km.
Rapid Ascendrate change between pressure:  532.4 and  531.9 is:    3.5 m/s
Super adiabatic lapse rate between pressure  528.1 and  527.5 is   -22.22 deg C/km.
Rapid Ascendrate change between pressure:  510.9 and  510.5 is:   -3.0 m/s
Rapid Ascendrate change between pressure:  509.5 and  508.9 is:    3.0 m/s
Super adiabatic lapse rate between pressure  501.5 and  500.7 is   -16.67 deg C/km.
Super adiabatic lapse rate between pressure  499.4 and  498.7 is   -18.18 deg C/km.
Super adiabatic lapse rate between pressure  496.7 and  496.0 is   -18.18 deg C/km.
Super adiabatic lapse rate between pressure  493.7 and  493.3 is   -28.57 deg C/km.
Super adiabatic lapse rate between pressure  489.6 and  488.9 is   -18.18 deg C/km.
Super adiabatic lapse rate between pressure  487.4 and  486.6 is   -15.38 deg C/km.
Super adiabatic lapse rate between pressure  483.8 and  483.1 is   -16.67 deg C/km.
Super adiabatic lapse rate between pressure  481.9 and  481.4 is   -22.22 deg C/km.
Super adiabatic lapse rate between pressure  475.9 and  475.1 is   -18.18 deg C/km.
Super adiabatic lapse rate between pressure  468.7 and  468.0 is   -16.67 deg C/km.
Super adiabatic lapse rate between pressure  463.1 and  462.3 is   -15.38 deg C/km.
Rapid Ascendrate change between pressure:  462.3 and  461.9 is:    3.0 m/s
Super adiabatic lapse rate between pressure  461.9 and  461.3 is   -20.00 deg C/km.
Super adiabatic lapse rate between pressure  457.9 and  457.3 is   -22.22 deg C/km.
Super adiabatic lapse rate between pressure  453.2 and  452.5 is   -15.38 deg C/km.
Super adiabatic lapse rate between pressure  449.7 and  449.1 is   -20.00 deg C/km.
Rapid Ascendrate change between pressure:  444.7 and  443.8 is:   -3.5 m/s
Rapid Ascendrate change between pressure:  443.8 and  443.2 is:    3.0 m/s
Rapid Ascendrate change between pressure:  440.3 and  439.3 is:   -3.5 m/s
Rapid Ascendrate change between pressure:  438.1 and  437.2 is:   -3.5 m/s
Super adiabatic lapse rate between pressure  437.2 and  436.5 is   -16.67 deg C/km.
Rapid Ascendrate change between pressure:  436.0 and  435.0 is:   -3.5 m/s
Rapid Ascendrate change between pressure:  434.2 and  433.8 is:    3.0 m/s
Super adiabatic lapse rate between pressure  433.2 and  432.8 is   -25.00 deg C/km.
Rapid Ascendrate change between pressure:  432.8 and  431.9 is:   -3.5 m/s
Rapid Ascendrate change between pressure:  426.2 and  425.4 is:   -3.0 m/s
Super adiabatic lapse rate between pressure  418.0 and  417.3 is   -16.67 deg C/km.
Super adiabatic lapse rate between pressure  415.6 and  415.0 is   -16.67 deg C/km.
Rapid Ascendrate change between pressure:  405.3 and  404.6 is:   -3.5 m/s
Super adiabatic lapse rate between pressure  403.9 and  403.5 is   -22.22 deg C/km.
Super adiabatic lapse rate between pressure  401.3 and  400.7 is   -18.18 deg C/km.
Rapid Ascendrate change between pressure:  398.9 and  397.9 is:   -5.0 m/s
Rapid Ascendrate change between pressure:  397.9 and  397.3 is:    4.0 m/s
Rapid Ascendrate change between pressure:  392.9 and  392.5 is:    3.5 m/s
Super adiabatic lapse rate between pressure  392.5 and  392.0 is   -16.67 deg C/km.
Super adiabatic lapse rate between pressure  390.1 and  389.5 is   -16.67 deg C/km.
Super adiabatic lapse rate between pressure  387.2 and  386.6 is   -20.00 deg C/km.
Super adiabatic lapse rate between pressure  385.0 and  384.4 is   -18.18 deg C/km.
Rapid Ascendrate change between pressure:  381.9 and  381.5 is:    3.5 m/s
Super adiabatic lapse rate between pressure  380.5 and  379.8 is   -16.67 deg C/km.
Super adiabatic lapse rate between pressure  369.5 and  368.9 is   -16.67 deg C/km.
Super adiabatic lapse rate between pressure  368.5 and  368.0 is   -20.00 deg C/km.
Super adiabatic lapse rate between pressure  365.7 and  365.2 is   -20.00 deg C/km.
Super adiabatic lapse rate between pressure  359.4 and  358.8 is   -18.18 deg C/km.
Rapid Ascendrate change between pressure:  354.5 and  353.6 is:   -3.5 m/s
Rapid Ascendrate change between pressure:  352.8 and  352.4 is:    4.0 m/s
Super adiabatic lapse rate between pressure  352.0 and  351.6 is   -25.00 deg C/km.
Super adiabatic lapse rate between pressure  350.0 and  349.5 is   -18.18 deg C/km.
Super adiabatic lapse rate between pressure  346.8 and  346.1 is   -15.38 deg C/km.
Rapid Ascendrate change between pressure:  344.6 and  344.0 is:   -3.0 m/s
Super adiabatic lapse rate between pressure  341.5 and  340.9 is   -25.00 deg C/km.
Rapid Ascendrate change between pressure:  339.1 and  338.7 is:    3.0 m/s
Super adiabatic lapse rate between pressure  335.4 and  334.9 is   -18.18 deg C/km.
Super adiabatic lapse rate between pressure  334.4 and  333.8 is   -25.00 deg C/km.
Super adiabatic lapse rate between pressure  332.0 and  331.5 is   -20.00 deg C/km.
Super adiabatic lapse rate between pressure  324.9 and  324.3 is   -15.38 deg C/km.
Rapid Ascendrate change between pressure:  322.1 and  321.7 is:    4.0 m/s
Super adiabatic lapse rate between pressure  321.2 and  320.6 is   -15.38 deg C/km.
Super adiabatic lapse rate between pressure  319.5 and  319.0 is   -18.18 deg C/km.
Super adiabatic lapse rate between pressure  316.7 and  316.1 is   -25.00 deg C/km.
Super adiabatic lapse rate between pressure  315.8 and  315.3 is   -20.00 deg C/km.
Super adiabatic lapse rate between pressure  314.4 and  314.0 is   -33.33 deg C/km.
Super adiabatic lapse rate between pressure  313.0 and  312.7 is   -25.00 deg C/km.
Super adiabatic lapse rate between pressure  312.7 and  312.2 is   -20.00 deg C/km.
Super adiabatic lapse rate between pressure  308.7 and  308.2 is   -18.18 deg C/km.
Rapid Ascendrate change between pressure:  306.9 and  306.2 is:   -3.0 m/s
Super adiabatic lapse rate between pressure  305.5 and  305.1 is   -18.18 deg C/km.
Super adiabatic lapse rate between pressure  304.1 and  303.5 is   -15.38 deg C/km.
Super adiabatic lapse rate between pressure  303.1 and  302.6 is   -30.00 deg C/km.
Super adiabatic lapse rate between pressure  302.6 and  302.1 is   -16.67 deg C/km.
Super adiabatic lapse rate between pressure  301.8 and  301.3 is   -18.18 deg C/km.
Rapid Ascendrate change between pressure:  298.7 and  298.4 is:    5.0 m/s
Rapid Ascendrate change between pressure:  298.0 and  297.3 is:   -3.0 m/s
Super adiabatic lapse rate between pressure  297.3 and  296.8 is   -15.38 deg C/km.
Super adiabatic lapse rate between pressure  293.9 and  293.5 is   -22.22 deg C/km.
Super adiabatic lapse rate between pressure  287.5 and  287.1 is   -22.22 deg C/km.
Super adiabatic lapse rate between pressure  284.4 and  284.0 is   -16.67 deg C/km.
Rapid Ascendrate change between pressure:  279.1 and  278.5 is:   -3.0 m/s
Rapid Ascendrate change between pressure:  270.1 and  269.8 is:    3.0 m/s
Super adiabatic lapse rate between pressure  268.2 and  267.8 is   -18.18 deg C/km.
Super adiabatic lapse rate between pressure  266.1 and  265.6 is   -15.38 deg C/km.
Super adiabatic lapse rate between pressure  265.6 and  265.1 is   -18.18 deg C/km.
Super adiabatic lapse rate between pressure  263.5 and  263.2 is   -28.57 deg C/km.
Super adiabatic lapse rate between pressure  262.8 and  262.4 is   -20.00 deg C/km.
Rapid Ascendrate change between pressure:  256.7 and  256.4 is:    3.0 m/s
Super adiabatic lapse rate between pressure  256.4 and  256.0 is   -18.18 deg C/km.
Super adiabatic lapse rate between pressure  256.0 and  255.5 is   -18.18 deg C/km.
Super adiabatic lapse rate between pressure  252.9 and  252.5 is   -18.18 deg C/km.
Super adiabatic lapse rate between pressure  251.1 and  250.7 is   -18.18 deg C/km.
Super adiabatic lapse rate between pressure  250.2 and  249.8 is   -18.18 deg C/km.
Super adiabatic lapse rate between pressure  249.4 and  248.9 is   -16.67 deg C/km.
Super adiabatic lapse rate between pressure  248.4 and  248.0 is   -18.18 deg C/km.
Rapid pressure change between pressure:  247.2 and pressure  247.2 is     NaN mb/s
Pressure increase or equal at pressure:  247.2 and pressure:  247.2 at time  1896.0 sec
Time decrease or equal time:  1896.0 and  1896.0
