Ascendrate at press:  500.0 is:    53.0 m/s. Update Pressure Flag to be questionable.
Ascendrate at press:  499.6 is:   -43.0 m/s. Update Pressure Flag to be questionable.
Ascendrate at press:  227.0 is:    10.5 m/s. Update Pressure Flag to be questionable.
Ascendrate at press:  226.3 is:    10.5 m/s. Update Pressure Flag to be questionable.
Windspd at pressure:  185.4 mb is:  999.0 m/s. So set all wind values to missing.
Ascendrate at press:   56.8 is:    10.5 m/s. Update Pressure Flag to be questionable.
Ascendrate at press:   29.9 is:    11.0 m/s. Update Pressure Flag to be questionable.
Rapid Ascendrate change between pressure:  986.3 and  984.9 is:   -3.5 m/s
Rapid Ascendrate change between pressure:  975.2 and  974.6 is:    3.0 m/s
Rapid Ascendrate change between pressure:  974.6 and  973.2 is:   -3.5 m/s
Rapid temperature increase between pressure  960.6 and  959.1 is   61.54 deg C/km.
Rapid temperature increase between pressure  959.1 and  958.0 is   90.00 deg C/km.
Rapid temperature increase between pressure  958.0 and  956.7 is   54.55 deg C/km.
Super adiabatic lapse rate between pressure  933.4 and  932.4 is   -22.22 deg C/km.
Super adiabatic lapse rate between pressure  905.7 and  904.5 is   -18.18 deg C/km.
Super adiabatic lapse rate between pressure  884.2 and  883.1 is   -20.00 deg C/km.
Super adiabatic lapse rate between pressure  880.8 and  879.7 is   -18.18 deg C/km.
Super adiabatic lapse rate between pressure  869.8 and  868.7 is   -18.18 deg C/km.
Super adiabatic lapse rate between pressure  862.9 and  861.7 is   -16.67 deg C/km.
Super adiabatic lapse rate between pressure  845.6 and  844.7 is   -20.00 deg C/km.
Super adiabatic lapse rate between pressure  838.1 and  836.9 is   -16.67 deg C/km.
Super adiabatic lapse rate between pressure  830.5 and  829.5 is   -18.18 deg C/km.
Super adiabatic lapse rate between pressure  827.0 and  825.9 is   -16.67 deg C/km.
Super adiabatic lapse rate between pressure  794.0 and  793.1 is   -20.00 deg C/km.
Super adiabatic lapse rate between pressure  791.3 and  790.3 is   -20.00 deg C/km.
Super adiabatic lapse rate between pressure  775.5 and  774.5 is   -18.18 deg C/km.
Super adiabatic lapse rate between pressure  768.1 and  767.0 is   -18.18 deg C/km.
Super adiabatic lapse rate between pressure  748.9 and  747.8 is   -16.67 deg C/km.
Super adiabatic lapse rate between pressure  735.4 and  734.5 is   -20.00 deg C/km.
Super adiabatic lapse rate between pressure  718.0 and  716.9 is   -16.67 deg C/km.
Super adiabatic lapse rate between pressure  716.9 and  716.0 is   -18.18 deg C/km.
Super adiabatic lapse rate between pressure  714.1 and  713.3 is   -22.22 deg C/km.
Super adiabatic lapse rate between pressure  710.6 and  709.6 is   -18.18 deg C/km.
Super adiabatic lapse rate between pressure  707.1 and  706.2 is   -18.18 deg C/km.
Rapid Ascendrate change between pressure:  700.0 and  699.7 is:    3.0 m/s
Super adiabatic lapse rate between pressure  699.7 and  698.7 is   -18.18 deg C/km.
Super adiabatic lapse rate between pressure  695.9 and  694.9 is   -16.67 deg C/km.
Super adiabatic lapse rate between pressure  693.8 and  692.8 is   -16.67 deg C/km.
Super adiabatic lapse rate between pressure  677.6 and  676.7 is   -18.18 deg C/km.
Super adiabatic lapse rate between pressure  675.7 and  674.8 is   -20.00 deg C/km.
Super adiabatic lapse rate between pressure  672.1 and  671.1 is   -18.18 deg C/km.
Super adiabatic lapse rate between pressure  667.4 and  666.3 is   -15.38 deg C/km.
Super adiabatic lapse rate between pressure  636.0 and  635.1 is   -16.67 deg C/km.
Rapid Ascendrate change between pressure:  630.6 and  629.4 is:   -3.0 m/s
Rapid Ascendrate change between pressure:  628.1 and  627.4 is:    4.0 m/s
Super adiabatic lapse rate between pressure  622.7 and  621.8 is   -16.67 deg C/km.
Super adiabatic lapse rate between pressure  619.2 and  618.2 is   -16.67 deg C/km.
Super adiabatic lapse rate between pressure  610.1 and  609.1 is   -16.67 deg C/km.
Super adiabatic lapse rate between pressure  607.1 and  606.2 is   -27.27 deg C/km.
Super adiabatic lapse rate between pressure  583.6 and  582.8 is   -18.18 deg C/km.
Super adiabatic lapse rate between pressure  578.7 and  577.8 is   -16.67 deg C/km.
Super adiabatic lapse rate between pressure  576.1 and  575.2 is   -16.67 deg C/km.
Super adiabatic lapse rate between pressure  571.4 and  570.6 is   -18.18 deg C/km.
Super adiabatic lapse rate between pressure  570.6 and  569.9 is   -20.00 deg C/km.
Super adiabatic lapse rate between pressure  568.2 and  567.6 is   -25.00 deg C/km.
Super adiabatic lapse rate between pressure  567.6 and  566.8 is   -18.18 deg C/km.
Super adiabatic lapse rate between pressure  558.7 and  557.9 is   -16.67 deg C/km.
Super adiabatic lapse rate between pressure  553.5 and  552.7 is   -18.18 deg C/km.
Super adiabatic lapse rate between pressure  550.5 and  549.7 is   -18.18 deg C/km.
Super adiabatic lapse rate between pressure  549.1 and  548.1 is   -15.38 deg C/km.
Super adiabatic lapse rate between pressure  545.9 and  545.1 is   -16.67 deg C/km.
Rapid Ascendrate change between pressure:  533.4 and  532.4 is:   -3.0 m/s
Super adiabatic lapse rate between pressure  527.2 and  526.4 is   -18.18 deg C/km.
Super adiabatic lapse rate between pressure  521.1 and  520.4 is   -18.18 deg C/km.
Super adiabatic lapse rate between pressure  518.0 and  517.4 is   -22.22 deg C/km.
Super adiabatic lapse rate between pressure  503.3 and  502.6 is   -18.18 deg C/km.
Rapid Ascendrate change between pressure:  500.2 and  500.0 is:  -47.0 m/s
Rapid Ascendrate change between pressure:  500.0 and  499.6 is:   96.0 m/s
Altitude decrease or equal at pressure  499.6 between altitude 5790.0 and 5833.0
Rapid Ascendrate change between pressure:  499.6 and  498.7 is:  -49.5 m/s
Super adiabatic lapse rate between pressure  495.2 and  494.4 is   -16.67 deg C/km.
Super adiabatic lapse rate between pressure  492.1 and  491.2 is   -15.38 deg C/km.
Rapid Ascendrate change between pressure:  490.4 and  489.9 is:    3.5 m/s
Super adiabatic lapse rate between pressure  488.0 and  487.4 is   -20.00 deg C/km.
Super adiabatic lapse rate between pressure  484.6 and  484.0 is   -18.18 deg C/km.
Super adiabatic lapse rate between pressure  482.8 and  482.1 is   -18.18 deg C/km.
Super adiabatic lapse rate between pressure  474.9 and  474.2 is   -16.67 deg C/km.
Super adiabatic lapse rate between pressure  469.9 and  469.2 is   -16.67 deg C/km.
Rapid Ascendrate change between pressure:  467.2 and  466.4 is:   -3.0 m/s
Rapid Ascendrate change between pressure:  464.0 and  463.1 is:   -3.0 m/s
Super adiabatic lapse rate between pressure  463.1 and  462.4 is   -15.38 deg C/km.
Rapid Ascendrate change between pressure:  460.6 and  459.8 is:   -3.0 m/s
Super adiabatic lapse rate between pressure  455.1 and  454.3 is   -15.38 deg C/km.
Super adiabatic lapse rate between pressure  452.1 and  451.7 is   -28.57 deg C/km.
Super adiabatic lapse rate between pressure  449.7 and  449.1 is   -20.00 deg C/km.
Rapid Ascendrate change between pressure:  446.0 and  445.2 is:   -3.0 m/s
Super adiabatic lapse rate between pressure  446.0 and  445.2 is   -15.38 deg C/km.
Super adiabatic lapse rate between pressure  440.3 and  439.8 is   -22.22 deg C/km.
Super adiabatic lapse rate between pressure  438.3 and  437.7 is   -18.18 deg C/km.
Super adiabatic lapse rate between pressure  434.9 and  434.2 is   -18.18 deg C/km.
Super adiabatic lapse rate between pressure  429.0 and  428.6 is   -25.00 deg C/km.
Super adiabatic lapse rate between pressure  423.5 and  422.9 is   -16.67 deg C/km.
Super adiabatic lapse rate between pressure  421.2 and  420.6 is   -20.00 deg C/km.
Super adiabatic lapse rate between pressure  416.4 and  415.9 is   -22.22 deg C/km.
Super adiabatic lapse rate between pressure  415.4 and  414.7 is   -16.67 deg C/km.
Super adiabatic lapse rate between pressure  412.7 and  412.1 is   -22.22 deg C/km.
Super adiabatic lapse rate between pressure  412.1 and  411.5 is   -16.67 deg C/km.
Super adiabatic lapse rate between pressure  405.3 and  404.7 is   -20.00 deg C/km.
Super adiabatic lapse rate between pressure  402.9 and  402.4 is   -20.00 deg C/km.
Super adiabatic lapse rate between pressure  402.4 and  401.7 is   -15.38 deg C/km.
Super adiabatic lapse rate between pressure  400.7 and  400.1 is   -20.00 deg C/km.
Super adiabatic lapse rate between pressure  399.0 and  398.3 is   -16.67 deg C/km.
Super adiabatic lapse rate between pressure  393.7 and  393.2 is   -20.00 deg C/km.
Super adiabatic lapse rate between pressure  390.7 and  390.0 is   -15.38 deg C/km.
Rapid Ascendrate change between pressure:  376.7 and  375.8 is:   -4.0 m/s
Super adiabatic lapse rate between pressure  373.6 and  373.0 is   -16.67 deg C/km.
Super adiabatic lapse rate between pressure  371.5 and  371.1 is   -25.00 deg C/km.
Super adiabatic lapse rate between pressure  368.8 and  368.3 is   -18.18 deg C/km.
Super adiabatic lapse rate between pressure  367.2 and  366.6 is   -16.67 deg C/km.
Super adiabatic lapse rate between pressure  364.7 and  364.2 is   -18.18 deg C/km.
Super adiabatic lapse rate between pressure  359.2 and  358.6 is   -16.67 deg C/km.
Super adiabatic lapse rate between pressure  357.5 and  357.0 is   -20.00 deg C/km.
Super adiabatic lapse rate between pressure  357.0 and  356.5 is   -20.00 deg C/km.
Rapid Ascendrate change between pressure:  352.7 and  352.3 is:    3.0 m/s
Super adiabatic lapse rate between pressure  351.3 and  350.8 is   -16.67 deg C/km.
Rapid Ascendrate change between pressure:  347.8 and  346.9 is:   -3.0 m/s
Super adiabatic lapse rate between pressure  343.1 and  342.6 is   -18.18 deg C/km.
Rapid Ascendrate change between pressure:  342.3 and  341.6 is:   -3.5 m/s
Super adiabatic lapse rate between pressure  340.1 and  339.6 is   -22.22 deg C/km.
Super adiabatic lapse rate between pressure  338.3 and  337.7 is   -15.38 deg C/km.
Super adiabatic lapse rate between pressure  336.1 and  335.6 is   -18.18 deg C/km.
Super adiabatic lapse rate between pressure  334.0 and  333.5 is   -22.22 deg C/km.
Super adiabatic lapse rate between pressure  331.1 and  330.7 is   -20.00 deg C/km.
Rapid Ascendrate change between pressure:  329.5 and  329.1 is:    3.0 m/s
Super adiabatic lapse rate between pressure  329.1 and  328.6 is   -18.18 deg C/km.
Super adiabatic lapse rate between pressure  326.2 and  325.6 is   -16.67 deg C/km.
Super adiabatic lapse rate between pressure  325.6 and  325.1 is   -18.18 deg C/km.
Super adiabatic lapse rate between pressure  322.6 and  322.2 is   -25.00 deg C/km.
Rapid Ascendrate change between pressure:  318.9 and  318.4 is:    3.0 m/s
Rapid Ascendrate change between pressure:  318.4 and  317.7 is:   -3.5 m/s
Super adiabatic lapse rate between pressure  317.7 and  317.2 is   -16.67 deg C/km.
Super adiabatic lapse rate between pressure  308.4 and  307.8 is   -15.38 deg C/km.
Super adiabatic lapse rate between pressure  306.4 and  306.0 is   -22.22 deg C/km.
Super adiabatic lapse rate between pressure  304.5 and  304.1 is   -18.18 deg C/km.
Super adiabatic lapse rate between pressure  302.7 and  302.2 is   -18.18 deg C/km.
Super adiabatic lapse rate between pressure  301.3 and  300.8 is   -18.18 deg C/km.
Super adiabatic lapse rate between pressure  289.3 and  288.9 is   -22.22 deg C/km.
Super adiabatic lapse rate between pressure  285.3 and  284.9 is   -33.33 deg C/km.
Rapid Ascendrate change between pressure:  284.9 and  284.2 is:   -3.0 m/s
Rapid Ascendrate change between pressure:  284.2 and  283.8 is:    3.0 m/s
Super adiabatic lapse rate between pressure  283.0 and  282.5 is   -16.67 deg C/km.
Super adiabatic lapse rate between pressure  280.3 and  279.8 is   -16.67 deg C/km.
Super adiabatic lapse rate between pressure  278.1 and  277.7 is   -20.00 deg C/km.
Super adiabatic lapse rate between pressure  276.4 and  275.9 is   -16.67 deg C/km.
Super adiabatic lapse rate between pressure  273.6 and  273.2 is   -16.67 deg C/km.
Super adiabatic lapse rate between pressure  271.7 and  271.1 is   -15.38 deg C/km.
Super adiabatic lapse rate between pressure  268.1 and  267.6 is   -16.67 deg C/km.
Rapid Ascendrate change between pressure:  266.3 and  265.7 is:   -3.0 m/s
Super adiabatic lapse rate between pressure  263.1 and  262.7 is   -18.18 deg C/km.
Super adiabatic lapse rate between pressure  262.3 and  261.9 is   -20.00 deg C/km.
Super adiabatic lapse rate between pressure  258.4 and  258.0 is   -18.18 deg C/km.
Super adiabatic lapse rate between pressure  258.0 and  257.5 is   -16.67 deg C/km.
Rapid Ascendrate change between pressure:  256.4 and  256.1 is:    3.0 m/s
Super adiabatic lapse rate between pressure  254.1 and  253.6 is   -16.67 deg C/km.
Super adiabatic lapse rate between pressure  251.9 and  251.5 is   -18.18 deg C/km.
Super adiabatic lapse rate between pressure  250.0 and  249.5 is   -18.18 deg C/km.
Rapid Ascendrate change between pressure:  248.5 and  248.1 is:    3.0 m/s
Rapid Ascendrate change between pressure:  233.9 and  233.5 is:    3.0 m/s
Rapid Ascendrate change between pressure:  233.2 and  232.6 is:   -3.0 m/s
Rapid Ascendrate change between pressure:  226.3 and  225.8 is:    4.5 m/s
Super adiabatic lapse rate between pressure  219.8 and  219.5 is   -22.22 deg C/km.
Super adiabatic lapse rate between pressure  218.2 and  217.9 is   -20.00 deg C/km.
Super adiabatic lapse rate between pressure  216.0 and  215.6 is   -16.67 deg C/km.
Super adiabatic lapse rate between pressure  215.6 and  215.2 is   -18.18 deg C/km.
Rapid Ascendrate change between pressure:  213.0 and  212.6 is:    3.0 m/s
Super adiabatic lapse rate between pressure  195.3 and  195.0 is   -16.67 deg C/km.
Super adiabatic lapse rate between pressure  192.4 and  192.0 is   -15.38 deg C/km.
Rapid Ascendrate change between pressure:  191.1 and  190.9 is:    4.0 m/s
Super adiabatic lapse rate between pressure  188.7 and  188.4 is   -16.67 deg C/km.
Super adiabatic lapse rate between pressure  187.2 and  186.9 is   -20.00 deg C/km.
Rapid pressure change between pressure:  185.4 and pressure  185.4 is     NaN mb/s
Pressure increase or equal at pressure:  185.4 and pressure:  185.4 at time  2247.0 sec
Time decrease or equal time:  2247.0 and  2247.0
Super adiabatic lapse rate between pressure  170.5 and  170.2 is   -18.18 deg C/km.
Super adiabatic lapse rate between pressure  170.2 and  169.9 is   -18.18 deg C/km.
Rapid Ascendrate change between pressure:  166.7 and  166.4 is:    3.0 m/s
Super adiabatic lapse rate between pressure  152.4 and  152.1 is   -15.38 deg C/km.
Rapid Ascendrate change between pressure:  148.7 and  148.3 is:   -3.0 m/s
Rapid Ascendrate change between pressure:  147.8 and  147.6 is:    4.5 m/s
Super adiabatic lapse rate between pressure  145.1 and  144.9 is   -27.27 deg C/km.
Super adiabatic lapse rate between pressure  141.2 and  140.9 is   -16.67 deg C/km.
Super adiabatic lapse rate between pressure  138.8 and  138.5 is   -16.67 deg C/km.
Super adiabatic lapse rate between pressure  138.3 and  138.0 is   -16.67 deg C/km.
Super adiabatic lapse rate between pressure  136.0 and  135.7 is   -15.38 deg C/km.
Super adiabatic lapse rate between pressure  130.5 and  130.3 is   -15.38 deg C/km.
Super adiabatic lapse rate between pressure  130.3 and  130.0 is   -16.67 deg C/km.
Rapid Ascendrate change between pressure:  126.8 and  126.6 is:    4.0 m/s
Super adiabatic lapse rate between pressure  126.8 and  126.6 is   -25.00 deg C/km.
Rapid Ascendrate change between pressure:  126.6 and  126.3 is:   -3.0 m/s
Super adiabatic lapse rate between pressure  125.4 and  125.2 is   -27.27 deg C/km.
Super adiabatic lapse rate between pressure  118.6 and  118.4 is   -20.00 deg C/km.
Super adiabatic lapse rate between pressure  116.9 and  116.7 is   -16.67 deg C/km.
Rapid Ascendrate change between pressure:  109.9 and  109.6 is:   -6.0 m/s
Rapid Ascendrate change between pressure:  109.6 and  109.3 is:    3.5 m/s
Rapid Ascendrate change between pressure:  109.2 and  108.9 is:   -3.0 m/s
Rapid Ascendrate change between pressure:  108.3 and  108.2 is:    5.0 m/s
Super adiabatic lapse rate between pressure  108.2 and  108.0 is   -20.00 deg C/km.
Super adiabatic lapse rate between pressure  107.3 and  107.1 is   -18.18 deg C/km.
Rapid Ascendrate change between pressure:  107.1 and  106.8 is:   -3.5 m/s
Super adiabatic lapse rate between pressure  107.1 and  106.8 is   -16.67 deg C/km.
Super adiabatic lapse rate between pressure  105.0 and  104.7 is   -15.38 deg C/km.
Rapid Ascendrate change between pressure:  104.7 and  104.4 is:   -3.0 m/s
Super adiabatic lapse rate between pressure  104.1 and  103.8 is   -16.67 deg C/km.
Super adiabatic lapse rate between pressure  103.2 and  103.0 is   -16.67 deg C/km.
Super adiabatic lapse rate between pressure  101.8 and  101.7 is   -20.00 deg C/km.
Super adiabatic lapse rate between pressure   87.4 and   87.2 is   -18.18 deg C/km.
Super adiabatic lapse rate between pressure   86.6 and   86.5 is   -18.18 deg C/km.
Super adiabatic lapse rate between pressure   83.3 and   83.1 is   -16.67 deg C/km.
Super adiabatic lapse rate between pressure   80.5 and   80.4 is   -18.18 deg C/km.
Super adiabatic lapse rate between pressure   79.6 and   79.4 is   -16.67 deg C/km.
Super adiabatic lapse rate between pressure   77.9 and   77.7 is   -16.67 deg C/km.
Super adiabatic lapse rate between pressure   77.5 and   77.4 is   -16.67 deg C/km.
Super adiabatic lapse rate between pressure   77.2 and   77.1 is   -16.67 deg C/km.
Super adiabatic lapse rate between pressure   76.8 and   76.6 is   -16.67 deg C/km.
Super adiabatic lapse rate between pressure   76.5 and   76.3 is   -25.00 deg C/km.
Super adiabatic lapse rate between pressure   76.0 and   75.9 is   -16.67 deg C/km.
Super adiabatic lapse rate between pressure   71.1 and   71.0 is   -16.67 deg C/km.
Super adiabatic lapse rate between pressure   70.8 and   70.7 is   -15.38 deg C/km.
Super adiabatic lapse rate between pressure   62.2 and   62.1 is   -25.00 deg C/km.
Super adiabatic lapse rate between pressure   61.9 and   61.8 is   -16.67 deg C/km.
Super adiabatic lapse rate between pressure   61.0 and   60.8 is   -16.67 deg C/km.
Super adiabatic lapse rate between pressure   59.8 and   59.7 is   -21.43 deg C/km.
Super adiabatic lapse rate between pressure   58.8 and   58.7 is   -16.67 deg C/km.
Super adiabatic lapse rate between pressure   58.1 and   58.0 is   -18.75 deg C/km.
Super adiabatic lapse rate between pressure   57.7 and   57.5 is   -25.00 deg C/km.
Rapid Ascendrate change between pressure:   56.6 and   56.5 is:    6.5 m/s
Rapid Ascendrate change between pressure:   56.5 and   56.4 is:   -3.5 m/s
Super adiabatic lapse rate between pressure   51.8 and   51.7 is   -23.08 deg C/km.
Super adiabatic lapse rate between pressure   51.3 and   51.2 is   -16.67 deg C/km.
Super adiabatic lapse rate between pressure   50.6 and   50.5 is   -15.38 deg C/km.
Super adiabatic lapse rate between pressure   49.1 and   49.0 is   -15.38 deg C/km.
Super adiabatic lapse rate between pressure   49.0 and   48.9 is   -20.00 deg C/km.
Super adiabatic lapse rate between pressure   44.6 and   44.5 is   -21.43 deg C/km.
Super adiabatic lapse rate between pressure   43.7 and   43.6 is   -16.67 deg C/km.
Super adiabatic lapse rate between pressure   43.4 and   43.3 is   -15.38 deg C/km.
Super adiabatic lapse rate between pressure   42.4 and   42.3 is   -15.38 deg C/km.
Super adiabatic lapse rate between pressure   42.0 and   42.0 is   -16.67 deg C/km.
Super adiabatic lapse rate between pressure   42.0 and   41.9 is   -18.18 deg C/km.
Super adiabatic lapse rate between pressure   34.0 and   33.9 is   -15.38 deg C/km.
Super adiabatic lapse rate between pressure   32.8 and   32.8 is   -15.38 deg C/km.
Super adiabatic lapse rate between pressure   32.6 and   32.5 is   -16.67 deg C/km.
Rapid Ascendrate change between pressure:   30.0 and   29.9 is:   -7.0 m/s
Rapid Ascendrate change between pressure:   29.9 and   29.9 is:    4.0 m/s
Rapid Ascendrate change between pressure:   25.8 and   25.7 is:   -3.0 m/s
