RH at press:  835.9 is:  100.1 . RH is greater than 100 percent. Flag RH questionable.
RH at press:  833.7 is:  100.1 . RH is greater than 100 percent. Flag RH questionable.
RH at press:  829.1 is:  100.1 . RH is greater than 100 percent. Flag RH questionable.
RH at press:  828.0 is:  100.3 . RH is greater than 100 percent. Flag RH questionable.
RH at press:  825.8 is:  100.3 . RH is greater than 100 percent. Flag RH questionable.
RH at press:  823.6 is:  100.2 . RH is greater than 100 percent. Flag RH questionable.
RH at press:  822.5 is:  100.2 . RH is greater than 100 percent. Flag RH questionable.
RH at press:  821.4 is:  100.1 . RH is greater than 100 percent. Flag RH questionable.
RH at press:  817.9 is:  100.1 . RH is greater than 100 percent. Flag RH questionable.
RH at press:  814.7 is:  100.2 . RH is greater than 100 percent. Flag RH questionable.
RH at press:  812.4 is:  100.2 . RH is greater than 100 percent. Flag RH questionable.
RH at press:  805.5 is:  100.3 . RH is greater than 100 percent. Flag RH questionable.
RH at press:  801.9 is:  100.1 . RH is greater than 100 percent. Flag RH questionable.
RH at press:  799.5 is:  100.2 . RH is greater than 100 percent. Flag RH questionable.
RH at press:  797.1 is:  100.1 . RH is greater than 100 percent. Flag RH questionable.
RH at press:  796.0 is:  100.3 . RH is greater than 100 percent. Flag RH questionable.
RH at press:  784.8 is:  100.1 . RH is greater than 100 percent. Flag RH questionable.
RH at press:  780.9 is:  100.3 . RH is greater than 100 percent. Flag RH questionable.
RH at press:  778.9 is:  100.3 . RH is greater than 100 percent. Flag RH questionable.
RH at press:  761.4 is:  100.1 . RH is greater than 100 percent. Flag RH questionable.
RH at press:  758.6 is:  100.1 . RH is greater than 100 percent. Flag RH questionable.
RH at press:  751.5 is:  100.2 . RH is greater than 100 percent. Flag RH questionable.
RH at press:  749.6 is:  100.2 . RH is greater than 100 percent. Flag RH questionable.
RH at press:  748.4 is:  100.3 . RH is greater than 100 percent. Flag RH questionable.
RH at press:  746.3 is:  100.3 . RH is greater than 100 percent. Flag RH questionable.
RH at press:  745.3 is:  100.3 . RH is greater than 100 percent. Flag RH questionable.
RH at press:  744.3 is:  100.2 . RH is greater than 100 percent. Flag RH questionable.
RH at press:  743.4 is:  100.2 . RH is greater than 100 percent. Flag RH questionable.
RH at press:  739.6 is:  100.2 . RH is greater than 100 percent. Flag RH questionable.
RH at press:  737.6 is:  100.2 . RH is greater than 100 percent. Flag RH questionable.
RH at press:  733.4 is:  100.1 . RH is greater than 100 percent. Flag RH questionable.
RH at press:  732.3 is:  100.3 . RH is greater than 100 percent. Flag RH questionable.
RH at press:  731.2 is:  100.3 . RH is greater than 100 percent. Flag RH questionable.
RH at press:  729.4 is:  100.3 . RH is greater than 100 percent. Flag RH questionable.
RH at press:  728.3 is:  100.3 . RH is greater than 100 percent. Flag RH questionable.
RH at press:  727.4 is:  100.1 . RH is greater than 100 percent. Flag RH questionable.
RH at press:  726.2 is:  100.1 . RH is greater than 100 percent. Flag RH questionable.
RH at press:  724.3 is:  100.1 . RH is greater than 100 percent. Flag RH questionable.
RH at press:  723.3 is:  100.1 . RH is greater than 100 percent. Flag RH questionable.
RH at press:  722.2 is:  100.1 . RH is greater than 100 percent. Flag RH questionable.
RH at press:  719.8 is:  100.1 . RH is greater than 100 percent. Flag RH questionable.
RH at press:  718.7 is:  100.1 . RH is greater than 100 percent. Flag RH questionable.
RH at press:  717.4 is:  100.3 . RH is greater than 100 percent. Flag RH questionable.
RH at press:  716.1 is:  100.1 . RH is greater than 100 percent. Flag RH questionable.
RH at press:  713.5 is:  100.1 . RH is greater than 100 percent. Flag RH questionable.
RH at press:  712.5 is:  100.1 . RH is greater than 100 percent. Flag RH questionable.
RH at press:  710.0 is:  100.1 . RH is greater than 100 percent. Flag RH questionable.
RH at press:  708.8 is:  100.1 . RH is greater than 100 percent. Flag RH questionable.
RH at press:  707.3 is:  100.1 . RH is greater than 100 percent. Flag RH questionable.
RH at press:  706.2 is:  100.2 . RH is greater than 100 percent. Flag RH questionable.
RH at press:  701.5 is:  100.3 . RH is greater than 100 percent. Flag RH questionable.
Dew point greater than Temp at press:  701.5. Se RH flag to questionable.
RH at press:  700.3 is:  100.2 . RH is greater than 100 percent. Flag RH questionable.
RH at press:  698.1 is:  100.1 . RH is greater than 100 percent. Flag RH questionable.
RH at press:  696.9 is:  100.1 . RH is greater than 100 percent. Flag RH questionable.
RH at press:  695.5 is:  100.1 . RH is greater than 100 percent. Flag RH questionable.
RH at press:  688.1 is:  100.2 . RH is greater than 100 percent. Flag RH questionable.
Ascendrate at press:  207.2 is:    10.5 m/s. Update Pressure Flag to be questionable.
Ascendrate at press:  202.3 is:    10.5 m/s. Update Pressure Flag to be questionable.
Ascendrate at press:  193.8 is:    11.0 m/s. Update Pressure Flag to be questionable.
Ascendrate at press:  176.0 is:    10.5 m/s. Update Pressure Flag to be questionable.
Ascendrate at press:  162.0 is:    11.0 m/s. Update Pressure Flag to be questionable.
Ascendrate at press:  149.7 is:    11.0 m/s. Update Pressure Flag to be questionable.
Ascendrate at press:  143.7 is:    10.5 m/s. Update Pressure Flag to be questionable.
Ascendrate at press:  143.2 is:    12.0 m/s. Update Pressure Flag to be questionable.
Ascendrate at press:  136.9 is:    10.5 m/s. Update Pressure Flag to be questionable.
Super adiabatic lapse rate between pressure  991.3 and  990.2 is   -20.00 deg C/km.
Super adiabatic lapse rate between pressure  976.8 and  975.4 is   -15.38 deg C/km.
Super adiabatic lapse rate between pressure  972.7 and  971.4 is   -16.67 deg C/km.
Super adiabatic lapse rate between pressure  916.3 and  915.0 is   -16.67 deg C/km.
Super adiabatic lapse rate between pressure  864.9 and  863.8 is   -16.67 deg C/km.
Super adiabatic lapse rate between pressure  814.7 and  813.4 is   -15.38 deg C/km.
Super adiabatic lapse rate between pressure  812.4 and  811.3 is   -33.33 deg C/km.
Super adiabatic lapse rate between pressure  811.3 and  810.1 is   -25.00 deg C/km.
Super adiabatic lapse rate between pressure  808.8 and  807.7 is   -15.38 deg C/km.
Rapid temperature increase between pressure  807.7 and  806.8 is   66.67 deg C/km.
Super adiabatic lapse rate between pressure  796.0 and  795.0 is   -36.36 deg C/km.
Super adiabatic lapse rate between pressure  794.0 and  793.1 is   -22.22 deg C/km.
Super adiabatic lapse rate between pressure  793.1 and  792.1 is   -27.27 deg C/km.
Super adiabatic lapse rate between pressure  758.6 and  757.6 is   -18.18 deg C/km.
Super adiabatic lapse rate between pressure  737.6 and  736.7 is   -40.00 deg C/km.
Super adiabatic lapse rate between pressure  731.2 and  730.3 is   -30.00 deg C/km.
Super adiabatic lapse rate between pressure  728.3 and  727.4 is   -18.18 deg C/km.
Super adiabatic lapse rate between pressure  726.2 and  725.2 is   -33.33 deg C/km.
Super adiabatic lapse rate between pressure  723.3 and  722.2 is   -30.77 deg C/km.
Super adiabatic lapse rate between pressure  695.5 and  694.0 is   -55.56 deg C/km.
Super adiabatic lapse rate between pressure  684.8 and  683.9 is   -80.00 deg C/km.
Super adiabatic lapse rate between pressure  683.9 and  683.0 is   -63.64 deg C/km.
Super adiabatic lapse rate between pressure  683.0 and  682.2 is   -18.18 deg C/km.
Super adiabatic lapse rate between pressure  681.2 and  680.2 is   -15.38 deg C/km.
Super adiabatic lapse rate between pressure  655.2 and  654.3 is   -16.67 deg C/km.
Super adiabatic lapse rate between pressure  650.5 and  649.6 is   -16.67 deg C/km.
Super adiabatic lapse rate between pressure  603.6 and  602.9 is   -22.22 deg C/km.
Super adiabatic lapse rate between pressure  594.9 and  594.0 is   -18.18 deg C/km.
Super adiabatic lapse rate between pressure  577.6 and  576.8 is   -16.67 deg C/km.
Super adiabatic lapse rate between pressure  564.7 and  563.9 is   -16.67 deg C/km.
Super adiabatic lapse rate between pressure  562.3 and  561.5 is   -18.18 deg C/km.
Super adiabatic lapse rate between pressure  558.4 and  557.6 is   -18.18 deg C/km.
Super adiabatic lapse rate between pressure  556.8 and  556.0 is   -27.27 deg C/km.
Super adiabatic lapse rate between pressure  556.0 and  555.3 is   -20.00 deg C/km.
Super adiabatic lapse rate between pressure  555.3 and  554.6 is   -40.00 deg C/km.
Super adiabatic lapse rate between pressure  554.6 and  553.8 is   -33.33 deg C/km.
Super adiabatic lapse rate between pressure  553.0 and  552.6 is   -33.33 deg C/km.
Super adiabatic lapse rate between pressure  551.6 and  550.7 is   -16.67 deg C/km.
Super adiabatic lapse rate between pressure  548.7 and  548.0 is   -20.00 deg C/km.
Super adiabatic lapse rate between pressure  533.1 and  532.2 is   -25.00 deg C/km.
Super adiabatic lapse rate between pressure  527.5 and  526.7 is   -16.67 deg C/km.
Super adiabatic lapse rate between pressure  482.9 and  482.6 is   -40.00 deg C/km.
Super adiabatic lapse rate between pressure  482.6 and  482.0 is   -44.44 deg C/km.
Super adiabatic lapse rate between pressure  482.0 and  481.4 is   -40.00 deg C/km.
Super adiabatic lapse rate between pressure  481.4 and  480.7 is   -27.27 deg C/km.
Super adiabatic lapse rate between pressure  469.7 and  469.0 is   -16.67 deg C/km.
Rapid Ascendrate change between pressure:  445.8 and  444.9 is:   -3.0 m/s
Rapid Ascendrate change between pressure:  434.9 and  434.0 is:   -3.5 m/s
Rapid Ascendrate change between pressure:  407.5 and  407.3 is:    3.0 m/s
Rapid Ascendrate change between pressure:  390.3 and  389.5 is:   -3.0 m/s
Rapid Ascendrate change between pressure:  384.2 and  383.4 is:   -3.0 m/s
Super adiabatic lapse rate between pressure  383.4 and  382.8 is   -16.67 deg C/km.
Rapid Ascendrate change between pressure:  372.5 and  372.0 is:    3.0 m/s
Super adiabatic lapse rate between pressure  350.8 and  350.2 is   -16.67 deg C/km.
Rapid Ascendrate change between pressure:  343.9 and  343.2 is:   -3.5 m/s
Super adiabatic lapse rate between pressure  340.8 and  340.2 is   -15.38 deg C/km.
Rapid Ascendrate change between pressure:  337.3 and  336.6 is:   -3.5 m/s
Super adiabatic lapse rate between pressure  332.1 and  331.5 is   -15.38 deg C/km.
Rapid Ascendrate change between pressure:  330.7 and  330.2 is:    3.0 m/s
Super adiabatic lapse rate between pressure  323.3 and  322.8 is   -16.67 deg C/km.
Super adiabatic lapse rate between pressure  310.7 and  310.2 is   -16.67 deg C/km.
Rapid Ascendrate change between pressure:  298.0 and  297.3 is:   -4.0 m/s
Rapid Ascendrate change between pressure:  287.9 and  287.5 is:    3.0 m/s
Super adiabatic lapse rate between pressure  287.5 and  287.0 is   -16.67 deg C/km.
Rapid Ascendrate change between pressure:  285.2 and  284.8 is:    3.5 m/s
Rapid Ascendrate change between pressure:  275.7 and  275.1 is:   -3.0 m/s
Rapid Ascendrate change between pressure:  268.9 and  268.5 is:    3.5 m/s
Super adiabatic lapse rate between pressure  264.4 and  263.9 is   -15.38 deg C/km.
Super adiabatic lapse rate between pressure  258.7 and  258.2 is   -15.38 deg C/km.
Super adiabatic lapse rate between pressure  253.8 and  253.4 is   -16.67 deg C/km.
Rapid Ascendrate change between pressure:  253.0 and  252.4 is:   -3.0 m/s
Rapid Ascendrate change between pressure:  252.4 and  252.1 is:    3.0 m/s
Super adiabatic lapse rate between pressure  247.8 and  247.3 is   -15.38 deg C/km.
Super adiabatic lapse rate between pressure  244.3 and  243.9 is   -18.18 deg C/km.
Super adiabatic lapse rate between pressure  242.4 and  242.0 is   -18.18 deg C/km.
Rapid Ascendrate change between pressure:  230.8 and  230.4 is:    3.0 m/s
Super adiabatic lapse rate between pressure  228.2 and  227.8 is   -16.67 deg C/km.
Super adiabatic lapse rate between pressure  225.3 and  224.8 is   -15.38 deg C/km.
Rapid Ascendrate change between pressure:  219.0 and  218.7 is:    3.0 m/s
Super adiabatic lapse rate between pressure  219.0 and  218.7 is   -22.22 deg C/km.
Super adiabatic lapse rate between pressure  213.3 and  212.9 is   -16.67 deg C/km.
Rapid Ascendrate change between pressure:  207.2 and  206.8 is:    5.0 m/s
Super adiabatic lapse rate between pressure  207.2 and  206.8 is   -18.18 deg C/km.
Rapid Ascendrate change between pressure:  203.0 and  202.3 is:   -3.0 m/s
Rapid Ascendrate change between pressure:  202.3 and  202.0 is:    5.5 m/s
Rapid Ascendrate change between pressure:  202.0 and  201.4 is:   -4.5 m/s
Rapid Ascendrate change between pressure:  196.1 and  195.8 is:    3.5 m/s
Super adiabatic lapse rate between pressure  196.1 and  195.8 is   -18.18 deg C/km.
Rapid Ascendrate change between pressure:  193.8 and  193.4 is:    4.0 m/s
Super adiabatic lapse rate between pressure  193.4 and  193.1 is   -20.00 deg C/km.
Rapid Ascendrate change between pressure:  193.1 and  192.5 is:   -4.0 m/s
Rapid Ascendrate change between pressure:  188.9 and  188.6 is:    5.0 m/s
Rapid Ascendrate change between pressure:  188.6 and  188.2 is:   -4.0 m/s
Rapid Ascendrate change between pressure:  187.7 and  187.4 is:    3.0 m/s
Super adiabatic lapse rate between pressure  186.6 and  186.2 is   -18.18 deg C/km.
Rapid Ascendrate change between pressure:  185.5 and  185.0 is:   -4.0 m/s
Rapid Ascendrate change between pressure:  183.8 and  183.2 is:   -3.0 m/s
Rapid Ascendrate change between pressure:  183.2 and  182.8 is:    3.0 m/s
Rapid Ascendrate change between pressure:  178.2 and  177.7 is:   -3.5 m/s
Rapid Ascendrate change between pressure:  177.2 and  176.9 is:    4.0 m/s
Rapid Ascendrate change between pressure:  176.5 and  176.0 is:   -4.0 m/s
Rapid Ascendrate change between pressure:  176.0 and  175.5 is:    3.0 m/s
Super adiabatic lapse rate between pressure  175.5 and  175.2 is   -18.18 deg C/km.
Rapid Ascendrate change between pressure:  174.2 and  173.7 is:   -3.0 m/s
Rapid Ascendrate change between pressure:  173.7 and  173.4 is:    4.5 m/s
Super adiabatic lapse rate between pressure  173.7 and  173.4 is   -20.00 deg C/km.
Rapid Ascendrate change between pressure:  173.4 and  172.9 is:   -3.0 m/s
Super adiabatic lapse rate between pressure  172.5 and  172.1 is   -15.38 deg C/km.
Rapid Ascendrate change between pressure:  171.8 and  171.2 is:   -3.0 m/s
Super adiabatic lapse rate between pressure  170.8 and  170.5 is   -23.08 deg C/km.
Super adiabatic lapse rate between pressure  168.1 and  167.7 is   -15.38 deg C/km.
Super adiabatic lapse rate between pressure  164.5 and  164.2 is   -18.18 deg C/km.
Rapid Ascendrate change between pressure:  163.9 and  163.4 is:   -3.0 m/s
Rapid Ascendrate change between pressure:  162.6 and  162.0 is:   -4.0 m/s
Rapid Ascendrate change between pressure:  162.0 and  161.7 is:    5.5 m/s
Rapid Ascendrate change between pressure:  161.4 and  161.0 is:   -3.0 m/s
Super adiabatic lapse rate between pressure  161.0 and  160.7 is   -16.67 deg C/km.
Rapid Ascendrate change between pressure:  158.9 and  158.4 is:   -5.0 m/s
Rapid Ascendrate change between pressure:  158.4 and  158.1 is:    3.0 m/s
Super adiabatic lapse rate between pressure  158.1 and  157.8 is   -27.27 deg C/km.
Rapid Ascendrate change between pressure:  157.0 and  156.7 is:    3.0 m/s
Rapid Ascendrate change between pressure:  156.5 and  156.0 is:   -4.5 m/s
Rapid Ascendrate change between pressure:  155.7 and  155.5 is:    3.0 m/s
Super adiabatic lapse rate between pressure  155.7 and  155.5 is   -28.57 deg C/km.
Super adiabatic lapse rate between pressure  154.5 and  154.2 is   -16.67 deg C/km.
Super adiabatic lapse rate between pressure  153.8 and  153.5 is   -25.00 deg C/km.
Super adiabatic lapse rate between pressure  152.9 and  152.6 is   -27.27 deg C/km.
Rapid Ascendrate change between pressure:  152.4 and  152.0 is:   -3.0 m/s
Rapid Ascendrate change between pressure:  152.0 and  151.9 is:    4.0 m/s
Super adiabatic lapse rate between pressure  151.3 and  151.0 is   -20.00 deg C/km.
Rapid Ascendrate change between pressure:  150.1 and  150.0 is:    3.0 m/s
Rapid Ascendrate change between pressure:  150.0 and  149.7 is:   -7.0 m/s
Rapid Ascendrate change between pressure:  149.7 and  149.4 is:    3.5 m/s
Rapid Ascendrate change between pressure:  146.6 and  146.4 is:    3.5 m/s
Super adiabatic lapse rate between pressure  146.6 and  146.4 is   -33.33 deg C/km.
Rapid Ascendrate change between pressure:  146.3 and  146.0 is:   -3.0 m/s
Super adiabatic lapse rate between pressure  145.3 and  145.1 is   -18.18 deg C/km.
Rapid Ascendrate change between pressure:  144.6 and  144.2 is:   -3.5 m/s
Rapid Ascendrate change between pressure:  143.2 and  142.9 is:    6.0 m/s
Rapid Ascendrate change between pressure:  142.6 and  142.1 is:   -4.5 m/s
Rapid Ascendrate change between pressure:  142.1 and  141.9 is:    4.0 m/s
Rapid Ascendrate change between pressure:  141.3 and  141.1 is:    3.0 m/s
Super adiabatic lapse rate between pressure  141.1 and  140.8 is   -16.67 deg C/km.
Rapid Ascendrate change between pressure:  137.3 and  136.9 is:   -4.5 m/s
Rapid Ascendrate change between pressure:  136.9 and  136.5 is:    3.0 m/s
Rapid Ascendrate change between pressure:  135.9 and  135.5 is:   -3.0 m/s
Rapid Ascendrate change between pressure:  135.2 and  135.0 is:    3.5 m/s
Rapid Ascendrate change between pressure:  135.0 and  134.5 is:   -5.5 m/s
Rapid Ascendrate change between pressure:  134.5 and  134.2 is:    3.0 m/s
Rapid Ascendrate change between pressure:  131.2 and  130.8 is:   -3.0 m/s
Rapid Ascendrate change between pressure:  130.4 and  130.2 is:    5.0 m/s
Super adiabatic lapse rate between pressure  128.7 and  128.5 is   -15.38 deg C/km.
Super adiabatic lapse rate between pressure  128.0 and  127.7 is   -15.38 deg C/km.
Rapid Ascendrate change between pressure:  125.8 and  125.5 is:   -3.0 m/s
Super adiabatic lapse rate between pressure  125.0 and  124.6 is   -17.65 deg C/km.
Rapid Ascendrate change between pressure:  123.9 and  123.6 is:    4.0 m/s
Super adiabatic lapse rate between pressure  123.0 and  122.7 is   -20.00 deg C/km.
Super adiabatic lapse rate between pressure  122.7 and  122.5 is   -16.67 deg C/km.
Super adiabatic lapse rate between pressure  121.6 and  121.4 is   -27.27 deg C/km.
Super adiabatic lapse rate between pressure  120.6 and  120.3 is   -15.38 deg C/km.
Super adiabatic lapse rate between pressure  119.6 and  119.4 is   -20.00 deg C/km.
Super adiabatic lapse rate between pressure  118.4 and  118.2 is   -18.18 deg C/km.
Super adiabatic lapse rate between pressure  117.1 and  116.8 is   -15.38 deg C/km.
Rapid Ascendrate change between pressure:  116.5 and  116.3 is:    3.5 m/s
Super adiabatic lapse rate between pressure  116.1 and  115.9 is   -16.67 deg C/km.
Super adiabatic lapse rate between pressure  111.4 and  111.2 is   -18.18 deg C/km.
Super adiabatic lapse rate between pressure  108.7 and  108.5 is   -20.00 deg C/km.
Super adiabatic lapse rate between pressure  105.5 and  105.3 is   -30.00 deg C/km.
Super adiabatic lapse rate between pressure  104.7 and  104.5 is   -18.18 deg C/km.
Super adiabatic lapse rate between pressure  103.5 and  103.3 is   -30.00 deg C/km.
Super adiabatic lapse rate between pressure   98.8 and   98.6 is   -27.27 deg C/km.
Super adiabatic lapse rate between pressure   98.4 and   98.2 is   -18.18 deg C/km.
Super adiabatic lapse rate between pressure   97.8 and   97.6 is   -25.00 deg C/km.
Super adiabatic lapse rate between pressure   97.3 and   97.1 is   -21.43 deg C/km.
Super adiabatic lapse rate between pressure   97.1 and   96.8 is   -15.38 deg C/km.
Super adiabatic lapse rate between pressure   96.4 and   96.2 is   -23.08 deg C/km.
Super adiabatic lapse rate between pressure   95.8 and   95.6 is   -25.00 deg C/km.
Super adiabatic lapse rate between pressure   91.1 and   90.9 is   -23.08 deg C/km.
Super adiabatic lapse rate between pressure   90.6 and   90.4 is   -27.27 deg C/km.
Super adiabatic lapse rate between pressure   89.8 and   89.7 is   -22.22 deg C/km.
Super adiabatic lapse rate between pressure   88.8 and   88.6 is   -20.00 deg C/km.
Super adiabatic lapse rate between pressure   88.1 and   87.9 is   -18.18 deg C/km.
Super adiabatic lapse rate between pressure   87.6 and   87.4 is   -27.27 deg C/km.
Super adiabatic lapse rate between pressure   87.4 and   87.2 is   -16.67 deg C/km.
Super adiabatic lapse rate between pressure   86.3 and   86.1 is   -16.67 deg C/km.
Super adiabatic lapse rate between pressure   85.6 and   85.5 is   -20.00 deg C/km.
Super adiabatic lapse rate between pressure   85.3 and   85.1 is   -20.00 deg C/km.
Super adiabatic lapse rate between pressure   84.7 and   84.5 is   -20.00 deg C/km.
Super adiabatic lapse rate between pressure   84.1 and   83.9 is   -27.27 deg C/km.
Super adiabatic lapse rate between pressure   83.2 and   83.1 is   -22.22 deg C/km.
Super adiabatic lapse rate between pressure   81.7 and   81.6 is   -30.00 deg C/km.
Super adiabatic lapse rate between pressure   81.3 and   81.1 is   -18.18 deg C/km.
Super adiabatic lapse rate between pressure   79.4 and   79.3 is   -15.38 deg C/km.
Super adiabatic lapse rate between pressure   78.7 and   78.5 is   -20.00 deg C/km.
Super adiabatic lapse rate between pressure   77.9 and   77.8 is   -20.00 deg C/km.
Super adiabatic lapse rate between pressure   73.2 and   73.0 is   -16.67 deg C/km.
Rapid Ascendrate change between pressure:   70.3 and   70.1 is:    3.5 m/s
Super adiabatic lapse rate between pressure   70.1 and   70.0 is   -15.38 deg C/km.
Super adiabatic lapse rate between pressure   68.9 and   68.8 is   -20.00 deg C/km.
Super adiabatic lapse rate between pressure   66.8 and   66.7 is   -18.18 deg C/km.
Super adiabatic lapse rate between pressure   66.2 and   66.1 is   -27.27 deg C/km.
Super adiabatic lapse rate between pressure   65.1 and   64.9 is   -30.00 deg C/km.
Super adiabatic lapse rate between pressure   64.2 and   64.0 is   -18.18 deg C/km.
Super adiabatic lapse rate between pressure   63.6 and   63.5 is   -30.00 deg C/km.
Super adiabatic lapse rate between pressure   63.3 and   63.2 is   -20.00 deg C/km.
Super adiabatic lapse rate between pressure   60.2 and   60.1 is   -16.67 deg C/km.
Super adiabatic lapse rate between pressure   58.7 and   58.6 is   -16.67 deg C/km.
Super adiabatic lapse rate between pressure   55.1 and   55.0 is   -15.38 deg C/km.
Super adiabatic lapse rate between pressure   54.4 and   54.3 is   -15.38 deg C/km.
Super adiabatic lapse rate between pressure   52.1 and   52.0 is   -18.18 deg C/km.
Super adiabatic lapse rate between pressure   38.0 and   37.9 is   -22.22 deg C/km.
Super adiabatic lapse rate between pressure   36.1 and   36.0 is   -23.08 deg C/km.
Super adiabatic lapse rate between pressure   35.8 and   35.8 is   -16.67 deg C/km.
Super adiabatic lapse rate between pressure   33.4 and   33.3 is   -21.43 deg C/km.
Rapid Ascendrate change between pressure:   30.0 and   30.0 is:    3.5 m/s
Rapid Ascendrate change between pressure:   30.0 and   30.0 is:   -5.0 m/s
Rapid Ascendrate change between pressure:   28.3 and   28.3 is:    3.5 m/s
Rapid Ascendrate change between pressure:   28.3 and   28.2 is:   -3.0 m/s
Rapid Ascendrate change between pressure:   24.1 and   24.0 is:   -3.0 m/s
Rapid Ascendrate change between pressure:   24.0 and   24.0 is:    3.0 m/s
Rapid Ascendrate change between pressure:   22.8 and   22.7 is:   -3.0 m/s
Rapid Ascendrate change between pressure:   19.6 and   19.6 is:   -3.5 m/s
Rapid Ascendrate change between pressure:   17.1 and   17.1 is:   -3.0 m/s
Rapid Ascendrate change between pressure:   17.1 and   17.0 is:    3.5 m/s
Rapid Ascendrate change between pressure:   15.8 and   15.7 is:    3.0 m/s
