name: alt
name: base_time
name: inst_up_long_hemisp_case_temp
name: inst_up_long_hemisp_dome_temp
name: inst_up_long_hemisp_tp
name: lat
name: logger_temp
name: lon
name: qc_sfc_ir_temp
name: qc_sfc_ir_temp_max
name: qc_sfc_ir_temp_min
name: qc_time
name: qc_up_long_hemisp
name: qc_up_long_hemisp_max
name: qc_up_long_hemisp_min
name: qc_up_short_hemisp
name: qc_up_short_hemisp_max
name: qc_up_short_hemisp_min
name: sfc_ir_temp
name: sfc_ir_temp_max
name: sfc_ir_temp_min
name: sfc_ir_temp_std
name: time
name: time_offset
name: up_long_hemisp
name: up_long_hemisp_max
name: up_long_hemisp_min
name: up_long_hemisp_std
name: up_short_hemisp
name: up_short_hemisp_max
name: up_short_hemisp_min
name: up_short_hemisp_std
name: vBatt
