name: 10m_num_sec_avg
name: 20m_num_sec_avg
name: 2m_num_sec_avg
name: 40m_num_sec_avg
name: AtmPress
name: AvgVis10m
name: AvgVis1mi
name: Batt_Volt
name: CMHDP
name: CMHRH
name: CMHTemp
name: CumH2O
name: CumSnow
name: DP10M_AVG
name: DP10M_STD
name: DP20M_AVG
name: DP20M_STD
name: DP2M_AVG
name: DP2M_STD
name: DP40M_AVG
name: DP40M_STD
name: InstPwCod
name: PWSAlarm
name: PcpRate
name: PwCod15mi
name: PwCod1hr
name: RH10M_AVG
name: RH10M_STD
name: RH20M_AVG
name: RH20M_STD
name: RH2M_AVG
name: RH2M_STD
name: RH40M_AVG
name: RH40M_STD
name: RefT10m_AVG
name: RefT20M_AVG
name: RefT2M_AVG
name: RefT40M_AVG
name: SatVPCMH
name: SonicS_AVG
name: SonicWD_DU_WVT
name: SonicWD_SDU_WVT
name: SonicWS_S_WVT
name: SonicWS_U_WVT
name: SonicX_AVG
name: SonicY_AVG
name: T10M_AVG
name: T10M_STD
name: T20M_AVG
name: T20M_STD
name: T2M_AVG
name: T2M_STD
name: T40M_AVG
name: T40M_STD
name: VP10M_AVG
name: VP10M_STD
name: VP20M_AVG
name: VP20M_STD
name: VP2M_AVG
name: VP2M_STD
name: VP40M_AVG
name: VP40M_STD
name: VPCMH
name: Volt10M_AVG
name: Volt20M_AVG
name: Volt2M_AVG
name: Volt40M_AVG
name: WD10M_DU_WVT
name: WD10M_SDU_WVT
name: WD20M_DU_WVT
name: WD20M_SDU_WVT
name: WD2M_DU_WVT
name: WD2M_SDU_WVT
name: WD40M_DU_WVT
name: WD40M_SDU_WVT
name: WS10M_S_WVT
name: WS10M_U_WVT
name: WS20M_S_WVT
name: WS20M_U_WVT
name: WS2M_S_WVT
name: WS2M_U_WVT
name: WS40M_S_WVT
name: WS40M_U_WVT
name: alt
name: base_time
name: lat
name: lon
name: qc_AtmPress
name: qc_AvgVis10m
name: qc_AvgVis1mi
name: qc_CMHDP
name: qc_CMHRH
name: qc_CMHTemp
name: qc_CumH2O
name: qc_CumSnow
name: qc_DP10M_AVG
name: qc_DP20M_AVG
name: qc_DP2M_AVG
name: qc_DP40M_AVG
name: qc_InstPwCod
name: qc_PcpRate
name: qc_PwCod15mi
name: qc_PwCod1hr
name: qc_RH10M_AVG
name: qc_RH20M_AVG
name: qc_RH2M_AVG
name: qc_RH40M_AVG
name: qc_SatVPCMH
name: qc_SonicWD_DU_WVT
name: qc_SonicWS_S_WVT
name: qc_SonicWS_U_WVT
name: qc_T10M_AVG
name: qc_T20M_AVG
name: qc_T2M_AVG
name: qc_T40M_AVG
name: qc_VP10M_AVG
name: qc_VP20M_AVG
name: qc_VP2M_AVG
name: qc_VP40M_AVG
name: qc_VPCMH
name: qc_WD10M_DU_WVT
name: qc_WD20M_DU_WVT
name: qc_WD2M_DU_WVT
name: qc_WD40M_DU_WVT
name: qc_WS10M_S_WVT
name: qc_WS10M_U_WVT
name: qc_WS20M_S_WVT
name: qc_WS20M_U_WVT
name: qc_WS2M_S_WVT
name: qc_WS2M_U_WVT
name: qc_WS40M_S_WVT
name: qc_WS40M_U_WVT
name: qc_time
name: time
name: time_offset
