name: alt
name: base_time
name: down_long_hemisp1
name: down_long_hemisp1_max
name: down_long_hemisp1_min
name: down_long_hemisp1_std
name: down_long_hemisp2
name: down_long_hemisp2_max
name: down_long_hemisp2_min
name: down_long_hemisp2_std
name: down_short_diffuse_hemisp
name: down_short_diffuse_hemisp_max
name: down_short_diffuse_hemisp_min
name: down_short_diffuse_hemisp_std
name: down_short_hemisp
name: down_short_hemisp_max
name: down_short_hemisp_min
name: down_short_hemisp_std
name: inst_down_long_hemisp1_case_temp
name: inst_down_long_hemisp1_dome_temp
name: inst_down_long_hemisp1_tp
name: inst_down_long_hemisp2_case_temp
name: inst_down_long_hemisp2_dome_temp
name: inst_down_long_hemisp2_tp
name: lat
name: logger_temp
name: lon
name: qc_down_long_hemisp1
name: qc_down_long_hemisp1_max
name: qc_down_long_hemisp1_min
name: qc_down_long_hemisp2
name: qc_down_long_hemisp2_max
name: qc_down_long_hemisp2_min
name: qc_down_short_diffuse_hemisp
name: qc_down_short_diffuse_hemisp_max
name: qc_down_short_diffuse_hemisp_min
name: qc_down_short_hemisp
name: qc_down_short_hemisp_max
name: qc_down_short_hemisp_min
name: qc_short_direct_normal
name: qc_short_direct_normal_max
name: qc_short_direct_normal_min
name: qc_sky_ir_temp
name: qc_sky_ir_temp_max
name: qc_sky_ir_temp_min
name: qc_time
name: short_direct_normal
name: short_direct_normal_max
name: short_direct_normal_min
name: short_direct_normal_std
name: sky_ir_temp
name: sky_ir_temp_max
name: sky_ir_temp_min
name: sky_ir_temp_std
name: time
name: time_offset
name: vBatt
