Determining if the funopen exist failed with the following output:
Change Dir: /opt/local/bufr/build/CMakeFiles/CMakeTmp

Run Build Command(s):/bin/gmake cmTC_19202/fast && /bin/gmake -f CMakeFiles/cmTC_19202.dir/build.make CMakeFiles/cmTC_19202.dir/build
gmake[1]: Entering directory `/net/opt_lnx/local_el7_64/bufr/build/CMakeFiles/CMakeTmp'
Building C object CMakeFiles/cmTC_19202.dir/CheckSymbolExists.c.o
/bin/cc   -pipe  -fPIE   -o CMakeFiles/cmTC_19202.dir/CheckSymbolExists.c.o   -c /opt/local/bufr/build/CMakeFiles/CMakeTmp/CheckSymbolExists.c
/opt/local/bufr/build/CMakeFiles/CMakeTmp/CheckSymbolExists.c: In function 'main':
/opt/local/bufr/build/CMakeFiles/CMakeTmp/CheckSymbolExists.c:8:19: error: 'funopen' undeclared (first use in this function)
   return ((int*)(&funopen))[argc];
                   ^
/opt/local/bufr/build/CMakeFiles/CMakeTmp/CheckSymbolExists.c:8:19: note: each undeclared identifier is reported only once for each function it appears in
gmake[1]: *** [CMakeFiles/cmTC_19202.dir/CheckSymbolExists.c.o] Error 1
gmake[1]: Leaving directory `/net/opt_lnx/local_el7_64/bufr/build/CMakeFiles/CMakeTmp'
gmake: *** [cmTC_19202/fast] Error 2


File /opt/local/bufr/build/CMakeFiles/CMakeTmp/CheckSymbolExists.c:
/* */
#include <stdio.h>

int main(int argc, char** argv)
{
  (void)argv;
#ifndef funopen
  return ((int*)(&funopen))[argc];
#else
  (void)argc;
  return 0;
#endif
}

Performing C SOURCE FILE Test IEEE_BE failed with the following compile output:
Change Dir: /opt/local/bufr/build/CMakeFiles/CMakeTmp

Run Build Command(s):/bin/gmake cmTC_17b32/fast && /bin/gmake -f CMakeFiles/cmTC_17b32.dir/build.make CMakeFiles/cmTC_17b32.dir/build
gmake[1]: Entering directory `/net/opt_lnx/local_el7_64/bufr/build/CMakeFiles/CMakeTmp'
Building C object CMakeFiles/cmTC_17b32.dir/src.c.o
/bin/cc   -pipe -DIEEE_BE -fPIE   -o CMakeFiles/cmTC_17b32.dir/src.c.o   -c /opt/local/bufr/build/CMakeFiles/CMakeTmp/src.c
Linking C executable cmTC_17b32
/opt/local/cmake-3.15.7-Linux-x86_64/bin/cmake -E cmake_link_script CMakeFiles/cmTC_17b32.dir/link.txt --verbose=1
/bin/cc  -pipe -DIEEE_BE      -Wl,--disable-new-dtags    -Wl,--allow-shlib-undefined  CMakeFiles/cmTC_17b32.dir/src.c.o  -o cmTC_17b32 
gmake[1]: Leaving directory `/net/opt_lnx/local_el7_64/bufr/build/CMakeFiles/CMakeTmp'


...and run output:

Return value: 1
Source file was:
int compare(unsigned char* a,unsigned char* b) {
         while(*a != 0) if (*(b++)!=*(a++)) return 1;
         return 0;
       }
       int main(int argc,char** argv) {
         unsigned char dc[]={0x30,0x61,0xDE,0x80,0x93,0x67,0xCC,0xD9,0};
         double da=1.23456789e-75;
         unsigned char* ca;

         unsigned char fc[]={0x05,0x83,0x48,0x22,0};
         float fa=1.23456789e-35;

         if (sizeof(double)!=8) return 1;

         ca=(unsigned char*)&da;
         if (compare(dc,ca)) return 1;

         if (sizeof(float)!=4) return 1;

         ca=(unsigned char*)&fa;
         if (compare(fc,ca)) return 1;

         return 0;
       }
Performing C SOURCE FILE Test CMAKE_HAVE_LIBC_PTHREAD failed with the following output:
Change Dir: /opt/local/bufr/build/CMakeFiles/CMakeTmp

Run Build Command(s):/bin/gmake cmTC_760b4/fast && /bin/gmake -f CMakeFiles/cmTC_760b4.dir/build.make CMakeFiles/cmTC_760b4.dir/build
gmake[1]: Entering directory `/net/opt_lnx/local_el7_64/bufr/build/CMakeFiles/CMakeTmp'
Building C object CMakeFiles/cmTC_760b4.dir/src.c.o
/bin/cc   -pipe -DCMAKE_HAVE_LIBC_PTHREAD -fPIE   -o CMakeFiles/cmTC_760b4.dir/src.c.o   -c /opt/local/bufr/build/CMakeFiles/CMakeTmp/src.c
Linking C executable cmTC_760b4
/opt/local/cmake-3.15.7-Linux-x86_64/bin/cmake -E cmake_link_script CMakeFiles/cmTC_760b4.dir/link.txt --verbose=1
/bin/cc  -pipe -DCMAKE_HAVE_LIBC_PTHREAD      -Wl,--disable-new-dtags    -Wl,--allow-shlib-undefined  CMakeFiles/cmTC_760b4.dir/src.c.o  -o cmTC_760b4 
CMakeFiles/cmTC_760b4.dir/src.c.o: In function `main':
src.c:(.text+0x2f): undefined reference to `pthread_create'
src.c:(.text+0x3b): undefined reference to `pthread_detach'
src.c:(.text+0x4c): undefined reference to `pthread_join'
src.c:(.text+0x60): undefined reference to `pthread_atfork'
collect2: error: ld returned 1 exit status
gmake[1]: *** [cmTC_760b4] Error 1
gmake[1]: Leaving directory `/net/opt_lnx/local_el7_64/bufr/build/CMakeFiles/CMakeTmp'
gmake: *** [cmTC_760b4/fast] Error 2


Source file was:
#include <pthread.h>

void* test_func(void* data)
{
  return data;
}

int main(void)
{
  pthread_t thread;
  pthread_create(&thread, NULL, test_func, NULL);
  pthread_detach(thread);
  pthread_join(thread, NULL);
  pthread_atfork(NULL, NULL, NULL);
  pthread_exit(NULL);

  return 0;
}

Determining if the function pthread_create exists in the pthreads failed with the following output:
Change Dir: /opt/local/bufr/build/CMakeFiles/CMakeTmp

Run Build Command(s):/bin/gmake cmTC_20fc1/fast && /bin/gmake -f CMakeFiles/cmTC_20fc1.dir/build.make CMakeFiles/cmTC_20fc1.dir/build
gmake[1]: Entering directory `/net/opt_lnx/local_el7_64/bufr/build/CMakeFiles/CMakeTmp'
Building C object CMakeFiles/cmTC_20fc1.dir/CheckFunctionExists.c.o
/bin/cc   -pipe -DCHECK_FUNCTION_EXISTS=pthread_create -fPIE   -o CMakeFiles/cmTC_20fc1.dir/CheckFunctionExists.c.o   -c /opt/local/cmake-3.15.7-Linux-x86_64/share/cmake-3.15/Modules/CheckFunctionExists.c
Linking C executable cmTC_20fc1
/opt/local/cmake-3.15.7-Linux-x86_64/bin/cmake -E cmake_link_script CMakeFiles/cmTC_20fc1.dir/link.txt --verbose=1
/bin/cc  -pipe -DCHECK_FUNCTION_EXISTS=pthread_create      -Wl,--disable-new-dtags    -Wl,--allow-shlib-undefined  CMakeFiles/cmTC_20fc1.dir/CheckFunctionExists.c.o  -o cmTC_20fc1 -lpthreads 
/bin/ld: cannot find -lpthreads
collect2: error: ld returned 1 exit status
gmake[1]: *** [cmTC_20fc1] Error 1
gmake[1]: Leaving directory `/net/opt_lnx/local_el7_64/bufr/build/CMakeFiles/CMakeTmp'
gmake: *** [cmTC_20fc1/fast] Error 2



