First # = number of Feb files; 
Second # = number of Mar files (whole month); 
Third number = number of that stn's files (both months) in rrs_raw_data area.
-------------------------------------------
-------------------------------------------

X392
434
826

392
434
X826

X392
441
833

X413
434
847

X427
441
868

X399
441
840

X399
434
833

X427
455
882

X406
434
840

x392
434
826

x399
434
833

x392
427
819

x392
434
826

X392
434
826

X392
441
833

X392
434
826

X392
434
826

X392
441
833

X371
427
798

X399
441
840

x392
434
826

X392
434
826

DONE - 22 stns checked

Totals Meta files:: 2619
Totals PTU files:: 5238
Total All file types:: 18333
