***************
nsamettwr4hC1.b1.20080324.000000.cdf
***************
name: 10m_num_sec_avg
units: "seconds" ;
description: "Averaging Seconds (10m)" ;
***************
name: 20m_num_sec_avg
units: "seconds" ;
description: "Averaging Seconds (20m)" ;
***************
name: 2m_num_sec_avg
units: "seconds" ;
description: "Averaging Seconds (2m)" ;
***************
name: 40m_num_sec_avg
units: "seconds" ;
description: "Averaging Seconds (40m)" ;
***************
name: AtmPress
units: "kPa" ;
description: "Atmospheric Pressure" ;
***************
name: AvgVis10m
units: "m" ;
description: "10 minute Average Visibility" ;
***************
name: AvgVis1mi
units: "m" ;
description: "1 minute Average Visibility" ;
***************
name: Batt_Volt
units: "V" ;
description: "Datalogger Battery Voltage" ;
***************
name: CMHDP
units: "C" ;
description: "Chilled Mirror Dew Point" ;
***************
name: CMHRH
units: "%" ;
description: "Chilled Mirror Calculated Relative Humidity" ;
***************
name: CMHTemp
units: "C" ;
description: "Chilled Mirror Temperature" ;
***************
name: CumH2O
units: "mm" ;
description: "Cumulative Water Sum" ;
***************
name: CumSnow
units: "mm" ;
description: "Cumulative Snow Sum" ;
***************
name: DP10M_AVG
units: "C" ;
description: "10m Average Calculated Dew Point" ;
***************
name: DP10M_STD
units: "C" ;
description: "Standard Deviation of 10m Calculated Dew Point" ;
***************
name: DP20M_AVG
units: "C" ;
description: "20m Average Calculated Dew Point" ;
***************
name: DP20M_STD
units: "C" ;
description: "Standard Deviation of 20m Calculated Dew Point" ;
***************
name: DP2M_AVG
units: "C" ;
description: "2m Average Calculated Dew Point" ;
***************
name: DP2M_STD
units: "C" ;
description: "Standard Deviation of 2m Calculated Dew Point" ;
***************
name: DP40M_AVG
units: "C" ;
description: "40m Average Calculated Dew Point" ;
***************
name: DP40M_STD
units: "C" ;
description: "Standard Deviation of 40m Calculated Dew Point" ;
***************
name: InstPwCod
units: "unitless" ;
description: "Instant Present Weather Code" ;
***************
name: PWSAlarm
units: "unitless" ;
description: "Present Weather Sensor Alarm" ;
***************
name: PcpRate
units: "mm/hr" ;
description: "Precipitation Rate" ;
***************
name: PwCod15mi
units: "unitless" ;
description: "15 minute Present Weather Code" ;
***************
name: PwCod1hr
units: "unitless" ;
description: "1 hour Present Weather Code" ;
***************
name: RH10M_AVG
units: "%" ;
description: "10m Average Relative Humidity" ;
***************
name: RH10M_STD
units: "%" ;
description: "Standard Deviation of 10m Relative Humidity" ;
***************
name: RH20M_AVG
units: "%" ;
description: "20m Average Relative Humidity" ;
***************
name: RH20M_STD
units: "%" ;
description: "Standard Deviation of 20m Relative Humidity" ;
***************
name: RH2M_AVG
units: "%" ;
description: "2m Average Relative Humidity" ;
***************
name: RH2M_STD
units: "%" ;
description: "Standard Deviation of 2m Relative Humidity" ;
***************
name: RH40M_AVG
units: "%" ;
description: "40m Average Relative Humidity" ;
***************
name: RH40M_STD
units: "%" ;
description: "Standard Deviation of 40m Relative Humidity" ;
***************
name: RefT10m_AVG
units: "C" ;
description: "10m Average QLI Reference Temperature" ;
***************
name: RefT20M_AVG
units: "C" ;
description: "20m Average QLI Reference Temperature" ;
***************
name: RefT2M_AVG
units: "C" ;
description: "2m Average QLI Reference Temperature" ;
***************
name: RefT40M_AVG
units: "C" ;
description: "40m Average QLI Reference Temperature" ;
***************
name: SatVPCMH
units: "kPa" ;
description: "Chilled Mirror Calculated Saturation Vapor Pressure" ;
***************
name: SonicS_AVG
units: "m/s" ;
description: "Average Sonic Static Speed of Sound" ;
***************
name: SonicWD_DU_WVT
units: "deg" ;
description: "Sonic Vector Averaged Wind Direction" ;
***************
name: SonicWD_SDU_WVT
units: "deg" ;
description: "Standard Deviation of Sonic Vector Averaged Wind Direction" ;
***************
name: SonicWS_S_WVT
units: "m/s" ;
description: "Sonic Arithmetic Mean Wind Speed" ;
***************
name: SonicWS_U_WVT
units: "m/s" ;
description: "Sonic Vector Averaged Wind Speed" ;
***************
name: SonicX_AVG
units: "m/s" ;
description: "Average X Component of Sonic Wind Speed" ;
***************
name: SonicY_AVG
units: "m/s" ;
description: "Average Y Component of Sonic Wind Speed" ;
***************
name: T10M_AVG
units: "C" ;
description: "10m Average Temperature" ;
***************
name: T10M_STD
units: "C" ;
description: "Standard Deviation of 10m Temperature" ;
***************
name: T20M_AVG
units: "C" ;
description: "20m Average Temperature" ;
***************
name: T20M_STD
units: "C" ;
description: "Standard Deviation of 20m Temperature" ;
***************
name: T2M_AVG
units: "C" ;
description: "2m Average Temperature" ;
***************
name: T2M_STD
units: "C" ;
description: "Standard Deviation of 2m Temperature" ;
***************
name: T40M_AVG
units: "C" ;
description: "40m Average Temperature" ;
***************
name: T40M_STD
units: "C" ;
description: "Standard Deviation of 40m Temperature" ;
***************
name: VP10M_AVG
units: "kPa" ;
description: "10m Average Calculated Vapor Pressure" ;
***************
name: VP10M_STD
units: "kPa" ;
description: "Standard Deviation of 10m Calculated Vapor Pressure" ;
***************
name: VP20M_AVG
units: "kPa" ;
description: "20m Average Calculated Vapor Pressure" ;
***************
name: VP20M_STD
units: "kPa" ;
description: "Standard Deviation of 20m Calculated Vapor Pressure" ;
***************
name: VP2M_AVG
units: "kPa" ;
description: "2m Average Calculated Vapor Pressure" ;
***************
name: VP2M_STD
units: "kPa" ;
description: "Standard Deviation of 2m Calculated Vapor Pressure" ;
***************
name: VP40M_AVG
units: "kPa" ;
description: "40m Average Calculated Vapor Pressure" ;
***************
name: VP40M_STD
units: "kPa" ;
description: "Standard Deviation of 40m Calculated Vapor Pressure" ;
***************
name: VPCMH
units: "kPa" ;
description: "Chilled Mirror Calculated Vapor Pressure" ;
***************
name: Volt10M_AVG
units: "V" ;
description: "10m Average QLI Input Voltage" ;
***************
name: Volt20M_AVG
units: "V" ;
description: "20m Average QLI Input Voltage" ;
***************
name: Volt2M_AVG
units: "V" ;
description: "2m Average QLI Input Voltage" ;
***************
name: Volt40M_AVG
units: "V" ;
description: "40m Average QLI Reference Voltage" ;
***************
name: WD10M_DU_WVT
units: "deg" ;
description: "10m Vector Averaged Wind Direction" ;
***************
name: WD10M_SDU_WVT
units: "deg" ;
description: "Standard Deviation of 10m Vector Averaged Wind Direction" ;
***************
name: WD20M_DU_WVT
units: "deg" ;
description: "20m Vector Averaged Wind Direction" ;
***************
name: WD20M_SDU_WVT
units: "deg" ;
description: "Standard Deviation of 20m Vector Averaged Wind Direction" ;
***************
name: WD2M_DU_WVT
units: "deg" ;
description: "2m Vector Averaged Wind Direction" ;
***************
name: WD2M_SDU_WVT
units: "deg" ;
description: "Standard Deviation of 2m Vector Averaged Wind Direction" ;
***************
name: WD40M_DU_WVT
units: "deg" ;
description: "40m Vector Averaged Wind Direction" ;
***************
name: WD40M_SDU_WVT
units: "deg" ;
description: "Standard Deviation of 40m Vector Averaged Wind Direction" ;
***************
name: WS10M_S_WVT
units: "m/s" ;
description: "10m Arithmetic Mean Wind Speed" ;
***************
name: WS10M_U_WVT
units: "m/s" ;
description: "10m Vector Averaged Wind Speed" ;
***************
name: WS20M_S_WVT
units: "m/s" ;
description: "20m Arithmetic Mean Wind Speed" ;
***************
name: WS20M_U_WVT
units: "m/s" ;
description: "20m Vector Averaged Wind Speed" ;
***************
name: WS2M_S_WVT
units: "m/s" ;
description: "2m Arithmetic Mean Wind Speed" ;
***************
name: WS2M_U_WVT
units: "m/s" ;
description: "2m Vector Averaged Wind Speed" ;
***************
name: WS40M_S_WVT
units: "m/s" ;
description: "40m Arithmetic Mean Wind Speed" ;
***************
name: WS40M_U_WVT
units: "m/s" ;
description: "40m Vector Averaged Wind Speed" ;
***************
name: alt
units: "meters above Mean Sea Level" ;
description: "altitude" ;
***************
name: base_time
units: "seconds since 1970-1-1 0:00:00 0:00" ;
description: "Base time in Epoch" ;
***************
name: lat
units: "degrees" ;
description: "north latitude" ;
***************
name: lon
units: "degrees" ;
description: "east longitude" ;
***************
name: qc_AtmPress
units: "unitless" ;
description: "Quality check results on field: Atmospheric Pressure" ;
***************
name: qc_AvgVis10m
units: "unitless" ;
description: "Quality check results on field: 10 minute Average Visibility" ;
***************
name: qc_AvgVis1mi
units: "unitless" ;
description: "Quality check results on field: 1 minute Average Visibility" ;
***************
name: qc_CMHDP
units: "unitless" ;
description: "Quality check results on field: Chilled Mirror Dew Point" ;
***************
name: qc_CMHRH
units: "unitless" ;
description: "Quality check results on field: Chilled Mirror Calculated Relative Humidity" ;
***************
name: qc_CMHTemp
units: "unitless" ;
description: "Quality check results on field: Chilled Mirror Temperature" ;
***************
name: qc_CumH2O
units: "unitless" ;
description: "Quality check results on field: Cumulative Water Sum" ;
***************
name: qc_CumSnow
units: "unitless" ;
description: "Quality check results on field: Cumulative Snow Sum" ;
***************
name: qc_DP10M_AVG
units: "unitless" ;
description: "Quality check results on field: 10m Average Calculated Dew Point" ;
***************
name: qc_DP20M_AVG
units: "unitless" ;
description: "Quality check results on field: 20m Average Calculated Dew Point" ;
***************
name: qc_DP2M_AVG
units: "unitless" ;
description: "Quality check results on field: 2m Average Calculated Dew Point" ;
***************
name: qc_DP40M_AVG
units: "unitless" ;
description: "Quality check results on field: 40m Average Calculated Dew Point" ;
***************
name: qc_InstPwCod
units: "unitless" ;
description: "Quality check results on field: Instant Present Weather Code" ;
***************
name: qc_PcpRate
units: "unitless" ;
description: "Quality check results on field: Precipitation Rate" ;
***************
name: qc_PwCod15mi
units: "unitless" ;
description: "Quality check results on field: 15 minute Present Weather Code" ;
***************
name: qc_PwCod1hr
units: "unitless" ;
description: "Quality check results on field: 1 hour Present Weather Code" ;
***************
name: qc_RH10M_AVG
units: "unitless" ;
description: "Quality check results on field: 10m Average Relative Humidity" ;
***************
name: qc_RH20M_AVG
units: "unitless" ;
description: "Quality check results on field: 20m Average Relative Humidity" ;
***************
name: qc_RH2M_AVG
units: "unitless" ;
description: "Quality check results on field: 2m Average Relative Humidity" ;
***************
name: qc_RH40M_AVG
units: "unitless" ;
description: "Quality check results on field: 40m Average Relative Humidity" ;
***************
name: qc_SatVPCMH
units: "unitless" ;
description: "Quality check results on field: Chilled Mirror Calculated Saturation Vapor Pressure" ;
***************
name: qc_SonicWD_DU_WVT
units: "unitless" ;
description: "Quality check results on field: Sonic Vector Averaged Wind Direction" ;
***************
name: qc_SonicWS_S_WVT
units: "unitless" ;
description: "Quality check results on field: Sonic Arithmetic Mean Wind Speed" ;
***************
name: qc_SonicWS_U_WVT
units: "unitless" ;
description: "Quality check results on field: Sonic Vector Averaged Wind Speed" ;
***************
name: qc_T10M_AVG
units: "unitless" ;
description: "Quality check results on field: 10m Average Temperature" ;
***************
name: qc_T20M_AVG
units: "unitless" ;
description: "Quality check results on field: 20m Average Temperature" ;
***************
name: qc_T2M_AVG
units: "unitless" ;
description: "Quality check results on field: 2m Average Temperature" ;
***************
name: qc_T40M_AVG
units: "unitless" ;
description: "Quality check results on field: 40m Average Temperature" ;
***************
name: qc_VP10M_AVG
units: "unitless" ;
description: "Quality check results on field: 10m Average Calculated Vapor Pressure" ;
***************
name: qc_VP20M_AVG
units: "unitless" ;
description: "Quality check results on field: 20m Average Calculated Vapor Pressure" ;
***************
name: qc_VP2M_AVG
units: "unitless" ;
description: "Quality check results on field: 2m Average Calculated Vapor Pressure" ;
***************
name: qc_VP40M_AVG
units: "unitless" ;
description: "Quality check results on field: 40m Average Calculated Vapor Pressure" ;
***************
name: qc_VPCMH
units: "unitless" ;
description: "Quality check results on field: Chilled Mirror Calculated Vapor Pressure" ;
***************
name: qc_WD10M_DU_WVT
units: "unitless" ;
description: "Quality check results on field: 10m Vector Averaged Wind Direction" ;
***************
name: qc_WD20M_DU_WVT
units: "unitless" ;
description: "Quality check results on field: 20m Vector Averaged Wind Direction" ;
***************
name: qc_WD2M_DU_WVT
units: "unitless" ;
description: "Quality check results on field: 2m Vector Averaged Wind Direction" ;
***************
name: qc_WD40M_DU_WVT
units: "unitless" ;
description: "Quality check results on field: 40m Vector Averaged Wind Direction" ;
***************
name: qc_WS10M_S_WVT
units: "unitless" ;
description: "Quality check results on field: 10m Arithmetic Mean Wind Speed" ;
***************
name: qc_WS10M_U_WVT
units: "unitless" ;
description: "Quality check results on field: 10m Vector Averaged Wind Speed" ;
***************
name: qc_WS20M_S_WVT
units: "unitless" ;
description: "Quality check results on field: 20m Arithmetic Mean Wind Speed" ;
***************
name: qc_WS20M_U_WVT
units: "unitless" ;
description: "Quality check results on field: 20m Vector Averaged Wind Speed" ;
***************
name: qc_WS2M_S_WVT
units: "unitless" ;
description: "Quality check results on field: 2m Arithmetic Mean Wind Speed" ;
***************
name: qc_WS2M_U_WVT
units: "unitless" ;
description: "Quality check results on field: 2m Vector Averaged Wind Speed" ;
***************
name: qc_WS40M_S_WVT
units: "unitless" ;
description: "Quality check results on field: 40m Arithmetic Mean Wind Speed" ;
***************
name: qc_WS40M_U_WVT
units: "unitless" ;
description: "Quality check results on field: 40m Vector Averaged Wind Speed" ;
***************
name: qc_time
units: "unitless" ;
description: "Results of quality checks on sample time" ;
***************
name: time
units: "seconds since 2008-03-24 00:00:00 0:00" ;
description: "Time offset from midnight" ;
***************
name: time_offset
units: "seconds since 2008-03-24 00:00:00 0:00" ;
description: "Time offset from base_time" ;
***************
