******THIS IS A PARTIAL LOG FROM RUNNING THE DATA CONVERSION: **********


preprocess_GTS_BUFR.pl began on Fri Apr  5 15:06:57 2019
Opening INPUT_GTS_BUFR_DIR:: ../raw_gts_bufr_data

processing GTS BUFR file: 201810301107.87155_ar_sounding.bufr 
Execute system cmd:: ./bufr_dump ../raw_gts_bufr_data/201810301107.87155_ar_sounding.bufr > ../output_ascii_data/201810301107.87155_ar_sounding.asc
DEBUG2:: Opening output file to save ALL SKIPPED input line into single output file = ../output_preproc_data/201810301107.87155_ar_sounding_1.preproc.skiplines
FOUND FIRST Sounding in file. Input Line = bufrHeaderCentre
Total Lines Processed from Input File: 163623
Total Lines Skipped: 37766 ( 23.08 %)
Total (input compressed down to) Lines in Output: 25175 ( 15.39 %)
Expected number of soundings in input file (via Grep) = 1 
Actual number of soundings found in input file = 1 

processing GTS BUFR file: 201810301111.87623_ar_sounding.bufr 
Execute system cmd:: ./bufr_dump ../raw_gts_bufr_data/201810301111.87623_ar_sounding.bufr > ../output_ascii_data/201810301111.87623_ar_sounding.asc
DEBUG2:: Opening output file to save ALL SKIPPED input line into single output file = ../output_preproc_data/201810301111.87623_ar_sounding_1.preproc.skiplines
FOUND FIRST Sounding in file. Input Line = bufrHeaderCentre
Total Lines Processed from Input File: 149438
Total Lines Skipped: 34496 ( 23.08 %)
Total (input compressed down to) Lines in Output: 22992 ( 15.39 %)
Expected number of soundings in input file (via Grep) = 1 
Actual number of soundings found in input file = 1 

processing GTS BUFR file: 201810301112.87344_ar_sounding.bufr 
Execute system cmd:: ./bufr_dump ../raw_gts_bufr_data/201810301112.87344_ar_sounding.bufr > ../output_ascii_data/201810301112.87344_ar_sounding.asc
DEBUG2:: Opening output file to save ALL SKIPPED input line into single output file = ../output_preproc_data/201810301112.87344_ar_sounding_1.preproc.skiplines
FOUND FIRST Sounding in file. Input Line = bufrHeaderCentre
Total Lines Processed from Input File: 179353
Total Lines Skipped: 41396 ( 23.08 %)
Total (input compressed down to) Lines in Output: 27595 ( 15.39 %)
Expected number of soundings in input file (via Grep) = 1 
Actual number of soundings found in input file = 1 

processing GTS BUFR file: 201810301141.87576_ar_sounding.bufr 
Execute system cmd:: ./bufr_dump ../raw_gts_bufr_data/201810301141.87576_ar_sounding.bufr > ../output_ascii_data/201810301141.87576_ar_sounding.asc
DEBUG2:: Opening output file to save ALL SKIPPED input line into single output file = ../output_preproc_data/201810301141.87576_ar_sounding_1.preproc.skiplines
FOUND FIRST Sounding in file. Input Line = bufrHeaderCentre
Total Lines Processed from Input File: 361820
Total Lines Skipped: 83512 ( 23.08 %)
Total (input compressed down to) Lines in Output: 55665 ( 15.38 %)
Expected number of soundings in input file (via Grep) = 1 
Actual number of soundings found in input file = 1 

processing GTS BUFR file: 201810302304.87244_ar_sounding.bufr 
Execute system cmd:: ./bufr_dump ../raw_gts_bufr_data/201810302304.87244_ar_sounding.bufr > ../output_ascii_data/201810302304.87244_ar_sounding.asc
DEBUG2:: Opening output file to save ALL SKIPPED input line into single output file = ../output_preproc_data/201810302304.87244_ar_sounding_1.preproc.skiplines
FOUND FIRST Sounding in file. Input Line = bufrHeaderCentre
Total Lines Processed from Input File: 168548
Total Lines Skipped: 38906 ( 23.08 %)
Total (input compressed down to) Lines in Output: 25932 ( 15.39 %)
Expected number of soundings in input file (via Grep) = 1 
Actual number of soundings found in input file = 1 

processing GTS BUFR file: 201810311106.87344_ar_sounding.bufr 
Execute system cmd:: ./bufr_dump ../raw_gts_bufr_data/201810311106.87344_ar_sounding.bufr > ../output_ascii_data/201810311106.87344_ar_sounding.asc
DEBUG2:: Opening output file to save ALL SKIPPED input line into single output file = ../output_preproc_data/201810311106.87344_ar_sounding_1.preproc.skiplines
FOUND FIRST Sounding in file. Input Line = bufrHeaderCentre
Total Lines Processed from Input File: 161738
Total Lines Skipped: 37331 ( 23.08 %)
Total (input compressed down to) Lines in Output: 24885 ( 15.39 %)
Expected number of soundings in input file (via Grep) = 1 
Actual number of soundings found in input file = 1 

processing GTS BUFR file: 201810311107.87155_ar_sounding.bufr 
Execute system cmd:: ./bufr_dump ../raw_gts_bufr_data/201810311107.87155_ar_sounding.bufr > ../output_ascii_data/201810311107.87155_ar_sounding.asc
DEBUG2:: Opening output file to save ALL SKIPPED input line into single output file = ../output_preproc_data/201810311107.87155_ar_sounding_1.preproc.skiplines
FOUND FIRST Sounding in file. Input Line = bufrHeaderCentre
Total Lines Processed from Input File: 170123
Total Lines Skipped: 39266 ( 23.08 %)
Total (input compressed down to) Lines in Output: 26175 ( 15.39 %)
Expected number of soundings in input file (via Grep) = 1 
Actual number of soundings found in input file = 1 

processing GTS BUFR file: 201810311107.87623_ar_sounding.bufr 
Execute system cmd:: ./bufr_dump ../raw_gts_bufr_data/201810311107.87623_ar_sounding.bufr > ../output_ascii_data/201810311107.87623_ar_sounding.asc
DEBUG2:: Opening output file to save ALL SKIPPED input line into single output file = ../output_preproc_data/201810311107.87623_ar_sounding_1.preproc.skiplines
FOUND FIRST Sounding in file. Input Line = bufrHeaderCentre
Total Lines Processed from Input File: 137298
Total Lines Skipped: 31691 ( 23.08 %)
Total (input compressed down to) Lines in Output: 21125 ( 15.39 %)
Expected number of soundings in input file (via Grep) = 1 
Actual number of soundings found in input file = 1 

processing GTS BUFR file: 201810311137.87576_ar_sounding.bufr 
Execute system cmd:: ./bufr_dump ../raw_gts_bufr_data/201810311137.87576_ar_sounding.bufr > ../output_ascii_data/201810311137.87576_ar_sounding.asc
DEBUG2:: Opening output file to save ALL SKIPPED input line into single output file = ../output_preproc_data/201810311137.87576_ar_sounding_1.preproc.skiplines
FOUND FIRST Sounding in file. Input Line = bufrHeaderCentre
Total Lines Processed from Input File: 304295
Total Lines Skipped: 70237 ( 23.08 %)
Total (input compressed down to) Lines in Output: 46815 ( 15.38 %)
Expected number of soundings in input file (via Grep) = 1 
Actual number of soundings found in input file = 1 

:
:
:

processing GTS BUFR file: 201901300730.87344_ar_sounding.bufr 
Execute system cmd:: ./bufr_dump ../raw_gts_bufr_data/201901300730.87344_ar_sounding.bufr > ../output_ascii_data/201901300730.87344_ar_sounding.asc
DEBUG2:: Opening output file to save ALL SKIPPED input line into single output file = ../output_preproc_data/201901300730.87344_ar_sounding_1.preproc.skiplines
FOUND FIRST Sounding in file. Input Line = bufrHeaderCentre
Total Lines Processed from Input File: 100978
Total Lines Skipped: 23306 ( 23.08 %)
Total (input compressed down to) Lines in Output: 15538 ( 15.39 %)
Expected number of soundings in input file (via Grep) = 1 
Actual number of soundings found in input file = 1 

processing GTS BUFR file: 201901301105.87623_ar_sounding.bufr 
Execute system cmd:: ./bufr_dump ../raw_gts_bufr_data/201901301105.87623_ar_sounding.bufr > ../output_ascii_data/201901301105.87623_ar_sounding.asc
DEBUG2:: Opening output file to save ALL SKIPPED input line into single output file = ../output_preproc_data/201901301105.87623_ar_sounding_1.preproc.skiplines
FOUND FIRST Sounding in file. Input Line = bufrHeaderCentre
Total Lines Processed from Input File: 147828
Total Lines Skipped: 34121 ( 23.08 %)
Total (input compressed down to) Lines in Output: 22745 ( 15.39 %)
Expected number of soundings in input file (via Grep) = 1 
Actual number of soundings found in input file = 1 

processing GTS BUFR file: 201901301126.87576_ar_sounding.bufr 
Execute system cmd:: ./bufr_dump ../raw_gts_bufr_data/201901301126.87576_ar_sounding.bufr > ../output_ascii_data/201901301126.87576_ar_sounding.asc
DEBUG2:: Opening output file to save ALL SKIPPED input line into single output file = ../output_preproc_data/201901301126.87576_ar_sounding_1.preproc.skiplines
FOUND FIRST Sounding in file. Input Line = bufrHeaderCentre
Total Lines Processed from Input File: 139623
Total Lines Skipped: 32231 ( 23.08 %)
Total (input compressed down to) Lines in Output: 21482 ( 15.39 %)
Expected number of soundings in input file (via Grep) = 1 
Actual number of soundings found in input file = 1 

processing GTS BUFR file: 201901301127.87418_ar_sounding.bufr 
Execute system cmd:: ./bufr_dump ../raw_gts_bufr_data/201901301127.87418_ar_sounding.bufr > ../output_ascii_data/201901301127.87418_ar_sounding.asc
DEBUG2:: Opening output file to save ALL SKIPPED input line into single output file = ../output_preproc_data/201901301127.87418_ar_sounding_1.preproc.skiplines
FOUND FIRST Sounding in file. Input Line = bufrHeaderCentre
Total Lines Processed from Input File: 143473
Total Lines Skipped: 33116 ( 23.08 %)
Total (input compressed down to) Lines in Output: 22075 ( 15.39 %)
Expected number of soundings in input file (via Grep) = 1 
Actual number of soundings found in input file = 1 

processing GTS BUFR file: 201901301131.87344_ar_sounding.bufr 
Execute system cmd:: ./bufr_dump ../raw_gts_bufr_data/201901301131.87344_ar_sounding.bufr > ../output_ascii_data/201901301131.87344_ar_sounding.asc
DEBUG2:: Opening output file to save ALL SKIPPED input line into single output file = ../output_preproc_data/201901301131.87344_ar_sounding_1.preproc.skiplines
FOUND FIRST Sounding in file. Input Line = bufrHeaderCentre
Total Lines Processed from Input File: 155253
Total Lines Skipped: 35831 ( 23.08 %)
Total (input compressed down to) Lines in Output: 23888 ( 15.39 %)
Expected number of soundings in input file (via Grep) = 1 
Actual number of soundings found in input file = 1 

processing GTS BUFR file: 201901301734.87344_ar_sounding.bufr 
Execute system cmd:: ./bufr_dump ../raw_gts_bufr_data/201901301734.87344_ar_sounding.bufr > ../output_ascii_data/201901301734.87344_ar_sounding.asc
DEBUG2:: Opening output file to save ALL SKIPPED input line into single output file = ../output_preproc_data/201901301734.87344_ar_sounding_1.preproc.skiplines
FOUND FIRST Sounding in file. Input Line = bufrHeaderCentre
Total Lines Processed from Input File: 152393
Total Lines Skipped: 35171 ( 23.08 %)
Total (input compressed down to) Lines in Output: 23448 ( 15.39 %)
Expected number of soundings in input file (via Grep) = 1 
Actual number of soundings found in input file = 1 

processing GTS BUFR file: 201901311104.87155_ar_sounding.bufr 
Execute system cmd:: ./bufr_dump ../raw_gts_bufr_data/201901311104.87155_ar_sounding.bufr > ../output_ascii_data/201901311104.87155_ar_sounding.asc
DEBUG2:: Opening output file to save ALL SKIPPED input line into single output file = ../output_preproc_data/201901311104.87155_ar_sounding_1.preproc.skiplines
FOUND FIRST Sounding in file. Input Line = bufrHeaderCentre
Total Lines Processed from Input File: 157723
Total Lines Skipped: 36401 ( 23.08 %)
Total (input compressed down to) Lines in Output: 24268 ( 15.39 %)
Expected number of soundings in input file (via Grep) = 1 
Actual number of soundings found in input file = 1 

processing GTS BUFR file: 201901311110.87623_ar_sounding.bufr 
Execute system cmd:: ./bufr_dump ../raw_gts_bufr_data/201901311110.87623_ar_sounding.bufr > ../output_ascii_data/201901311110.87623_ar_sounding.asc
DEBUG2:: Opening output file to save ALL SKIPPED input line into single output file = ../output_preproc_data/201901311110.87623_ar_sounding_1.preproc.skiplines
FOUND FIRST Sounding in file. Input Line = bufrHeaderCentre
Total Lines Processed from Input File: 148608
Total Lines Skipped: 34301 ( 23.08 %)
Total (input compressed down to) Lines in Output: 22865 ( 15.39 %)
Expected number of soundings in input file (via Grep) = 1 
Actual number of soundings found in input file = 1 

processing GTS BUFR file: 201901311127.87344_ar_sounding.bufr 
Execute system cmd:: ./bufr_dump ../raw_gts_bufr_data/201901311127.87344_ar_sounding.bufr > ../output_ascii_data/201901311127.87344_ar_sounding.asc
DEBUG2:: Opening output file to save ALL SKIPPED input line into single output file = ../output_preproc_data/201901311127.87344_ar_sounding_1.preproc.skiplines
FOUND FIRST Sounding in file. Input Line = bufrHeaderCentre
Total Lines Processed from Input File: 171113
Total Lines Skipped: 39491 ( 23.08 %)
Total (input compressed down to) Lines in Output: 26328 ( 15.39 %)
Expected number of soundings in input file (via Grep) = 1 
Actual number of soundings found in input file = 1 

processing GTS BUFR file: 201901311141.87418_ar_sounding.bufr 
Execute system cmd:: ./bufr_dump ../raw_gts_bufr_data/201901311141.87418_ar_sounding.bufr > ../output_ascii_data/201901311141.87418_ar_sounding.asc
DEBUG2:: Opening output file to save ALL SKIPPED input line into single output file = ../output_preproc_data/201901311141.87418_ar_sounding_1.preproc.skiplines
FOUND FIRST Sounding in file. Input Line = bufrHeaderCentre
Total Lines Processed from Input File: 143538
Total Lines Skipped: 33131 ( 23.08 %)
Total (input compressed down to) Lines in Output: 22085 ( 15.39 %)
Expected number of soundings in input file (via Grep) = 1 
Actual number of soundings found in input file = 1 

processing GTS BUFR file: 201901311143.87576_ar_sounding.bufr 
Execute system cmd:: ./bufr_dump ../raw_gts_bufr_data/201901311143.87576_ar_sounding.bufr > ../output_ascii_data/201901311143.87576_ar_sounding.asc
DEBUG2:: Opening output file to save ALL SKIPPED input line into single output file = ../output_preproc_data/201901311143.87576_ar_sounding_1.preproc.skiplines
FOUND FIRST Sounding in file. Input Line = bufrHeaderCentre
Total Lines Processed from Input File: 164598
Total Lines Skipped: 37991 ( 23.08 %)
Total (input compressed down to) Lines in Output: 25325 ( 15.39 %)
Expected number of soundings in input file (via Grep) = 1 
Actual number of soundings found in input file = 1 

processing GTS BUFR file: 201901311940.87344_ar_sounding.bufr 
Execute system cmd:: ./bufr_dump ../raw_gts_bufr_data/201901311940.87344_ar_sounding.bufr > ../output_ascii_data/201901311940.87344_ar_sounding.asc
DEBUG2:: Opening output file to save ALL SKIPPED input line into single output file = ../output_preproc_data/201901311940.87344_ar_sounding_1.preproc.skiplines
FOUND FIRST Sounding in file. Input Line = bufrHeaderCentre
Total Lines Processed from Input File: 171033
Total Lines Skipped: 39476 ( 23.08 %)
Total (input compressed down to) Lines in Output: 26315 ( 15.39 %)
Expected number of soundings in input file (via Grep) = 1 
Actual number of soundings found in input file = 1 

processing GTS BUFR file: 201902071105.87623_ar_sounding.bufr 
Execute system cmd:: ./bufr_dump ../raw_gts_bufr_data/201902071105.87623_ar_sounding.bufr > ../output_ascii_data/201902071105.87623_ar_sounding.asc
DEBUG2:: Opening output file to save ALL SKIPPED input line into single output file = ../output_preproc_data/201902071105.87623_ar_sounding_1.preproc.skiplines
FOUND FIRST Sounding in file. Input Line = bufrHeaderCentre
Total Lines Processed from Input File: 153938
Total Lines Skipped: 35531 ( 23.08 %)
Total (input compressed down to) Lines in Output: 23685 ( 15.39 %)
Expected number of soundings in input file (via Grep) = 1 
Actual number of soundings found in input file = 1 

processing GTS BUFR file: 201902071135.87576_ar_sounding.bufr 
Execute system cmd:: ./bufr_dump ../raw_gts_bufr_data/201902071135.87576_ar_sounding.bufr > ../output_ascii_data/201902071135.87576_ar_sounding.asc
DEBUG2:: Opening output file to save ALL SKIPPED input line into single output file = ../output_preproc_data/201902071135.87576_ar_sounding_1.preproc.skiplines
FOUND FIRST Sounding in file. Input Line = bufrHeaderCentre
Total Lines Processed from Input File: 162923
Total Lines Skipped: 37601 ( 23.08 %)
Total (input compressed down to) Lines in Output: 25068 ( 15.39 %)
Expected number of soundings in input file (via Grep) = 1 
Actual number of soundings found in input file = 1 

preprocess_GTS_BUFR.pl ended on Fri Apr  5 15:56:11 2019
