********THIS FILE ONLY CONTAINS A PART OF THE OUTPUT FROM THE CONVERSION RUN:********


GTSBUFR_Radiosonde_Converter.pl began on Tue Jun  4 13:40:15 2019
ARGV Values: PROJECT: RELAMPAGO, Input RAW_DIR: ../output_preproc, OUTPUT_DIR: ../output_esc,  KeepEVSSrecs:  0

----------
Processing file: 201810301107.Resistencia_Aero_ar_sounding_1.preproc
WARNING: ParseRawFile( 201810301107.Resistencia_Aero_ar_sounding_1.preproc) timePeriods out of order! prev_timePeriod = 4956, current timePeriod = 2133
ParseRawFile( 201810301107.Resistencia_Aero_ar_sounding_1.preproc) Found Regular Sounding. This is NOT a PIBAL. Found at least one Temp, Press, or nonCoordGeoPotHt.
Input file name: 201810301107.Resistencia_Aero_ar_sounding_1.preproc ; Output file name is GTS_BUFR_ResistenciaAero_201810301107_01_SONDE.cls
WARNING: ParseRawFile( 201810301107.Resistencia_Aero_ar_sounding_1.preproc) U V Wind components has change GREATER than 1.0! prev_uwind= -4.10, uwind= -7.69, prev_vwind= -0.00, vwind= -2.21 at current_time=    2, prev_time=    0
Key is extendedVerticalSoundingSignificance. Value is 65536! DROP THIS Mandatory Level Rec! Reset writePrevRecToOuput to zero. DROP REC! current_time = 127
WARNING: ParseRawFile( 201810301107.Resistencia_Aero_ar_sounding_1.preproc ) DROP REC: NOT writing prev rec to output at record = 69. twice-prev_time = 126 (Dropping Rec between these two times.) Current Time= 128
Key is extendedVerticalSoundingSignificance. Value is 65536! DROP THIS Mandatory Level Rec! Reset writePrevRecToOuput to zero. DROP REC! current_time = 252
WARNING: ParseRawFile( 201810301107.Resistencia_Aero_ar_sounding_1.preproc ) DROP REC: NOT writing prev rec to output at record = 133. twice-prev_time = 250 (Dropping Rec between these two times.) Current Time= 254
Key is extendedVerticalSoundingSignificance. Value is 65536! DROP THIS Mandatory Level Rec! Reset writePrevRecToOuput to zero. DROP REC! current_time = 528
WARNING: ParseRawFile( 201810301107.Resistencia_Aero_ar_sounding_1.preproc ) DROP REC: NOT writing prev rec to output at record = 273. twice-prev_time = 526 (Dropping Rec between these two times.) Current Time= 530
Key is extendedVerticalSoundingSignificance. Value is 65536! DROP THIS Mandatory Level Rec! Reset writePrevRecToOuput to zero. DROP REC! current_time = 994
WARNING: ParseRawFile( 201810301107.Resistencia_Aero_ar_sounding_1.preproc ) DROP REC: NOT writing prev rec to output at record = 511. twice-prev_time = 992 (Dropping Rec between these two times.) Current Time= 996
Key is extendedVerticalSoundingSignificance. Value is 65536! DROP THIS Mandatory Level Rec! Reset writePrevRecToOuput to zero. DROP REC! current_time = 1286
WARNING: ParseRawFile( 201810301107.Resistencia_Aero_ar_sounding_1.preproc ) DROP REC: NOT writing prev rec to output at record = 660. twice-prev_time = 1284 (Dropping Rec between these two times.) Current Time= 1288
Key is extendedVerticalSoundingSignificance. Value is 65536! DROP THIS Mandatory Level Rec! Reset writePrevRecToOuput to zero. DROP REC! current_time = 1653
WARNING: ParseRawFile( 201810301107.Resistencia_Aero_ar_sounding_1.preproc ) DROP REC: NOT writing prev rec to output at record = 845. twice-prev_time = 1652 (Dropping Rec between these two times.) Current Time= 1654
Key is extendedVerticalSoundingSignificance. Value is 65536! DROP THIS Mandatory Level Rec! Reset writePrevRecToOuput to zero. DROP REC! current_time = 1875
WARNING: ParseRawFile( 201810301107.Resistencia_Aero_ar_sounding_1.preproc ) DROP REC: NOT writing prev rec to output at record = 958. twice-prev_time = 1874 (Dropping Rec between these two times.) Current Time= 1876
Key is extendedVerticalSoundingSignificance. Value is 65536! DROP THIS Mandatory Level Rec! Reset writePrevRecToOuput to zero. DROP REC! current_time = 2132
WARNING: ParseRawFile( 201810301107.Resistencia_Aero_ar_sounding_1.preproc ) DROP REC: NOT writing prev rec to output at record = 1088. twice-prev_time = 2130 (Dropping Rec between these two times.) Current Time= 2133
Key is extendedVerticalSoundingSignificance. Value is 65536! DROP THIS Mandatory Level Rec! Reset writePrevRecToOuput to zero. DROP REC! current_time = 2460
WARNING: ParseRawFile( 201810301107.Resistencia_Aero_ar_sounding_1.preproc ) DROP REC: NOT writing prev rec to output at record = 1254. twice-prev_time = 2458 (Dropping Rec between these two times.) Current Time= 2462
Key is extendedVerticalSoundingSignificance. Value is 65536! DROP THIS Mandatory Level Rec! Reset writePrevRecToOuput to zero. DROP REC! current_time = 4086
WARNING: ParseRawFile( 201810301107.Resistencia_Aero_ar_sounding_1.preproc ) DROP REC: NOT writing prev rec to output at record = 2074. twice-prev_time = 4084 (Dropping Rec between these two times.) Current Time= 4088
WARNING: ParseRawFile( 201810301107.Resistencia_Aero_ar_sounding_1.preproc) Found Out of Time Order record. Write CURRENT/All recs to output.  current time = 2133 < prev_time= 4956

----------
Processing file: 201810301111.Santa_Rosa_Aero_ar_sounding_1.preproc
WARNING: ParseRawFile( 201810301111.Santa_Rosa_Aero_ar_sounding_1.preproc) timePeriods out of order! prev_timePeriod = 4516, current timePeriod = 1109
ParseRawFile( 201810301111.Santa_Rosa_Aero_ar_sounding_1.preproc) Found Regular Sounding. This is NOT a PIBAL. Found at least one Temp, Press, or nonCoordGeoPotHt.
Input file name: 201810301111.Santa_Rosa_Aero_ar_sounding_1.preproc ; Output file name is GTS_BUFR_SantaRosaAero_201810301111_01_SONDE.cls
Key is extendedVerticalSoundingSignificance. Value is 65536! DROP THIS Mandatory Level Rec! Reset writePrevRecToOuput to zero. DROP REC! current_time = 107
WARNING: ParseRawFile( 201810301111.Santa_Rosa_Aero_ar_sounding_1.preproc ) DROP REC: NOT writing prev rec to output at record = 57. twice-prev_time = 106 (Dropping Rec between these two times.) Current Time= 108
Key is extendedVerticalSoundingSignificance. Value is 65536! DROP THIS Mandatory Level Rec! Reset writePrevRecToOuput to zero. DROP REC! current_time = 239
WARNING: ParseRawFile( 201810301111.Santa_Rosa_Aero_ar_sounding_1.preproc ) DROP REC: NOT writing prev rec to output at record = 124. twice-prev_time = 238 (Dropping Rec between these two times.) Current Time= 240
Key is extendedVerticalSoundingSignificance. Value is 65536! DROP THIS Mandatory Level Rec! Reset writePrevRecToOuput to zero. DROP REC! current_time = 502
WARNING: ParseRawFile( 201810301111.Santa_Rosa_Aero_ar_sounding_1.preproc ) DROP REC: NOT writing prev rec to output at record = 259. twice-prev_time = 500 (Dropping Rec between these two times.) Current Time= 504
Key is extendedVerticalSoundingSignificance. Value is 65536! DROP THIS Mandatory Level Rec! Reset writePrevRecToOuput to zero. DROP REC! current_time = 977
WARNING: ParseRawFile( 201810301111.Santa_Rosa_Aero_ar_sounding_1.preproc ) DROP REC: NOT writing prev rec to output at record = 500. twice-prev_time = 976 (Dropping Rec between these two times.) Current Time= 978
Key is extendedVerticalSoundingSignificance. Value is 65536! DROP THIS Mandatory Level Rec! Reset writePrevRecToOuput to zero. DROP REC! current_time = 1266
WARNING: ParseRawFile( 201810301111.Santa_Rosa_Aero_ar_sounding_1.preproc ) DROP REC: NOT writing prev rec to output at record = 649. twice-prev_time = 1264 (Dropping Rec between these two times.) Current Time= 1268
Key is extendedVerticalSoundingSignificance. Value is 65536! DROP THIS Mandatory Level Rec! Reset writePrevRecToOuput to zero. DROP REC! current_time = 1617
WARNING: ParseRawFile( 201810301111.Santa_Rosa_Aero_ar_sounding_1.preproc ) DROP REC: NOT writing prev rec to output at record = 827. twice-prev_time = 1616 (Dropping Rec between these two times.) Current Time= 1618
Key is extendedVerticalSoundingSignificance. Value is 65536! DROP THIS Mandatory Level Rec! Reset writePrevRecToOuput to zero. DROP REC! current_time = 1848
WARNING: ParseRawFile( 201810301111.Santa_Rosa_Aero_ar_sounding_1.preproc ) DROP REC: NOT writing prev rec to output at record = 945. twice-prev_time = 1846 (Dropping Rec between these two times.) Current Time= 1850
Key is extendedVerticalSoundingSignificance. Value is 65536! DROP THIS Mandatory Level Rec! Reset writePrevRecToOuput to zero. DROP REC! current_time = 2419
WARNING: ParseRawFile( 201810301111.Santa_Rosa_Aero_ar_sounding_1.preproc ) DROP REC: NOT writing prev rec to output at record = 1234. twice-prev_time = 2418 (Dropping Rec between these two times.) Current Time= 2420
Key is extendedVerticalSoundingSignificance. Value is 65536! DROP THIS Mandatory Level Rec! Reset writePrevRecToOuput to zero. DROP REC! current_time = 4258
WARNING: ParseRawFile( 201810301111.Santa_Rosa_Aero_ar_sounding_1.preproc ) DROP REC: NOT writing prev rec to output at record = 2163. twice-prev_time = 4256 (Dropping Rec between these two times.) Current Time= 4260
WARNING: ParseRawFile( 201810301111.Santa_Rosa_Aero_ar_sounding_1.preproc) Found Out of Time Order record. Write CURRENT/All recs to output.  current time = 1109 < prev_time= 4516

----------
Processing file: 201810301112.Cordoba_Aero_ar_sounding_1.preproc
WARNING: ParseRawFile( 201810301112.Cordoba_Aero_ar_sounding_1.preproc) timePeriods out of order! prev_timePeriod = 5440, current timePeriod = 2037
ParseRawFile( 201810301112.Cordoba_Aero_ar_sounding_1.preproc) Found Regular Sounding. This is NOT a PIBAL. Found at least one Temp, Press, or nonCoordGeoPotHt.
Input file name: 201810301112.Cordoba_Aero_ar_sounding_1.preproc ; Output file name is GTS_BUFR_CordobaAero_201810301112_01_SONDE.cls
Key is extendedVerticalSoundingSignificance. Value is 65536! DROP THIS Mandatory Level Rec! Reset writePrevRecToOuput to zero. DROP REC! current_time = 54
WARNING: ParseRawFile( 201810301112.Cordoba_Aero_ar_sounding_1.preproc ) DROP REC: NOT writing prev rec to output at record = 28. twice-prev_time = 52 (Dropping Rec between these two times.) Current Time= 56
Key is extendedVerticalSoundingSignificance. Value is 65536! DROP THIS Mandatory Level Rec! Reset writePrevRecToOuput to zero. DROP REC! current_time = 501
WARNING: ParseRawFile( 201810301112.Cordoba_Aero_ar_sounding_1.preproc ) DROP REC: NOT writing prev rec to output at record = 258. twice-prev_time = 500 (Dropping Rec between these two times.) Current Time= 502
Key is extendedVerticalSoundingSignificance. Value is 65536! DROP THIS Mandatory Level Rec! Reset writePrevRecToOuput to zero. DROP REC! current_time = 1350
WARNING: ParseRawFile( 201810301112.Cordoba_Aero_ar_sounding_1.preproc ) DROP REC: NOT writing prev rec to output at record = 689. twice-prev_time = 1348 (Dropping Rec between these two times.) Current Time= 1352
Key is extendedVerticalSoundingSignificance. Value is 65536! DROP THIS Mandatory Level Rec! Reset writePrevRecToOuput to zero. DROP REC! current_time = 1791
WARNING: ParseRawFile( 201810301112.Cordoba_Aero_ar_sounding_1.preproc ) DROP REC: NOT writing prev rec to output at record = 912. twice-prev_time = 1790 (Dropping Rec between these two times.) Current Time= 1792
Key is extendedVerticalSoundingSignificance. Value is 65536! DROP THIS Mandatory Level Rec! Reset writePrevRecToOuput to zero. DROP REC! current_time = 2025
WARNING: ParseRawFile( 201810301112.Cordoba_Aero_ar_sounding_1.preproc ) DROP REC: NOT writing prev rec to output at record = 1031. twice-prev_time = 2024 (Dropping Rec between these two times.) Current Time= 2026
Key is extendedVerticalSoundingSignificance. Value is 65536! DROP THIS Mandatory Level Rec! Reset writePrevRecToOuput to zero. DROP REC! current_time = 2312
WARNING: ParseRawFile( 201810301112.Cordoba_Aero_ar_sounding_1.preproc ) DROP REC: NOT writing prev rec to output at record = 1176. twice-prev_time = 2310 (Dropping Rec between these two times.) Current Time= 2314
WARNING: ParseRawFile( 201810301112.Cordoba_Aero_ar_sounding_1.preproc) Found Out of Time Order record. Write CURRENT/All recs to output.  current time = 2037 < prev_time= 5440
:
:
:


----------
Processing file: 201901311141.Mendoza_Aero_ar_sounding_1.preproc
WARNING: ParseRawFile( 201901311141.Mendoza_Aero_ar_sounding_1.preproc) timePeriods out of order! prev_timePeriod = 4352, current timePeriod = 2179
ParseRawFile( 201901311141.Mendoza_Aero_ar_sounding_1.preproc) Found Regular Sounding. This is NOT a PIBAL. Found at least one Temp, Press, or nonCoordGeoPotHt.
Input file name: 201901311141.Mendoza_Aero_ar_sounding_1.preproc ; Output file name is GTS_BUFR_MendozaAero_201901311141_01_SONDE.cls
Key is extendedVerticalSoundingSignificance. Value is 65536! DROP THIS Mandatory Level Rec! Reset writePrevRecToOuput to zero. DROP REC! current_time = 161
WARNING: ParseRawFile( 201901311141.Mendoza_Aero_ar_sounding_1.preproc ) DROP REC: NOT writing prev rec to output at record = 84. twice-prev_time = 160 (Dropping Rec between these two times.) Current Time= 162
Key is extendedVerticalSoundingSignificance. Value is 65536! DROP THIS Mandatory Level Rec! Reset writePrevRecToOuput to zero. DROP REC! current_time = 448
WARNING: ParseRawFile( 201901311141.Mendoza_Aero_ar_sounding_1.preproc ) DROP REC: NOT writing prev rec to output at record = 231. twice-prev_time = 446 (Dropping Rec between these two times.) Current Time= 450
Key is extendedVerticalSoundingSignificance. Value is 65536! DROP THIS Mandatory Level Rec! Reset writePrevRecToOuput to zero. DROP REC! current_time = 920
WARNING: ParseRawFile( 201901311141.Mendoza_Aero_ar_sounding_1.preproc ) DROP REC: NOT writing prev rec to output at record = 471. twice-prev_time = 918 (Dropping Rec between these two times.) Current Time= 922
Key is extendedVerticalSoundingSignificance. Value is 65536! DROP THIS Mandatory Level Rec! Reset writePrevRecToOuput to zero. DROP REC! current_time = 1226
WARNING: ParseRawFile( 201901311141.Mendoza_Aero_ar_sounding_1.preproc ) DROP REC: NOT writing prev rec to output at record = 626. twice-prev_time = 1224 (Dropping Rec between these two times.) Current Time= 1228
Key is extendedVerticalSoundingSignificance. Value is 65536! DROP THIS Mandatory Level Rec! Reset writePrevRecToOuput to zero. DROP REC! current_time = 1790
WARNING: ParseRawFile( 201901311141.Mendoza_Aero_ar_sounding_1.preproc ) DROP REC: NOT writing prev rec to output at record = 913. twice-prev_time = 1788 (Dropping Rec between these two times.) Current Time= 1792
WARNING: ParseRawFile( 201901311141.Mendoza_Aero_ar_sounding_1.preproc) Found Out of Time Order record. Write CURRENT/All recs to output.  current time = 2179 < prev_time= 4352

----------
Processing file: 201901311143.Ezeiza_Aero_ar_sounding_1.preproc
WARNING: ParseRawFile( 201901311143.Ezeiza_Aero_ar_sounding_1.preproc) timePeriods out of order! prev_timePeriod = 4972, current timePeriod = 2396
ParseRawFile( 201901311143.Ezeiza_Aero_ar_sounding_1.preproc) Found Regular Sounding. This is NOT a PIBAL. Found at least one Temp, Press, or nonCoordGeoPotHt.
Input file name: 201901311143.Ezeiza_Aero_ar_sounding_1.preproc ; Output file name is GTS_BUFR_EzeizaAero_201901311143_01_SONDE.cls
Key is extendedVerticalSoundingSignificance. Value is 65536! DROP THIS Mandatory Level Rec! Reset writePrevRecToOuput to zero. DROP REC! current_time = 593
WARNING: ParseRawFile( 201901311143.Ezeiza_Aero_ar_sounding_1.preproc ) DROP REC: NOT writing prev rec to output at record = 307. twice-prev_time = 592 (Dropping Rec between these two times.) Current Time= 594
Key is extendedVerticalSoundingSignificance. Value is 65536! DROP THIS Mandatory Level Rec! Reset writePrevRecToOuput to zero. DROP REC! current_time = 1073
WARNING: ParseRawFile( 201901311143.Ezeiza_Aero_ar_sounding_1.preproc ) DROP REC: NOT writing prev rec to output at record = 551. twice-prev_time = 1072 (Dropping Rec between these two times.) Current Time= 1074
Key is extendedVerticalSoundingSignificance. Value is 65536! DROP THIS Mandatory Level Rec! Reset writePrevRecToOuput to zero. DROP REC! current_time = 1385
WARNING: ParseRawFile( 201901311143.Ezeiza_Aero_ar_sounding_1.preproc ) DROP REC: NOT writing prev rec to output at record = 712. twice-prev_time = 1384 (Dropping Rec between these two times.) Current Time= 1386
Key is extendedVerticalSoundingSignificance. Value is 65536! DROP THIS Mandatory Level Rec! Reset writePrevRecToOuput to zero. DROP REC! current_time = 1753
WARNING: ParseRawFile( 201901311143.Ezeiza_Aero_ar_sounding_1.preproc ) DROP REC: NOT writing prev rec to output at record = 899. twice-prev_time = 1752 (Dropping Rec between these two times.) Current Time= 1754
Key is extendedVerticalSoundingSignificance. Value is 65536! DROP THIS Mandatory Level Rec! Reset writePrevRecToOuput to zero. DROP REC! current_time = 1979
WARNING: ParseRawFile( 201901311143.Ezeiza_Aero_ar_sounding_1.preproc ) DROP REC: NOT writing prev rec to output at record = 1014. twice-prev_time = 1978 (Dropping Rec between these two times.) Current Time= 1980
Key is extendedVerticalSoundingSignificance. Value is 65536! DROP THIS Mandatory Level Rec! Reset writePrevRecToOuput to zero. DROP REC! current_time = 2249
WARNING: ParseRawFile( 201901311143.Ezeiza_Aero_ar_sounding_1.preproc ) DROP REC: NOT writing prev rec to output at record = 1150. twice-prev_time = 2248 (Dropping Rec between these two times.) Current Time= 2250
Key is extendedVerticalSoundingSignificance. Value is 65536! DROP THIS Mandatory Level Rec! Reset writePrevRecToOuput to zero. DROP REC! current_time = 2579
WARNING: ParseRawFile( 201901311143.Ezeiza_Aero_ar_sounding_1.preproc ) DROP REC: NOT writing prev rec to output at record = 1317. twice-prev_time = 2578 (Dropping Rec between these two times.) Current Time= 2580
WARNING: ParseRawFile( 201901311143.Ezeiza_Aero_ar_sounding_1.preproc) Found Out of Time Order record. Write CURRENT/All recs to output.  current time = 2396 < prev_time= 4972

----------
Processing file: 201901311940.Cordoba_Aero_ar_sounding_1.preproc
ParseRawFile( 201901311940.Cordoba_Aero_ar_sounding_1.preproc) Found Regular Sounding. This is NOT a PIBAL. Found at least one Temp, Press, or nonCoordGeoPotHt.
Input file name: 201901311940.Cordoba_Aero_ar_sounding_1.preproc ; Output file name is GTS_BUFR_CordobaAero_201901311940_01_SONDE.cls
Key is extendedVerticalSoundingSignificance. Value is 65536! DROP THIS Mandatory Level Rec! Reset writePrevRecToOuput to zero. DROP REC! current_time = 52
WARNING: ParseRawFile( 201901311940.Cordoba_Aero_ar_sounding_1.preproc ) DROP REC: NOT writing prev rec to output at record = 27. twice-prev_time = 50 (Dropping Rec between these two times.) Current Time= 54
Key is extendedVerticalSoundingSignificance. Value is 65536! DROP THIS Mandatory Level Rec! Reset writePrevRecToOuput to zero. DROP REC! current_time = 513
WARNING: ParseRawFile( 201901311940.Cordoba_Aero_ar_sounding_1.preproc ) DROP REC: NOT writing prev rec to output at record = 259. twice-prev_time = 512 (Dropping Rec between these two times.) Current Time= 514
Key is extendedVerticalSoundingSignificance. Value is 65536! DROP THIS Mandatory Level Rec! Reset writePrevRecToOuput to zero. DROP REC! current_time = 1000
WARNING: ParseRawFile( 201901311940.Cordoba_Aero_ar_sounding_1.preproc ) DROP REC: NOT writing prev rec to output at record = 507. twice-prev_time = 998 (Dropping Rec between these two times.) Current Time= 1002
Key is extendedVerticalSoundingSignificance. Value is 65536! DROP THIS Mandatory Level Rec! Reset writePrevRecToOuput to zero. DROP REC! current_time = 1319
WARNING: ParseRawFile( 201901311940.Cordoba_Aero_ar_sounding_1.preproc ) DROP REC: NOT writing prev rec to output at record = 669. twice-prev_time = 1318 (Dropping Rec between these two times.) Current Time= 1320
Key is extendedVerticalSoundingSignificance. Value is 65536! DROP THIS Mandatory Level Rec! Reset writePrevRecToOuput to zero. DROP REC! current_time = 1668
WARNING: ParseRawFile( 201901311940.Cordoba_Aero_ar_sounding_1.preproc ) DROP REC: NOT writing prev rec to output at record = 847. twice-prev_time = 1666 (Dropping Rec between these two times.) Current Time= 1670
Key is extendedVerticalSoundingSignificance. Value is 65536! DROP THIS Mandatory Level Rec! Reset writePrevRecToOuput to zero. DROP REC! current_time = 1890
WARNING: ParseRawFile( 201901311940.Cordoba_Aero_ar_sounding_1.preproc ) DROP REC: NOT writing prev rec to output at record = 959. twice-prev_time = 1888 (Dropping Rec between these two times.) Current Time= 1892
Key is extendedVerticalSoundingSignificance. Value is 65536! DROP THIS Mandatory Level Rec! Reset writePrevRecToOuput to zero. DROP REC! current_time = 2171
WARNING: ParseRawFile( 201901311940.Cordoba_Aero_ar_sounding_1.preproc ) DROP REC: NOT writing prev rec to output at record = 1101. twice-prev_time = 2170 (Dropping Rec between these two times.) Current Time= 2172
Key is extendedVerticalSoundingSignificance. Value is 65536! DROP THIS Mandatory Level Rec! Reset writePrevRecToOuput to zero. DROP REC! current_time = 2521
WARNING: ParseRawFile( 201901311940.Cordoba_Aero_ar_sounding_1.preproc ) DROP REC: NOT writing prev rec to output at record = 1278. twice-prev_time = 2520 (Dropping Rec between these two times.) Current Time= 2522
WARNING: ParseRawFile( 201901311940.Cordoba_Aero_ar_sounding_1.preproc) U V Wind components has change GREATER than 1.0! prev_uwind= -0.20, uwind= -9.61, prev_vwind= -11.20, vwind=  5.55 at current_time= 3542, prev_time= 3540
WARNING: ParseRawFile( 201901311940.Cordoba_Aero_ar_sounding_1.preproc) U V Wind components has change GREATER than 1.0! prev_uwind= -2.06, uwind= -3.19, prev_vwind=  3.43, vwind=  2.41 at current_time= 3880, prev_time= 3879
WARNING: ParseRawFile( 201901311940.Cordoba_Aero_ar_sounding_1.preproc) U V Wind components has change GREATER than 1.0! prev_uwind= -14.43, uwind= -16.37, prev_vwind= -9.37, vwind= -9.84 at current_time= 4485, prev_time= 4484
WARNING: ParseRawFile( 201901311940.Cordoba_Aero_ar_sounding_1.preproc) DUPLICATE timePeriods found (in time order)! prev_time = 5185, current timePeriod = 5185

----------
Processing file: 201902071105.Santa_Rosa_Aero_ar_sounding_1.preproc
WARNING: ParseRawFile( 201902071105.Santa_Rosa_Aero_ar_sounding_1.preproc) timePeriods out of order! prev_timePeriod = 4664, current timePeriod = 2181
ParseRawFile( 201902071105.Santa_Rosa_Aero_ar_sounding_1.preproc) Found Regular Sounding. This is NOT a PIBAL. Found at least one Temp, Press, or nonCoordGeoPotHt.
Input file name: 201902071105.Santa_Rosa_Aero_ar_sounding_1.preproc ; Output file name is GTS_BUFR_SantaRosaAero_201902071105_01_SONDE.cls
Key is extendedVerticalSoundingSignificance. Value is 65536! DROP THIS Mandatory Level Rec! Reset writePrevRecToOuput to zero. DROP REC! current_time = 103
WARNING: ParseRawFile( 201902071105.Santa_Rosa_Aero_ar_sounding_1.preproc ) DROP REC: NOT writing prev rec to output at record = 57. twice-prev_time = 102 (Dropping Rec between these two times.) Current Time= 104
Key is extendedVerticalSoundingSignificance. Value is 65536! DROP THIS Mandatory Level Rec! Reset writePrevRecToOuput to zero. DROP REC! current_time = 240
WARNING: ParseRawFile( 201902071105.Santa_Rosa_Aero_ar_sounding_1.preproc ) DROP REC: NOT writing prev rec to output at record = 127. twice-prev_time = 238 (Dropping Rec between these two times.) Current Time= 242
Key is extendedVerticalSoundingSignificance. Value is 65536! DROP THIS Mandatory Level Rec! Reset writePrevRecToOuput to zero. DROP REC! current_time = 545
WARNING: ParseRawFile( 201902071105.Santa_Rosa_Aero_ar_sounding_1.preproc ) DROP REC: NOT writing prev rec to output at record = 280. twice-prev_time = 544 (Dropping Rec between these two times.) Current Time= 546
Key is extendedVerticalSoundingSignificance. Value is 65536! DROP THIS Mandatory Level Rec! Reset writePrevRecToOuput to zero. DROP REC! current_time = 1338
WARNING: ParseRawFile( 201902071105.Santa_Rosa_Aero_ar_sounding_1.preproc ) DROP REC: NOT writing prev rec to output at record = 681. twice-prev_time = 1336 (Dropping Rec between these two times.) Current Time= 1340
Key is extendedVerticalSoundingSignificance. Value is 65536! DROP THIS Mandatory Level Rec! Reset writePrevRecToOuput to zero. DROP REC! current_time = 2153
WARNING: ParseRawFile( 201902071105.Santa_Rosa_Aero_ar_sounding_1.preproc ) DROP REC: NOT writing prev rec to output at record = 1095. twice-prev_time = 2152 (Dropping Rec between these two times.) Current Time= 2154
WARNING: ParseRawFile( 201902071105.Santa_Rosa_Aero_ar_sounding_1.preproc) Found Out of Time Order record. Write CURRENT/All recs to output.  current time = 2181 < prev_time= 4664

----------
Processing file: 201902071135.Ezeiza_Aero_ar_sounding_1.preproc
ParseRawFile( 201902071135.Ezeiza_Aero_ar_sounding_1.preproc) Found Regular Sounding. This is NOT a PIBAL. Found at least one Temp, Press, or nonCoordGeoPotHt.
Input file name: 201902071135.Ezeiza_Aero_ar_sounding_1.preproc ; Output file name is GTS_BUFR_EzeizaAero_201902071135_01_SONDE.cls
Key is extendedVerticalSoundingSignificance. Value is 65536! DROP THIS Mandatory Level Rec! Reset writePrevRecToOuput to zero. DROP REC! current_time = 130
WARNING: ParseRawFile( 201902071135.Ezeiza_Aero_ar_sounding_1.preproc ) DROP REC: NOT writing prev rec to output at record = 67. twice-prev_time = 128 (Dropping Rec between these two times.) Current Time= 132
Key is extendedVerticalSoundingSignificance. Value is 65536! DROP THIS Mandatory Level Rec! Reset writePrevRecToOuput to zero. DROP REC! current_time = 249
WARNING: ParseRawFile( 201902071135.Ezeiza_Aero_ar_sounding_1.preproc ) DROP REC: NOT writing prev rec to output at record = 128. twice-prev_time = 248 (Dropping Rec between these two times.) Current Time= 250
Key is extendedVerticalSoundingSignificance. Value is 65536! DROP THIS Mandatory Level Rec! Reset writePrevRecToOuput to zero. DROP REC! current_time = 510
WARNING: ParseRawFile( 201902071135.Ezeiza_Aero_ar_sounding_1.preproc ) DROP REC: NOT writing prev rec to output at record = 262. twice-prev_time = 508 (Dropping Rec between these two times.) Current Time= 512
Key is extendedVerticalSoundingSignificance. Value is 65536! DROP THIS Mandatory Level Rec! Reset writePrevRecToOuput to zero. DROP REC! current_time = 923
WARNING: ParseRawFile( 201902071135.Ezeiza_Aero_ar_sounding_1.preproc ) DROP REC: NOT writing prev rec to output at record = 471. twice-prev_time = 922 (Dropping Rec between these two times.) Current Time= 924
Key is extendedVerticalSoundingSignificance. Value is 65536! DROP THIS Mandatory Level Rec! Reset writePrevRecToOuput to zero. DROP REC! current_time = 1183
WARNING: ParseRawFile( 201902071135.Ezeiza_Aero_ar_sounding_1.preproc ) DROP REC: NOT writing prev rec to output at record = 605. twice-prev_time = 1182 (Dropping Rec between these two times.) Current Time= 1184
Key is extendedVerticalSoundingSignificance. Value is 65536! DROP THIS Mandatory Level Rec! Reset writePrevRecToOuput to zero. DROP REC! current_time = 1533
WARNING: ParseRawFile( 201902071135.Ezeiza_Aero_ar_sounding_1.preproc ) DROP REC: NOT writing prev rec to output at record = 782. twice-prev_time = 1532 (Dropping Rec between these two times.) Current Time= 1534
Key is extendedVerticalSoundingSignificance. Value is 65536! DROP THIS Mandatory Level Rec! Reset writePrevRecToOuput to zero. DROP REC! current_time = 1740
WARNING: ParseRawFile( 201902071135.Ezeiza_Aero_ar_sounding_1.preproc ) DROP REC: NOT writing prev rec to output at record = 886. twice-prev_time = 1738 (Dropping Rec between these two times.) Current Time= 1742
Key is extendedVerticalSoundingSignificance. Value is 65536! DROP THIS Mandatory Level Rec! Reset writePrevRecToOuput to zero. DROP REC! current_time = 2305
WARNING: ParseRawFile( 201902071135.Ezeiza_Aero_ar_sounding_1.preproc ) DROP REC: NOT writing prev rec to output at record = 1172. twice-prev_time = 2304 (Dropping Rec between these two times.) Current Time= 2306
Key is extendedVerticalSoundingSignificance. Value is 65536! DROP THIS Mandatory Level Rec! Reset writePrevRecToOuput to zero. DROP REC! current_time = 4932
WARNING: ParseRawFile( 201902071135.Ezeiza_Aero_ar_sounding_1.preproc ) DROP REC: NOT writing prev rec to output at record = 2497. twice-prev_time = 4930 (Dropping Rec between these two times.) Current Time= 4934

GTSBUFR_Radiosonde_Converter.pl ended on Tue Jun  4 13:49:45 2019
