End of input.
../out/HrPr_401.dat                               : EOF
  468 records seen.
  0 bad(?) records seen.
End of input.
../out/HrPr_402.dat                               : EOF
  468 records seen.
  0 bad(?) records seen.
End of input.
../out/HrPr_403.dat                               : EOF
  468 records seen.
  0 bad(?) records seen.
End of input.
../out/HrPr_404.dat                               : EOF
  468 records seen.
  0 bad(?) records seen.
End of input.
../out/HrPr_405.dat                               : EOF
  468 records seen.
  0 bad(?) records seen.
End of input.
../out/HrPr_406.dat                               : EOF
  468 records seen.
  0 bad(?) records seen.
End of input.
../out/HrPr_407.dat                               : EOF
  468 records seen.
  0 bad(?) records seen.
End of input.
../out/HrPr_408.dat                               : EOF
  468 records seen.
  0 bad(?) records seen.
End of input.
../out/HrPr_409.dat                               : EOF
  468 records seen.
  0 bad(?) records seen.
End of input.
../out/HrPr_410.dat                               : EOF
  468 records seen.
  0 bad(?) records seen.
End of input.
../out/HrPr_411.dat                               : EOF
  468 records seen.
  0 bad(?) records seen.
End of input.
../out/HrPr_412.dat                               : EOF
  468 records seen.
  0 bad(?) records seen.
End of input.
../out/HrPr_413.dat                               : EOF
  468 records seen.
  0 bad(?) records seen.
End of input.
../out/HrPr_414.dat                               : EOF
  468 records seen.
  0 bad(?) records seen.
End of input.
../out/HrPr_415.dat                               : EOF
  468 records seen.
  0 bad(?) records seen.
End of input.
../out/HrPr_416.dat                               : EOF
  468 records seen.
  0 bad(?) records seen.
End of input.
../out/HrPr_417.dat                               : EOF
  468 records seen.
  0 bad(?) records seen.
End of input.
../out/HrPr_418.dat                               : EOF
  468 records seen.
  0 bad(?) records seen.
End of input.
../out/HrPr_419.dat                               : EOF
  468 records seen.
  0 bad(?) records seen.
End of input.
../out/HrPr_420.dat                               : EOF
  468 records seen.
  0 bad(?) records seen.
End of input.
../out/HrPr_421.dat                               : EOF
  468 records seen.
  0 bad(?) records seen.
End of input.
../out/HrPr_422.dat                               : EOF
  468 records seen.
  0 bad(?) records seen.
End of input.
../out/HrPr_423.dat                               : EOF
  468 records seen.
  0 bad(?) records seen.
End of input.
../out/HrPr_424.dat                               : EOF
  468 records seen.
  0 bad(?) records seen.
End of input.
../out/HrPr_425.dat                               : EOF
  468 records seen.
  0 bad(?) records seen.
End of input.
../out/HrPr_426.dat                               : EOF
  468 records seen.
  0 bad(?) records seen.
End of input.
../out/HrPr_427.dat                               : EOF
  468 records seen.
  0 bad(?) records seen.
End of input.
../out/HrPr_428.dat                               : EOF
  468 records seen.
  0 bad(?) records seen.
End of input.
../out/HrPr_429.dat                               : EOF
  468 records seen.
  0 bad(?) records seen.
End of input.
../out/HrPr_430.dat                               : EOF
  468 records seen.
  0 bad(?) records seen.
End of input.
../out/HrPr_501.dat                               : EOF
  468 records seen.
  0 bad(?) records seen.
End of input.
../out/HrPr_502.dat                               : EOF
  468 records seen.
  0 bad(?) records seen.
End of input.
../out/HrPr_503.dat                               : EOF
  468 records seen.
  0 bad(?) records seen.
End of input.
../out/HrPr_504.dat                               : EOF
  468 records seen.
  0 bad(?) records seen.
End of input.
../out/HrPr_505.dat                               : EOF
  468 records seen.
  0 bad(?) records seen.
End of input.
../out/HrPr_506.dat                               : EOF
  468 records seen.
  0 bad(?) records seen.
End of input.
../out/HrPr_507.dat                               : EOF
  468 records seen.
  0 bad(?) records seen.
End of input.
../out/HrPr_508.dat                               : EOF
  468 records seen.
  0 bad(?) records seen.
End of input.
../out/HrPr_509.dat                               : EOF
  468 records seen.
  0 bad(?) records seen.
End of input.
../out/HrPr_510.dat                               : EOF
  468 records seen.
  0 bad(?) records seen.
End of input.
../out/HrPr_511.dat                               : EOF
  468 records seen.
  0 bad(?) records seen.
End of input.
../out/HrPr_512.dat                               : EOF
  468 records seen.
  0 bad(?) records seen.
End of input.
../out/HrPr_513.dat                               : EOF
  468 records seen.
  0 bad(?) records seen.
End of input.
../out/HrPr_514.dat                               : EOF
  468 records seen.
  0 bad(?) records seen.
End of input.
../out/HrPr_515.dat                               : EOF
  468 records seen.
  0 bad(?) records seen.
End of input.
../out/HrPr_516.dat                               : EOF
  468 records seen.
  0 bad(?) records seen.
End of input.
../out/HrPr_517.dat                               : EOF
  468 records seen.
  0 bad(?) records seen.
End of input.
../out/HrPr_518.dat                               : EOF
  468 records seen.
  0 bad(?) records seen.
End of input.
../out/HrPr_519.dat                               : EOF
  468 records seen.
  0 bad(?) records seen.
End of input.
../out/HrPr_520.dat                               : EOF
  468 records seen.
  0 bad(?) records seen.
End of input.
../out/HrPr_521.dat                               : EOF
  468 records seen.
  0 bad(?) records seen.
End of input.
../out/HrPr_522.dat                               : EOF
  468 records seen.
  0 bad(?) records seen.
End of input.
../out/HrPr_523.dat                               : EOF
  468 records seen.
  0 bad(?) records seen.
End of input.
../out/HrPr_524.dat                               : EOF
  468 records seen.
  0 bad(?) records seen.
End of input.
../out/HrPr_525.dat                               : EOF
  468 records seen.
  0 bad(?) records seen.
End of input.
../out/HrPr_526.dat                               : EOF
  468 records seen.
  0 bad(?) records seen.
End of input.
../out/HrPr_527.dat                               : EOF
  468 records seen.
  0 bad(?) records seen.
End of input.
../out/HrPr_528.dat                               : EOF
  468 records seen.
  0 bad(?) records seen.
End of input.
../out/HrPr_529.dat                               : EOF
  468 records seen.
  0 bad(?) records seen.
End of input.
../out/HrPr_530.dat                               : EOF
  468 records seen.
  0 bad(?) records seen.
End of input.
../out/HrPr_531.dat                               : EOF
  468 records seen.
  0 bad(?) records seen.
End of input.
../out/HrPr_601.dat                               : EOF
  468 records seen.
  0 bad(?) records seen.
End of input.
../out/HrPr_602.dat                               : EOF
  468 records seen.
  0 bad(?) records seen.
End of input.
../out/HrPr_603.dat                               : EOF
  468 records seen.
  0 bad(?) records seen.
End of input.
../out/HrPr_604.dat                               : EOF
  468 records seen.
  0 bad(?) records seen.
End of input.
../out/HrPr_605.dat                               : EOF
  468 records seen.
  0 bad(?) records seen.
End of input.
../out/HrPr_606.dat                               : EOF
  468 records seen.
  0 bad(?) records seen.
End of input.
../out/HrPr_607.dat                               : EOF
  468 records seen.
  0 bad(?) records seen.
End of input.
../out/HrPr_608.dat                               : EOF
  468 records seen.
  0 bad(?) records seen.
End of input.
../out/HrPr_609.dat                               : EOF
  468 records seen.
  0 bad(?) records seen.
End of input.
../out/HrPr_610.dat                               : EOF
  468 records seen.
  0 bad(?) records seen.
End of input.
../out/HrPr_611.dat                               : EOF
  468 records seen.
  0 bad(?) records seen.
End of input.
../out/HrPr_612.dat                               : EOF
  468 records seen.
  0 bad(?) records seen.
End of input.
../out/HrPr_613.dat                               : EOF
  468 records seen.
  0 bad(?) records seen.
End of input.
../out/HrPr_614.dat                               : EOF
  468 records seen.
  0 bad(?) records seen.
End of input.
../out/HrPr_615.dat                               : EOF
  468 records seen.
  0 bad(?) records seen.
End of input.
../out/HrPr_616.dat                               : EOF
  468 records seen.
  0 bad(?) records seen.
End of input.
../out/HrPr_617.dat                               : EOF
  468 records seen.
  0 bad(?) records seen.
End of input.
../out/HrPr_618.dat                               : EOF
  468 records seen.
  0 bad(?) records seen.
End of input.
../out/HrPr_619.dat                               : EOF
  468 records seen.
  0 bad(?) records seen.
End of input.
../out/HrPr_620.dat                               : EOF
  468 records seen.
  0 bad(?) records seen.
End of input.
../out/HrPr_621.dat                               : EOF
  468 records seen.
  0 bad(?) records seen.
End of input.
../out/HrPr_622.dat                               : EOF
  468 records seen.
  0 bad(?) records seen.
End of input.
../out/HrPr_623.dat                               : EOF
  468 records seen.
  0 bad(?) records seen.
End of input.
../out/HrPr_624.dat                               : EOF
  468 records seen.
  0 bad(?) records seen.
End of input.
../out/HrPr_625.dat                               : EOF
  468 records seen.
  0 bad(?) records seen.
End of input.
../out/HrPr_626.dat                               : EOF
  468 records seen.
  0 bad(?) records seen.
End of input.
../out/HrPr_627.dat                               : EOF
  468 records seen.
  0 bad(?) records seen.
End of input.
../out/HrPr_628.dat                               : EOF
  468 records seen.
  0 bad(?) records seen.
End of input.
../out/HrPr_629.dat                               : EOF
  468 records seen.
  0 bad(?) records seen.
End of input.
../out/HrPr_630.dat                               : EOF
  468 records seen.
  0 bad(?) records seen.
End of input.
../out/HrPr_701.dat                               : EOF
  467 records seen.
  0 bad(?) records seen.
End of input.
../out/HrPr_702.dat                               : EOF
  467 records seen.
  0 bad(?) records seen.
End of input.
../out/HrPr_703.dat                               : EOF
  467 records seen.
  0 bad(?) records seen.
End of input.
../out/HrPr_704.dat                               : EOF
  467 records seen.
  0 bad(?) records seen.
End of input.
../out/HrPr_705.dat                               : EOF
  467 records seen.
  0 bad(?) records seen.
End of input.
../out/HrPr_706.dat                               : EOF
  467 records seen.
  0 bad(?) records seen.
End of input.
../out/HrPr_707.dat                               : EOF
  467 records seen.
  0 bad(?) records seen.
End of input.
../out/HrPr_708.dat                               : EOF
  467 records seen.
  0 bad(?) records seen.
End of input.
../out/HrPr_709.dat                               : EOF
  467 records seen.
  0 bad(?) records seen.
End of input.
../out/HrPr_710.dat                               : EOF
  467 records seen.
  0 bad(?) records seen.
End of input.
../out/HrPr_711.dat                               : EOF
  467 records seen.
  0 bad(?) records seen.
End of input.
../out/HrPr_712.dat                               : EOF
  467 records seen.
  0 bad(?) records seen.
End of input.
../out/HrPr_713.dat                               : EOF
  467 records seen.
  0 bad(?) records seen.
End of input.
../out/HrPr_714.dat                               : EOF
  467 records seen.
  0 bad(?) records seen.
End of input.
../out/HrPr_715.dat                               : EOF
  467 records seen.
  0 bad(?) records seen.
End of input.
../out/HrPr_716.dat                               : EOF
  467 records seen.
  0 bad(?) records seen.
End of input.
../out/HrPr_717.dat                               : EOF
  467 records seen.
  0 bad(?) records seen.
End of input.
../out/HrPr_718.dat                               : EOF
  467 records seen.
  0 bad(?) records seen.
End of input.
../out/HrPr_719.dat                               : EOF
  467 records seen.
  0 bad(?) records seen.
End of input.
../out/HrPr_720.dat                               : EOF
  467 records seen.
  0 bad(?) records seen.
End of input.
../out/HrPr_721.dat                               : EOF
  467 records seen.
  0 bad(?) records seen.
End of input.
../out/HrPr_722.dat                               : EOF
  467 records seen.
  0 bad(?) records seen.
End of input.
../out/HrPr_723.dat                               : EOF
  467 records seen.
  0 bad(?) records seen.
End of input.
../out/HrPr_724.dat                               : EOF
  467 records seen.
  0 bad(?) records seen.
End of input.
../out/HrPr_725.dat                               : EOF
  467 records seen.
  0 bad(?) records seen.
End of input.
../out/HrPr_726.dat                               : EOF
  467 records seen.
  0 bad(?) records seen.
End of input.
../out/HrPr_727.dat                               : EOF
  467 records seen.
  0 bad(?) records seen.
End of input.
../out/HrPr_728.dat                               : EOF
  467 records seen.
  0 bad(?) records seen.
End of input.
../out/HrPr_729.dat                               : EOF
  467 records seen.
  0 bad(?) records seen.
End of input.
../out/HrPr_730.dat                               : EOF
  467 records seen.
  0 bad(?) records seen.
End of input.
../out/HrPr_731.dat                               : EOF
  467 records seen.
  0 bad(?) records seen.
End of input.
../out/HrPr_801.dat                               : EOF
  467 records seen.
  0 bad(?) records seen.
End of input.
../out/HrPr_802.dat                               : EOF
  467 records seen.
  0 bad(?) records seen.
Number of precip values =           17; expected 24
 Appending missing values for:
94/08/03 00:00:00   35.33333   -94.78333 000
End of input.
../out/HrPr_803.dat                               : EOF
  467 records seen.
  1 bad(?) records seen.
End of input.
../out/HrPr_804.dat                               : EOF
  467 records seen.
  0 bad(?) records seen.
End of input.
../out/HrPr_805.dat                               : EOF
  467 records seen.
  0 bad(?) records seen.
End of input.
../out/HrPr_806.dat                               : EOF
  467 records seen.
  0 bad(?) records seen.
End of input.
../out/HrPr_807.dat                               : EOF
  467 records seen.
  0 bad(?) records seen.
End of input.
../out/HrPr_808.dat                               : EOF
  467 records seen.
  0 bad(?) records seen.
End of input.
../out/HrPr_809.dat                               : EOF
  467 records seen.
  0 bad(?) records seen.
End of input.
../out/HrPr_810.dat                               : EOF
  467 records seen.
  0 bad(?) records seen.
End of input.
../out/HrPr_811.dat                               : EOF
  467 records seen.
  0 bad(?) records seen.
End of input.
../out/HrPr_812.dat                               : EOF
  467 records seen.
  0 bad(?) records seen.
End of input.
../out/HrPr_813.dat                               : EOF
  467 records seen.
  0 bad(?) records seen.
End of input.
../out/HrPr_814.dat                               : EOF
  467 records seen.
  0 bad(?) records seen.
End of input.
../out/HrPr_815.dat                               : EOF
  467 records seen.
  0 bad(?) records seen.
End of input.
../out/HrPr_816.dat                               : EOF
  467 records seen.
  0 bad(?) records seen.
End of input.
../out/HrPr_817.dat                               : EOF
  467 records seen.
  0 bad(?) records seen.
End of input.
../out/HrPr_818.dat                               : EOF
  467 records seen.
  0 bad(?) records seen.
End of input.
../out/HrPr_819.dat                               : EOF
  467 records seen.
  0 bad(?) records seen.
End of input.
../out/HrPr_820.dat                               : EOF
  467 records seen.
  0 bad(?) records seen.
End of input.
../out/HrPr_821.dat                               : EOF
  467 records seen.
  0 bad(?) records seen.
End of input.
../out/HrPr_822.dat                               : EOF
  467 records seen.
  0 bad(?) records seen.
End of input.
../out/HrPr_823.dat                               : EOF
  467 records seen.
  0 bad(?) records seen.
End of input.
../out/HrPr_824.dat                               : EOF
  467 records seen.
  0 bad(?) records seen.
End of input.
../out/HrPr_825.dat                               : EOF
  467 records seen.
  0 bad(?) records seen.
End of input.
../out/HrPr_826.dat                               : EOF
  467 records seen.
  0 bad(?) records seen.
End of input.
../out/HrPr_827.dat                               : EOF
  467 records seen.
  0 bad(?) records seen.
End of input.
../out/HrPr_828.dat                               : EOF
  467 records seen.
  0 bad(?) records seen.
End of input.
../out/HrPr_829.dat                               : EOF
  467 records seen.
  0 bad(?) records seen.
End of input.
../out/HrPr_830.dat                               : EOF
  467 records seen.
  0 bad(?) records seen.
End of input.
../out/HrPr_831.dat                               : EOF
  467 records seen.
  0 bad(?) records seen.
  34.23333   -95.08333 dropped 0001 times
  38.28333  -104.51667 dropped 0153 times
../out/all.0pqc:
	62502 records seen.
	2 unknown stations (not in list).
pqc totals: ../out/all.snam
	62226 records.
	1493424 values.
	1457568 values originally unchecked.
	8 bad.
	623 dubious.
	1456937 good.

Would you like to delete intermediate files? (0=no;1=yes)
Intermediate files will be saved in the out area

Enter data_type: <hourly or 15min>
Current data_type is hourly.
Enter options for Precip QC program (pqc):

Form:  nn.nn  nn.nn; Enter 0 0 to use hrly defaults!
Current QC Options: -b 75.0 -d 25.0.
Begin processing of NCDC Precip data!

Execute select.sh script to select Time/Area Of Interest.
Build script and control files to convert data to QCF format.
Execute conversion script to produce ../out/*.0pqc files
cat ../out/*.0pqc > ../out/all.0pqc
Sort data by lat/lon.
Call jac2() to fix accum at begin and end.
Call snm program to place station names in 0pqc file.
Build control file to QC data into final PQCF format.
Execute Quality Control script to produce ../out/*.pqcf files
cosort pqcf_time_sort
Divide data into *.pqcf day files.

Processing (includes QC) of NCDC Precip is complete!

Use program convert_precip_to_ebufr to convert final files.!
