
preprocess_GTS_BUFR.pl began on Mon Feb 24 13:50:07 2020
Opening INPUT_GTS_BUFR_DIR:: ../raw_gts_bufr_data

processing GTS BUFR file: SWEX_ISS2_RS41_bufr309052_20200131_211838.bfr 
Execute system cmd:: /opt/local/bufr/bin/bufr_dump ../raw_gts_bufr_data/SWEX_ISS2_RS41_bufr309052_20200131_211838.bfr > ../output_ascii_data/SWEX_ISS2_RS41_bufr309052_20200131_211838.asc
Opening output file to save ALL SKIPPED input line into single output file = ../output_preproc_data/SWEX_ISS2_RS41_bufr309052_20200131_211838_1.preproc.skiplines
FOUND FIRST Sounding in file. Input Line = bufrHeaderCentre
Total Lines Processed from Input File: 304979
Total Lines Skipped: 70399 ( 23.08 %)
Total (input compressed down to) Lines in Output: 46920 ( 15.38 %)
Expected number of soundings in input file (via Grep) = 1 
Actual number of soundings found in input file = 1 

processing GTS BUFR file: SWEX_ISS3_RS41_bufr309052_20200202_211838.bfr 
Execute system cmd:: /opt/local/bufr/bin/bufr_dump ../raw_gts_bufr_data/SWEX_ISS3_RS41_bufr309052_20200202_211838.bfr > ../output_ascii_data/SWEX_ISS3_RS41_bufr309052_20200202_211838.asc
Opening output file to save ALL SKIPPED input line into single output file = ../output_preproc_data/SWEX_ISS3_RS41_bufr309052_20200202_211838_1.preproc.skiplines
FOUND FIRST Sounding in file. Input Line = bufrHeaderCentre
Total Lines Processed from Input File: 304979
Total Lines Skipped: 70399 ( 23.08 %)
Total (input compressed down to) Lines in Output: 46920 ( 15.38 %)
Expected number of soundings in input file (via Grep) = 1 
Actual number of soundings found in input file = 1 

processing GTS BUFR file: SWEX_SBFDHQ_DFM09_bufr309052_20200122_211838.bfr 
Execute system cmd:: /opt/local/bufr/bin/bufr_dump ../raw_gts_bufr_data/SWEX_SBFDHQ_DFM09_bufr309052_20200122_211838.bfr > ../output_ascii_data/SWEX_SBFDHQ_DFM09_bufr309052_20200122_211838.asc
Opening output file to save ALL SKIPPED input line into single output file = ../output_preproc_data/SWEX_SBFDHQ_DFM09_bufr309052_20200122_211838_1.preproc.skiplines
FOUND FIRST Sounding in file. Input Line = bufrHeaderCentre
Total Lines Processed from Input File: 304979
Total Lines Skipped: 70399 ( 23.08 %)
Total (input compressed down to) Lines in Output: 46920 ( 15.38 %)
Expected number of soundings in input file (via Grep) = 1 
Actual number of soundings found in input file = 1 

processing GTS BUFR file: SWEX_SBFDHQ_GRAW_bufr309052_20200122_211838.bfr 
Execute system cmd:: /opt/local/bufr/bin/bufr_dump ../raw_gts_bufr_data/SWEX_SBFDHQ_GRAW_bufr309052_20200122_211838.bfr > ../output_ascii_data/SWEX_SBFDHQ_GRAW_bufr309052_20200122_211838.asc
Opening output file to save ALL SKIPPED input line into single output file = ../output_preproc_data/SWEX_SBFDHQ_GRAW_bufr309052_20200122_211838_1.preproc.skiplines
FOUND FIRST Sounding in file. Input Line = bufrHeaderCentre
Total Lines Processed from Input File: 304979
Total Lines Skipped: 70399 ( 23.08 %)
Total (input compressed down to) Lines in Output: 46920 ( 15.38 %)
Expected number of soundings in input file (via Grep) = 1 
Actual number of soundings found in input file = 1 

processing GTS BUFR file: SWEX_SBFS18_DFM09_bufr309052_20200122_211838.bfr 
Execute system cmd:: /opt/local/bufr/bin/bufr_dump ../raw_gts_bufr_data/SWEX_SBFS18_DFM09_bufr309052_20200122_211838.bfr > ../output_ascii_data/SWEX_SBFS18_DFM09_bufr309052_20200122_211838.asc
Opening output file to save ALL SKIPPED input line into single output file = ../output_preproc_data/SWEX_SBFS18_DFM09_bufr309052_20200122_211838_1.preproc.skiplines
FOUND FIRST Sounding in file. Input Line = bufrHeaderCentre
Total Lines Processed from Input File: 304979
Total Lines Skipped: 70399 ( 23.08 %)
Total (input compressed down to) Lines in Output: 46920 ( 15.38 %)
Expected number of soundings in input file (via Grep) = 1 
Actual number of soundings found in input file = 1 

processing GTS BUFR file: SWEX_SBFS18_GRAW_bufr309052_20200122_211838.bfr 
Execute system cmd:: /opt/local/bufr/bin/bufr_dump ../raw_gts_bufr_data/SWEX_SBFS18_GRAW_bufr309052_20200122_211838.bfr > ../output_ascii_data/SWEX_SBFS18_GRAW_bufr309052_20200122_211838.asc
Opening output file to save ALL SKIPPED input line into single output file = ../output_preproc_data/SWEX_SBFS18_GRAW_bufr309052_20200122_211838_1.preproc.skiplines
FOUND FIRST Sounding in file. Input Line = bufrHeaderCentre
Total Lines Processed from Input File: 304979
Total Lines Skipped: 70399 ( 23.08 %)
Total (input compressed down to) Lines in Output: 46920 ( 15.38 %)
Expected number of soundings in input file (via Grep) = 1 
Actual number of soundings found in input file = 1 

preprocess_GTS_BUFR.pl ended on Mon Feb 24 13:50:19 2020
