
GTSBUFR_Radiosonde_Converter_RealTime.pl began on Thu Feb 13 15:34:31 2020
ARGV Values: PROJECT: SWEX, Input RAW_DIR: ../output_preproc_data, OUTPUT_DIR: ../output_esc,  KeepEVSSrecs:  0

----------
Processing file: HKLO_202002131200_iuk_sounding_1.preproc
ParseRawFile( HKLO_202002131200_iuk_sounding_1.preproc) Found Regular Sounding. This is NOT a PIBAL. Found at least one Temp, Press, or nonCoordGeoPotHt.

ERROR/WARNING: Unexpected SITE NAME!  Not NUQU, STCZ, or LIMO! country =  . Turn on DEBUG! NOT!!!

ERROR/WARNING: Unexpected SITE NAME!  Not NUQU, STCZ, or LIMO! site = UNKNOWN
(2)Input file name: HKLO_202002131200_iuk_sounding_1.preproc ; Output file name is GTS_BUFR_UNKNOWN_202002131120_01_SONDE.cls
Key is extendedVerticalSoundingSignificance. Value is 65536! DROP THIS Mandatory Level Rec! Reset writePrevRecToOuput to zero. DROP REC! current_time = 190
WARNING: ParseRawFile( HKLO_202002131200_iuk_sounding_1.preproc ) DROP REC: NOT writing prev rec to output at record = 96. twice-prev_time = 188 (Dropping Rec between these two times.) Current Time= 192
Key is extendedVerticalSoundingSignificance. Value is 65536! DROP THIS Mandatory Level Rec! Reset writePrevRecToOuput to zero. DROP REC! current_time = 490
WARNING: ParseRawFile( HKLO_202002131200_iuk_sounding_1.preproc ) DROP REC: NOT writing prev rec to output at record = 246. twice-prev_time = 488 (Dropping Rec between these two times.) Current Time= 492
Key is extendedVerticalSoundingSignificance. Value is 65536! DROP THIS Mandatory Level Rec! Reset writePrevRecToOuput to zero. DROP REC! current_time = 1808
WARNING: ParseRawFile( HKLO_202002131200_iuk_sounding_1.preproc ) DROP REC: NOT writing prev rec to output at record = 905. twice-prev_time = 1806 (Dropping Rec between these two times.) Current Time= 1810
Key is extendedVerticalSoundingSignificance. Value is 65536! DROP THIS Mandatory Level Rec! Reset writePrevRecToOuput to zero. DROP REC! current_time = 2376
WARNING: ParseRawFile( HKLO_202002131200_iuk_sounding_1.preproc ) DROP REC: NOT writing prev rec to output at record = 1189. twice-prev_time = 2374 (Dropping Rec between these two times.) Current Time= 2378
Key is extendedVerticalSoundingSignificance. Value is 65536! DROP THIS Mandatory Level Rec! Reset writePrevRecToOuput to zero. DROP REC! current_time = 2738
WARNING: ParseRawFile( HKLO_202002131200_iuk_sounding_1.preproc ) DROP REC: NOT writing prev rec to output at record = 1370. twice-prev_time = 2736 (Dropping Rec between these two times.) Current Time= 2740
Key is extendedVerticalSoundingSignificance. Value is 65536! DROP THIS Mandatory Level Rec! Reset writePrevRecToOuput to zero. DROP REC! current_time = 3184
WARNING: ParseRawFile( HKLO_202002131200_iuk_sounding_1.preproc ) DROP REC: NOT writing prev rec to output at record = 1593. twice-prev_time = 3182 (Dropping Rec between these two times.) Current Time= 3186
Key is extendedVerticalSoundingSignificance. Value is 65536! DROP THIS Mandatory Level Rec! Reset writePrevRecToOuput to zero. DROP REC! current_time = 3552
WARNING: ParseRawFile( HKLO_202002131200_iuk_sounding_1.preproc ) DROP REC: NOT writing prev rec to output at record = 1777. twice-prev_time = 3550 (Dropping Rec between these two times.) Current Time= 3554

----------
Processing file: HKLO_202002131200_ius_sounding_1.preproc
ParseRawFile( HKLO_202002131200_ius_sounding_1.preproc) Found Regular Sounding. This is NOT a PIBAL. Found at least one Temp, Press, or nonCoordGeoPotHt.

ERROR/WARNING: Unexpected SITE NAME!  Not NUQU, STCZ, or LIMO! country =  . Turn on DEBUG! NOT!!!

ERROR/WARNING: Unexpected SITE NAME!  Not NUQU, STCZ, or LIMO! site = UNKNOWN
(2)Input file name: HKLO_202002131200_ius_sounding_1.preproc ; Output file name is GTS_BUFR_UNKNOWN_202002131120_01_SONDE.cls
Key is extendedVerticalSoundingSignificance. Value is 65536! DROP THIS Mandatory Level Rec! Reset writePrevRecToOuput to zero. DROP REC! current_time = 190
WARNING: ParseRawFile( HKLO_202002131200_ius_sounding_1.preproc ) DROP REC: NOT writing prev rec to output at record = 96. twice-prev_time = 188 (Dropping Rec between these two times.) Current Time= 192
Key is extendedVerticalSoundingSignificance. Value is 65536! DROP THIS Mandatory Level Rec! Reset writePrevRecToOuput to zero. DROP REC! current_time = 490
WARNING: ParseRawFile( HKLO_202002131200_ius_sounding_1.preproc ) DROP REC: NOT writing prev rec to output at record = 246. twice-prev_time = 488 (Dropping Rec between these two times.) Current Time= 492
Key is extendedVerticalSoundingSignificance. Value is 65536! DROP THIS Mandatory Level Rec! Reset writePrevRecToOuput to zero. DROP REC! current_time = 1808
WARNING: ParseRawFile( HKLO_202002131200_ius_sounding_1.preproc ) DROP REC: NOT writing prev rec to output at record = 905. twice-prev_time = 1806 (Dropping Rec between these two times.) Current Time= 1810
Key is extendedVerticalSoundingSignificance. Value is 65536! DROP THIS Mandatory Level Rec! Reset writePrevRecToOuput to zero. DROP REC! current_time = 2376
WARNING: ParseRawFile( HKLO_202002131200_ius_sounding_1.preproc ) DROP REC: NOT writing prev rec to output at record = 1189. twice-prev_time = 2374 (Dropping Rec between these two times.) Current Time= 2378
Key is extendedVerticalSoundingSignificance. Value is 65536! DROP THIS Mandatory Level Rec! Reset writePrevRecToOuput to zero. DROP REC! current_time = 2738
WARNING: ParseRawFile( HKLO_202002131200_ius_sounding_1.preproc ) DROP REC: NOT writing prev rec to output at record = 1370. twice-prev_time = 2736 (Dropping Rec between these two times.) Current Time= 2740
Key is extendedVerticalSoundingSignificance. Value is 65536! DROP THIS Mandatory Level Rec! Reset writePrevRecToOuput to zero. DROP REC! current_time = 3184
WARNING: ParseRawFile( HKLO_202002131200_ius_sounding_1.preproc ) DROP REC: NOT writing prev rec to output at record = 1593. twice-prev_time = 3182 (Dropping Rec between these two times.) Current Time= 3186
Key is extendedVerticalSoundingSignificance. Value is 65536! DROP THIS Mandatory Level Rec! Reset writePrevRecToOuput to zero. DROP REC! current_time = 3552
WARNING: ParseRawFile( HKLO_202002131200_ius_sounding_1.preproc ) DROP REC: NOT writing prev rec to output at record = 1777. twice-prev_time = 3550 (Dropping Rec between these two times.) Current Time= 3554
Key is extendedVerticalSoundingSignificance. Value is 65536! DROP THIS Mandatory Level Rec! Reset writePrevRecToOuput to zero. DROP REC! current_time = 3910
WARNING: ParseRawFile( HKLO_202002131200_ius_sounding_1.preproc ) DROP REC: NOT writing prev rec to output at record = 1956. twice-prev_time = 3908 (Dropping Rec between these two times.) Current Time= 3912

----------
Processing file: ISS2_20200131_211838_RS41_bufr309052_1.preproc
WARNING: ParseRawFile( ISS2_20200131_211838_RS41_bufr309052_1.preproc) timePeriods out of order! prev_timePeriod = 4673, current timePeriod = 2785
ParseRawFile( ISS2_20200131_211838_RS41_bufr309052_1.preproc) Found Regular Sounding. This is NOT a PIBAL. Found at least one Temp, Press, or nonCoordGeoPotHt.

ERROR/WARNING: Unexpected SITE NAME!  Not NUQU, STCZ, or LIMO! country =  . Turn on DEBUG! NOT!!!

ERROR/WARNING: Unexpected SITE NAME!  Not NUQU, STCZ, or LIMO! site = UNKNOWN
(2)Input file name: ISS2_20200131_211838_RS41_bufr309052_1.preproc ; Output file name is GTS_BUFR_UNKNOWN_202001312118_01_SONDE.cls
Key is extendedVerticalSoundingSignificance. Value is 65536! DROP THIS Mandatory Level Rec! Reset writePrevRecToOuput to zero. DROP REC! current_time = 0
WARNING: ParseRawFile( ISS2_20200131_211838_RS41_bufr309052_1.preproc) airTemperature is zero Kelvin or NULL! current_time = 0
WARNING: ParseRawFile( ISS2_20200131_211838_RS41_bufr309052_1.preproc) dewpointTemperature is Null or zero Kelvin! current_time = 0
WARNING: ParseRawFile( ISS2_20200131_211838_RS41_bufr309052_1.preproc) Wind Dir is Null! current_time = 0 
WARNING: ParseRawFile( ISS2_20200131_211838_RS41_bufr309052_1.preproc) Wind Speed is Null! current_time = 0 
WARNING: ParseRawFile( ISS2_20200131_211838_RS41_bufr309052_1.preproc) DUPLICATE timePeriods found (in time order)! prev_time = 0, current timePeriod = 0
Key is extendedVerticalSoundingSignificance. Value is 65536! DROP THIS Mandatory Level Rec! Reset writePrevRecToOuput to zero. DROP REC! current_time = 0
WARNING: ParseRawFile( ISS2_20200131_211838_RS41_bufr309052_1.preproc) airTemperature is zero Kelvin or NULL! current_time = 0
WARNING: ParseRawFile( ISS2_20200131_211838_RS41_bufr309052_1.preproc) dewpointTemperature is Null or zero Kelvin! current_time = 0
WARNING: ParseRawFile( ISS2_20200131_211838_RS41_bufr309052_1.preproc) Wind Dir is Null! current_time = 0 
WARNING: ParseRawFile( ISS2_20200131_211838_RS41_bufr309052_1.preproc) Wind Speed is Null! current_time = 0 
WARNING: ParseRawFile( ISS2_20200131_211838_RS41_bufr309052_1.preproc) DUPLICATE timePeriods found (in time order)! prev_time = 0, current timePeriod = 0
Key is extendedVerticalSoundingSignificance. Value is 65536! DROP THIS Mandatory Level Rec! Reset writePrevRecToOuput to zero. DROP REC! current_time = 0
WARNING: ParseRawFile( ISS2_20200131_211838_RS41_bufr309052_1.preproc) airTemperature is zero Kelvin or NULL! current_time = 0
WARNING: ParseRawFile( ISS2_20200131_211838_RS41_bufr309052_1.preproc) dewpointTemperature is Null or zero Kelvin! current_time = 0
WARNING: ParseRawFile( ISS2_20200131_211838_RS41_bufr309052_1.preproc) Wind Dir is Null! current_time = 0 
WARNING: ParseRawFile( ISS2_20200131_211838_RS41_bufr309052_1.preproc) Wind Speed is Null! current_time = 0 
WARNING: ParseRawFile( ISS2_20200131_211838_RS41_bufr309052_1.preproc) DUPLICATE timePeriods found (in time order)! prev_time = 0, current timePeriod = 0
WARNING: ParseRawFile( ISS2_20200131_211838_RS41_bufr309052_1.preproc) DUPLICATE timePeriods found (in time order)! prev_time = 339, current timePeriod = 339
Key is extendedVerticalSoundingSignificance. Value is 65536! DROP THIS Mandatory Level Rec! Reset writePrevRecToOuput to zero. DROP REC! current_time = 339
WARNING: ParseRawFile( ISS2_20200131_211838_RS41_bufr309052_1.preproc ) DROP REC: NOT writing prev rec to output at record = 340. twice-prev_time = 339 (Dropping Rec between these two times.) Current Time= 340
Key is extendedVerticalSoundingSignificance. Value is 65536! DROP THIS Mandatory Level Rec! Reset writePrevRecToOuput to zero. DROP REC! current_time = 1142
WARNING: ParseRawFile( ISS2_20200131_211838_RS41_bufr309052_1.preproc ) DROP REC: NOT writing prev rec to output at record = 1143. twice-prev_time = 1141 (Dropping Rec between these two times.) Current Time= 1142
WARNING: ParseRawFile( ISS2_20200131_211838_RS41_bufr309052_1.preproc) DUPLICATE timePeriods found (in time order)! prev_time = 1142, current timePeriod = 1142
WARNING: ParseRawFile( ISS2_20200131_211838_RS41_bufr309052_1.preproc) DUPLICATE timePeriods found (in time order)! prev_time = 1618, current timePeriod = 1618
Key is extendedVerticalSoundingSignificance. Value is 65536! DROP THIS Mandatory Level Rec! Reset writePrevRecToOuput to zero. DROP REC! current_time = 1618
WARNING: ParseRawFile( ISS2_20200131_211838_RS41_bufr309052_1.preproc ) DROP REC: NOT writing prev rec to output at record = 1621. twice-prev_time = 1618 (Dropping Rec between these two times.) Current Time= 1619
WARNING: ParseRawFile( ISS2_20200131_211838_RS41_bufr309052_1.preproc) DUPLICATE timePeriods found (in time order)! prev_time = 2123, current timePeriod = 2123
Key is extendedVerticalSoundingSignificance. Value is 65536! DROP THIS Mandatory Level Rec! Reset writePrevRecToOuput to zero. DROP REC! current_time = 2123
WARNING: ParseRawFile( ISS2_20200131_211838_RS41_bufr309052_1.preproc ) DROP REC: NOT writing prev rec to output at record = 2127. twice-prev_time = 2123 (Dropping Rec between these two times.) Current Time= 2124
Key is extendedVerticalSoundingSignificance. Value is 65536! DROP THIS Mandatory Level Rec! Reset writePrevRecToOuput to zero. DROP REC! current_time = 2408
WARNING: ParseRawFile( ISS2_20200131_211838_RS41_bufr309052_1.preproc ) DROP REC: NOT writing prev rec to output at record = 2412. twice-prev_time = 2407 (Dropping Rec between these two times.) Current Time= 2408
WARNING: ParseRawFile( ISS2_20200131_211838_RS41_bufr309052_1.preproc) DUPLICATE timePeriods found (in time order)! prev_time = 2408, current timePeriod = 2408
WARNING: ParseRawFile( ISS2_20200131_211838_RS41_bufr309052_1.preproc) DUPLICATE timePeriods found (in time order)! prev_time = 2739, current timePeriod = 2739
Key is extendedVerticalSoundingSignificance. Value is 65536! DROP THIS Mandatory Level Rec! Reset writePrevRecToOuput to zero. DROP REC! current_time = 2739
WARNING: ParseRawFile( ISS2_20200131_211838_RS41_bufr309052_1.preproc ) DROP REC: NOT writing prev rec to output at record = 2745. twice-prev_time = 2739 (Dropping Rec between these two times.) Current Time= 2740
WARNING: ParseRawFile( ISS2_20200131_211838_RS41_bufr309052_1.preproc) DUPLICATE timePeriods found (in time order)! prev_time = 3133, current timePeriod = 3133
Key is extendedVerticalSoundingSignificance. Value is 65536! DROP THIS Mandatory Level Rec! Reset writePrevRecToOuput to zero. DROP REC! current_time = 3133
WARNING: ParseRawFile( ISS2_20200131_211838_RS41_bufr309052_1.preproc ) DROP REC: NOT writing prev rec to output at record = 3140. twice-prev_time = 3133 (Dropping Rec between these two times.) Current Time= 3134
WARNING: ParseRawFile( ISS2_20200131_211838_RS41_bufr309052_1.preproc) DUPLICATE timePeriods found (in time order)! prev_time = 3707, current timePeriod = 3707
Key is extendedVerticalSoundingSignificance. Value is 65536! DROP THIS Mandatory Level Rec! Reset writePrevRecToOuput to zero. DROP REC! current_time = 3707
WARNING: ParseRawFile( ISS2_20200131_211838_RS41_bufr309052_1.preproc ) DROP REC: NOT writing prev rec to output at record = 3715. twice-prev_time = 3707 (Dropping Rec between these two times.) Current Time= 3708
WARNING: ParseRawFile( ISS2_20200131_211838_RS41_bufr309052_1.preproc) DUPLICATE timePeriods found (in time order)! prev_time = 4201, current timePeriod = 4201
Key is extendedVerticalSoundingSignificance. Value is 65536! DROP THIS Mandatory Level Rec! Reset writePrevRecToOuput to zero. DROP REC! current_time = 4201
WARNING: ParseRawFile( ISS2_20200131_211838_RS41_bufr309052_1.preproc ) DROP REC: NOT writing prev rec to output at record = 4210. twice-prev_time = 4201 (Dropping Rec between these two times.) Current Time= 4202
WARNING: ParseRawFile( ISS2_20200131_211838_RS41_bufr309052_1.preproc) DUPLICATE timePeriods found (in time order)! prev_time = 4642, current timePeriod = 4642
Key is extendedVerticalSoundingSignificance. Value is 65536! DROP THIS Mandatory Level Rec! Reset writePrevRecToOuput to zero. DROP REC! current_time = 4642
WARNING: ParseRawFile( ISS2_20200131_211838_RS41_bufr309052_1.preproc ) DROP REC: NOT writing prev rec to output at record = 4652. twice-prev_time = 4642 (Dropping Rec between these two times.) Current Time= 4643
WARNING: ParseRawFile( ISS2_20200131_211838_RS41_bufr309052_1.preproc) Found Out of Time Order record. Write CURRENT/All recs to output.  current time = 2785 < prev_time= 4673

----------
Processing file: OTREC_NUQU_20190807_102733_RS41_bufr309052_1.preproc
ParseRawFile( OTREC_NUQU_20190807_102733_RS41_bufr309052_1.preproc) Found Regular Sounding. This is NOT a PIBAL. Found at least one Temp, Press, or nonCoordGeoPotHt.
(2)Input file name: OTREC_NUQU_20190807_102733_RS41_bufr309052_1.preproc ; Output file name is GTS_BUFR_Nuqui_201908071027_01_SONDE.cls
WARNING: ParseRawFile( OTREC_NUQU_20190807_102733_RS41_bufr309052_1.preproc) DUPLICATE timePeriods found (in time order)! prev_time = 20, current timePeriod = 20
Key is extendedVerticalSoundingSignificance. Value is 65536! DROP THIS Mandatory Level Rec! Reset writePrevRecToOuput to zero. DROP REC! current_time = 20
WARNING: ParseRawFile( OTREC_NUQU_20190807_102733_RS41_bufr309052_1.preproc ) DROP REC: NOT writing prev rec to output at record = 22. twice-prev_time = 20 (Dropping Rec between these two times.) Current Time= 21
WARNING: ParseRawFile( OTREC_NUQU_20190807_102733_RS41_bufr309052_1.preproc) DUPLICATE timePeriods found (in time order)! prev_time = 159, current timePeriod = 159
Key is extendedVerticalSoundingSignificance. Value is 65536! DROP THIS Mandatory Level Rec! Reset writePrevRecToOuput to zero. DROP REC! current_time = 159
WARNING: ParseRawFile( OTREC_NUQU_20190807_102733_RS41_bufr309052_1.preproc ) DROP REC: NOT writing prev rec to output at record = 162. twice-prev_time = 159 (Dropping Rec between these two times.) Current Time= 160
WARNING: ParseRawFile( OTREC_NUQU_20190807_102733_RS41_bufr309052_1.preproc) DUPLICATE timePeriods found (in time order)! prev_time = 306, current timePeriod = 306
Key is extendedVerticalSoundingSignificance. Value is 65536! DROP THIS Mandatory Level Rec! Reset writePrevRecToOuput to zero. DROP REC! current_time = 306
WARNING: ParseRawFile( OTREC_NUQU_20190807_102733_RS41_bufr309052_1.preproc ) DROP REC: NOT writing prev rec to output at record = 310. twice-prev_time = 306 (Dropping Rec between these two times.) Current Time= 307
WARNING: ParseRawFile( OTREC_NUQU_20190807_102733_RS41_bufr309052_1.preproc) DUPLICATE timePeriods found (in time order)! prev_time = 627, current timePeriod = 627
Key is extendedVerticalSoundingSignificance. Value is 65536! DROP THIS Mandatory Level Rec! Reset writePrevRecToOuput to zero. DROP REC! current_time = 627
WARNING: ParseRawFile( OTREC_NUQU_20190807_102733_RS41_bufr309052_1.preproc ) DROP REC: NOT writing prev rec to output at record = 632. twice-prev_time = 627 (Dropping Rec between these two times.) Current Time= 628
Key is extendedVerticalSoundingSignificance. Value is 65536! DROP THIS Mandatory Level Rec! Reset writePrevRecToOuput to zero. DROP REC! current_time = 1214
WARNING: ParseRawFile( OTREC_NUQU_20190807_102733_RS41_bufr309052_1.preproc ) DROP REC: NOT writing prev rec to output at record = 1219. twice-prev_time = 1213 (Dropping Rec between these two times.) Current Time= 1214
WARNING: ParseRawFile( OTREC_NUQU_20190807_102733_RS41_bufr309052_1.preproc) DUPLICATE timePeriods found (in time order)! prev_time = 1214, current timePeriod = 1214
WARNING: ParseRawFile( OTREC_NUQU_20190807_102733_RS41_bufr309052_1.preproc) DUPLICATE timePeriods found (in time order)! prev_time = 1593, current timePeriod = 1593
Key is extendedVerticalSoundingSignificance. Value is 65536! DROP THIS Mandatory Level Rec! Reset writePrevRecToOuput to zero. DROP REC! current_time = 1593
WARNING: ParseRawFile( OTREC_NUQU_20190807_102733_RS41_bufr309052_1.preproc ) DROP REC: NOT writing prev rec to output at record = 1600. twice-prev_time = 1593 (Dropping Rec between these two times.) Current Time= 1594
WARNING: ParseRawFile( OTREC_NUQU_20190807_102733_RS41_bufr309052_1.preproc) DUPLICATE timePeriods found (in time order)! prev_time = 2054, current timePeriod = 2054
Key is extendedVerticalSoundingSignificance. Value is 65536! DROP THIS Mandatory Level Rec! Reset writePrevRecToOuput to zero. DROP REC! current_time = 2054
WARNING: ParseRawFile( OTREC_NUQU_20190807_102733_RS41_bufr309052_1.preproc ) DROP REC: NOT writing prev rec to output at record = 2062. twice-prev_time = 2054 (Dropping Rec between these two times.) Current Time= 2055
WARNING: ParseRawFile( OTREC_NUQU_20190807_102733_RS41_bufr309052_1.preproc) DUPLICATE timePeriods found (in time order)! prev_time = 2293, current timePeriod = 2293
Key is extendedVerticalSoundingSignificance. Value is 65536! DROP THIS Mandatory Level Rec! Reset writePrevRecToOuput to zero. DROP REC! current_time = 2293
WARNING: ParseRawFile( OTREC_NUQU_20190807_102733_RS41_bufr309052_1.preproc ) DROP REC: NOT writing prev rec to output at record = 2302. twice-prev_time = 2293 (Dropping Rec between these two times.) Current Time= 2294
Key is extendedVerticalSoundingSignificance. Value is 65536! DROP THIS Mandatory Level Rec! Reset writePrevRecToOuput to zero. DROP REC! current_time = 2635
WARNING: ParseRawFile( OTREC_NUQU_20190807_102733_RS41_bufr309052_1.preproc ) DROP REC: NOT writing prev rec to output at record = 2644. twice-prev_time = 2634 (Dropping Rec between these two times.) Current Time= 2635
WARNING: ParseRawFile( OTREC_NUQU_20190807_102733_RS41_bufr309052_1.preproc) DUPLICATE timePeriods found (in time order)! prev_time = 2635, current timePeriod = 2635
WARNING: ParseRawFile( OTREC_NUQU_20190807_102733_RS41_bufr309052_1.preproc) DUPLICATE timePeriods found (in time order)! prev_time = 2994, current timePeriod = 2994
Key is extendedVerticalSoundingSignificance. Value is 65536! DROP THIS Mandatory Level Rec! Reset writePrevRecToOuput to zero. DROP REC! current_time = 2994
WARNING: ParseRawFile( OTREC_NUQU_20190807_102733_RS41_bufr309052_1.preproc ) DROP REC: NOT writing prev rec to output at record = 3005. twice-prev_time = 2994 (Dropping Rec between these two times.) Current Time= 2995
WARNING: ParseRawFile( OTREC_NUQU_20190807_102733_RS41_bufr309052_1.preproc) DUPLICATE timePeriods found (in time order)! prev_time = 3493, current timePeriod = 3493
Key is extendedVerticalSoundingSignificance. Value is 65536! DROP THIS Mandatory Level Rec! Reset writePrevRecToOuput to zero. DROP REC! current_time = 3493
WARNING: ParseRawFile( OTREC_NUQU_20190807_102733_RS41_bufr309052_1.preproc ) DROP REC: NOT writing prev rec to output at record = 3505. twice-prev_time = 3493 (Dropping Rec between these two times.) Current Time= 3494
WARNING: ParseRawFile( OTREC_NUQU_20190807_102733_RS41_bufr309052_1.preproc) DUPLICATE timePeriods found (in time order)! prev_time = 3941, current timePeriod = 3941
Key is extendedVerticalSoundingSignificance. Value is 65536! DROP THIS Mandatory Level Rec! Reset writePrevRecToOuput to zero. DROP REC! current_time = 3941
WARNING: ParseRawFile( OTREC_NUQU_20190807_102733_RS41_bufr309052_1.preproc ) DROP REC: NOT writing prev rec to output at record = 3954. twice-prev_time = 3941 (Dropping Rec between these two times.) Current Time= 3942
WARNING: ParseRawFile( OTREC_NUQU_20190807_102733_RS41_bufr309052_1.preproc) DUPLICATE timePeriods found (in time order)! prev_time = 4344, current timePeriod = 4344
Key is extendedVerticalSoundingSignificance. Value is 65536! DROP THIS Mandatory Level Rec! Reset writePrevRecToOuput to zero. DROP REC! current_time = 4344
WARNING: ParseRawFile( OTREC_NUQU_20190807_102733_RS41_bufr309052_1.preproc ) DROP REC: NOT writing prev rec to output at record = 4358. twice-prev_time = 4344 (Dropping Rec between these two times.) Current Time= 4345
WARNING: ParseRawFile( OTREC_NUQU_20190807_102733_RS41_bufr309052_1.preproc) DUPLICATE timePeriods found (in time order)! prev_time = 4948, current timePeriod = 4948
Key is extendedVerticalSoundingSignificance. Value is 65536! DROP THIS Mandatory Level Rec! Reset writePrevRecToOuput to zero. DROP REC! current_time = 4948
WARNING: ParseRawFile( OTREC_NUQU_20190807_102733_RS41_bufr309052_1.preproc ) DROP REC: NOT writing prev rec to output at record = 4963. twice-prev_time = 4948 (Dropping Rec between these two times.) Current Time= 4949
WARNING: ParseRawFile( OTREC_NUQU_20190807_102733_RS41_bufr309052_1.preproc) DUPLICATE timePeriods found (in time order)! prev_time = 5420, current timePeriod = 5420
Key is extendedVerticalSoundingSignificance. Value is 65536! DROP THIS Mandatory Level Rec! Reset writePrevRecToOuput to zero. DROP REC! current_time = 5420
WARNING: ParseRawFile( OTREC_NUQU_20190807_102733_RS41_bufr309052_1.preproc ) DROP REC: NOT writing prev rec to output at record = 5436. twice-prev_time = 5420 (Dropping Rec between these two times.) Current Time= 5421

----------
Processing file: rlmpg_201901301105.87623_ar_sounding_1.preproc
WARNING: ParseRawFile( rlmpg_201901301105.87623_ar_sounding_1.preproc) timePeriods out of order! prev_timePeriod = 4484, current timePeriod = 2022
ParseRawFile( rlmpg_201901301105.87623_ar_sounding_1.preproc) Found Regular Sounding. This is NOT a PIBAL. Found at least one Temp, Press, or nonCoordGeoPotHt.

ERROR/WARNING: Unexpected SITE NAME!  Not NUQU, STCZ, or LIMO! country =  . Turn on DEBUG! NOT!!!

ERROR/WARNING: Unexpected SITE NAME!  Not NUQU, STCZ, or LIMO! site = UNKNOWN
(2)Input file name: rlmpg_201901301105.87623_ar_sounding_1.preproc ; Output file name is GTS_BUFR_UNKNOWN_201901301105_201901301105_SONDE.cls
Key is extendedVerticalSoundingSignificance. Value is 65536! DROP THIS Mandatory Level Rec! Reset writePrevRecToOuput to zero. DROP REC! current_time = 231
WARNING: ParseRawFile( rlmpg_201901301105.87623_ar_sounding_1.preproc ) DROP REC: NOT writing prev rec to output at record = 121. twice-prev_time = 230 (Dropping Rec between these two times.) Current Time= 232
Key is extendedVerticalSoundingSignificance. Value is 65536! DROP THIS Mandatory Level Rec! Reset writePrevRecToOuput to zero. DROP REC! current_time = 508
WARNING: ParseRawFile( rlmpg_201901301105.87623_ar_sounding_1.preproc ) DROP REC: NOT writing prev rec to output at record = 260. twice-prev_time = 506 (Dropping Rec between these two times.) Current Time= 510
Key is extendedVerticalSoundingSignificance. Value is 65536! DROP THIS Mandatory Level Rec! Reset writePrevRecToOuput to zero. DROP REC! current_time = 992
WARNING: ParseRawFile( rlmpg_201901301105.87623_ar_sounding_1.preproc ) DROP REC: NOT writing prev rec to output at record = 506. twice-prev_time = 990 (Dropping Rec between these two times.) Current Time= 994
Key is extendedVerticalSoundingSignificance. Value is 65536! DROP THIS Mandatory Level Rec! Reset writePrevRecToOuput to zero. DROP REC! current_time = 1665
WARNING: ParseRawFile( rlmpg_201901301105.87623_ar_sounding_1.preproc ) DROP REC: NOT writing prev rec to output at record = 846. twice-prev_time = 1664 (Dropping Rec between these two times.) Current Time= 1666
Key is extendedVerticalSoundingSignificance. Value is 65536! DROP THIS Mandatory Level Rec! Reset writePrevRecToOuput to zero. DROP REC! current_time = 1901
WARNING: ParseRawFile( rlmpg_201901301105.87623_ar_sounding_1.preproc ) DROP REC: NOT writing prev rec to output at record = 966. twice-prev_time = 1900 (Dropping Rec between these two times.) Current Time= 1902
WARNING: ParseRawFile( rlmpg_201901301105.87623_ar_sounding_1.preproc) Found Out of Time Order record. Write CURRENT/All recs to output.  current time = 2022 < prev_time= 4484

GTSBUFR_Radiosonde_Converter_RealTime.pl ended on Thu Feb 13 15:34:36 2020
