
GTSBUFR_Radiosonde_Converter_RealTime.pl began on Mon Mar  9 10:02:22 2020
ARGV Values: PROJECT: SWEX, Input RAW_DIR: ../output_preproc_data, OUTPUT_DIR: ../output_esc,  KeepEVSSrecs:  0

----------
Processing file: SWEX_ISS2_RS41_bufr309052_20200131_211838_1.preproc
WARNING: ParseRawFile( SWEX_ISS2_RS41_bufr309052_20200131_211838_1.preproc) timePeriods out of order! prev_timePeriod = 4673, current timePeriod = 2785
ParseRawFile( SWEX_ISS2_RS41_bufr309052_20200131_211838_1.preproc) Found Regular Sounding. This is NOT a PIBAL. Found at least one Temp, Press, or nonCoordGeoPotHt.
(2)Input file name: SWEX_ISS2_RS41_bufr309052_20200131_211838_1.preproc ; Output file name is GTS_BUFR_Lake_Cachuma_202001312118_01_SONDE.cls
Key is extendedVerticalSoundingSignificance. Value is 65536! DROP THIS Mandatory Level Rec! Reset writePrevRecToOuput to zero. DROP REC! current_time = 0
WARNING: ParseRawFile( SWEX_ISS2_RS41_bufr309052_20200131_211838_1.preproc) airTemperature is zero Kelvin or NULL! current_time = 0
WARNING: ParseRawFile( SWEX_ISS2_RS41_bufr309052_20200131_211838_1.preproc) dewpointTemperature is Null or zero Kelvin! current_time = 0
WARNING: ParseRawFile( SWEX_ISS2_RS41_bufr309052_20200131_211838_1.preproc) Wind Dir is Null! current_time = 0 
WARNING: ParseRawFile( SWEX_ISS2_RS41_bufr309052_20200131_211838_1.preproc) Wind Speed is Null! current_time = 0 
WARNING: ParseRawFile( SWEX_ISS2_RS41_bufr309052_20200131_211838_1.preproc) DUPLICATE timePeriods found (in time order)! prev_time = 0, current timePeriod = 0
Key is extendedVerticalSoundingSignificance. Value is 65536! DROP THIS Mandatory Level Rec! Reset writePrevRecToOuput to zero. DROP REC! current_time = 0
WARNING: ParseRawFile( SWEX_ISS2_RS41_bufr309052_20200131_211838_1.preproc) airTemperature is zero Kelvin or NULL! current_time = 0
WARNING: ParseRawFile( SWEX_ISS2_RS41_bufr309052_20200131_211838_1.preproc) dewpointTemperature is Null or zero Kelvin! current_time = 0
WARNING: ParseRawFile( SWEX_ISS2_RS41_bufr309052_20200131_211838_1.preproc) Wind Dir is Null! current_time = 0 
WARNING: ParseRawFile( SWEX_ISS2_RS41_bufr309052_20200131_211838_1.preproc) Wind Speed is Null! current_time = 0 
WARNING: ParseRawFile( SWEX_ISS2_RS41_bufr309052_20200131_211838_1.preproc) DUPLICATE timePeriods found (in time order)! prev_time = 0, current timePeriod = 0
Key is extendedVerticalSoundingSignificance. Value is 65536! DROP THIS Mandatory Level Rec! Reset writePrevRecToOuput to zero. DROP REC! current_time = 0
WARNING: ParseRawFile( SWEX_ISS2_RS41_bufr309052_20200131_211838_1.preproc) airTemperature is zero Kelvin or NULL! current_time = 0
WARNING: ParseRawFile( SWEX_ISS2_RS41_bufr309052_20200131_211838_1.preproc) dewpointTemperature is Null or zero Kelvin! current_time = 0
WARNING: ParseRawFile( SWEX_ISS2_RS41_bufr309052_20200131_211838_1.preproc) Wind Dir is Null! current_time = 0 
WARNING: ParseRawFile( SWEX_ISS2_RS41_bufr309052_20200131_211838_1.preproc) Wind Speed is Null! current_time = 0 
WARNING: ParseRawFile( SWEX_ISS2_RS41_bufr309052_20200131_211838_1.preproc) DUPLICATE timePeriods found (in time order)! prev_time = 0, current timePeriod = 0
WARNING: ParseRawFile( SWEX_ISS2_RS41_bufr309052_20200131_211838_1.preproc) DUPLICATE timePeriods found (in time order)! prev_time = 339, current timePeriod = 339
Key is extendedVerticalSoundingSignificance. Value is 65536! DROP THIS Mandatory Level Rec! Reset writePrevRecToOuput to zero. DROP REC! current_time = 339
WARNING: ParseRawFile( SWEX_ISS2_RS41_bufr309052_20200131_211838_1.preproc ) DROP REC: NOT writing prev rec to output at record = 340. twice-prev_time = 339 (Dropping Rec between these two times.) Current Time= 340
Key is extendedVerticalSoundingSignificance. Value is 65536! DROP THIS Mandatory Level Rec! Reset writePrevRecToOuput to zero. DROP REC! current_time = 1142
WARNING: ParseRawFile( SWEX_ISS2_RS41_bufr309052_20200131_211838_1.preproc ) DROP REC: NOT writing prev rec to output at record = 1143. twice-prev_time = 1141 (Dropping Rec between these two times.) Current Time= 1142
WARNING: ParseRawFile( SWEX_ISS2_RS41_bufr309052_20200131_211838_1.preproc) DUPLICATE timePeriods found (in time order)! prev_time = 1142, current timePeriod = 1142
WARNING: ParseRawFile( SWEX_ISS2_RS41_bufr309052_20200131_211838_1.preproc) DUPLICATE timePeriods found (in time order)! prev_time = 1618, current timePeriod = 1618
Key is extendedVerticalSoundingSignificance. Value is 65536! DROP THIS Mandatory Level Rec! Reset writePrevRecToOuput to zero. DROP REC! current_time = 1618
WARNING: ParseRawFile( SWEX_ISS2_RS41_bufr309052_20200131_211838_1.preproc ) DROP REC: NOT writing prev rec to output at record = 1621. twice-prev_time = 1618 (Dropping Rec between these two times.) Current Time= 1619
WARNING: ParseRawFile( SWEX_ISS2_RS41_bufr309052_20200131_211838_1.preproc) DUPLICATE timePeriods found (in time order)! prev_time = 2123, current timePeriod = 2123
Key is extendedVerticalSoundingSignificance. Value is 65536! DROP THIS Mandatory Level Rec! Reset writePrevRecToOuput to zero. DROP REC! current_time = 2123
WARNING: ParseRawFile( SWEX_ISS2_RS41_bufr309052_20200131_211838_1.preproc ) DROP REC: NOT writing prev rec to output at record = 2127. twice-prev_time = 2123 (Dropping Rec between these two times.) Current Time= 2124
Key is extendedVerticalSoundingSignificance. Value is 65536! DROP THIS Mandatory Level Rec! Reset writePrevRecToOuput to zero. DROP REC! current_time = 2408
WARNING: ParseRawFile( SWEX_ISS2_RS41_bufr309052_20200131_211838_1.preproc ) DROP REC: NOT writing prev rec to output at record = 2412. twice-prev_time = 2407 (Dropping Rec between these two times.) Current Time= 2408
WARNING: ParseRawFile( SWEX_ISS2_RS41_bufr309052_20200131_211838_1.preproc) DUPLICATE timePeriods found (in time order)! prev_time = 2408, current timePeriod = 2408
WARNING: ParseRawFile( SWEX_ISS2_RS41_bufr309052_20200131_211838_1.preproc) DUPLICATE timePeriods found (in time order)! prev_time = 2739, current timePeriod = 2739
Key is extendedVerticalSoundingSignificance. Value is 65536! DROP THIS Mandatory Level Rec! Reset writePrevRecToOuput to zero. DROP REC! current_time = 2739
WARNING: ParseRawFile( SWEX_ISS2_RS41_bufr309052_20200131_211838_1.preproc ) DROP REC: NOT writing prev rec to output at record = 2745. twice-prev_time = 2739 (Dropping Rec between these two times.) Current Time= 2740
WARNING: ParseRawFile( SWEX_ISS2_RS41_bufr309052_20200131_211838_1.preproc) DUPLICATE timePeriods found (in time order)! prev_time = 3133, current timePeriod = 3133
Key is extendedVerticalSoundingSignificance. Value is 65536! DROP THIS Mandatory Level Rec! Reset writePrevRecToOuput to zero. DROP REC! current_time = 3133
WARNING: ParseRawFile( SWEX_ISS2_RS41_bufr309052_20200131_211838_1.preproc ) DROP REC: NOT writing prev rec to output at record = 3140. twice-prev_time = 3133 (Dropping Rec between these two times.) Current Time= 3134
WARNING: ParseRawFile( SWEX_ISS2_RS41_bufr309052_20200131_211838_1.preproc) DUPLICATE timePeriods found (in time order)! prev_time = 3707, current timePeriod = 3707
Key is extendedVerticalSoundingSignificance. Value is 65536! DROP THIS Mandatory Level Rec! Reset writePrevRecToOuput to zero. DROP REC! current_time = 3707
WARNING: ParseRawFile( SWEX_ISS2_RS41_bufr309052_20200131_211838_1.preproc ) DROP REC: NOT writing prev rec to output at record = 3715. twice-prev_time = 3707 (Dropping Rec between these two times.) Current Time= 3708
WARNING: ParseRawFile( SWEX_ISS2_RS41_bufr309052_20200131_211838_1.preproc) DUPLICATE timePeriods found (in time order)! prev_time = 4201, current timePeriod = 4201
Key is extendedVerticalSoundingSignificance. Value is 65536! DROP THIS Mandatory Level Rec! Reset writePrevRecToOuput to zero. DROP REC! current_time = 4201
WARNING: ParseRawFile( SWEX_ISS2_RS41_bufr309052_20200131_211838_1.preproc ) DROP REC: NOT writing prev rec to output at record = 4210. twice-prev_time = 4201 (Dropping Rec between these two times.) Current Time= 4202
WARNING: ParseRawFile( SWEX_ISS2_RS41_bufr309052_20200131_211838_1.preproc) DUPLICATE timePeriods found (in time order)! prev_time = 4642, current timePeriod = 4642
Key is extendedVerticalSoundingSignificance. Value is 65536! DROP THIS Mandatory Level Rec! Reset writePrevRecToOuput to zero. DROP REC! current_time = 4642
WARNING: ParseRawFile( SWEX_ISS2_RS41_bufr309052_20200131_211838_1.preproc ) DROP REC: NOT writing prev rec to output at record = 4652. twice-prev_time = 4642 (Dropping Rec between these two times.) Current Time= 4643
WARNING: ParseRawFile( SWEX_ISS2_RS41_bufr309052_20200131_211838_1.preproc) Found Out of Time Order record. Write CURRENT/All recs to output.  current time = 2785 < prev_time= 4673

----------
Processing file: SWEX_ISS3_RS41_bufr309052_20200202_211838_1.preproc
WARNING: ParseRawFile( SWEX_ISS3_RS41_bufr309052_20200202_211838_1.preproc) timePeriods out of order! prev_timePeriod = 4673, current timePeriod = 2785
ParseRawFile( SWEX_ISS3_RS41_bufr309052_20200202_211838_1.preproc) Found Regular Sounding. This is NOT a PIBAL. Found at least one Temp, Press, or nonCoordGeoPotHt.
(2)Input file name: SWEX_ISS3_RS41_bufr309052_20200202_211838_1.preproc ; Output file name is GTS_BUFR_UCSB_Sedgewick_202001312118_01_SONDE.cls
Key is extendedVerticalSoundingSignificance. Value is 65536! DROP THIS Mandatory Level Rec! Reset writePrevRecToOuput to zero. DROP REC! current_time = 0
WARNING: ParseRawFile( SWEX_ISS3_RS41_bufr309052_20200202_211838_1.preproc) airTemperature is zero Kelvin or NULL! current_time = 0
WARNING: ParseRawFile( SWEX_ISS3_RS41_bufr309052_20200202_211838_1.preproc) dewpointTemperature is Null or zero Kelvin! current_time = 0
WARNING: ParseRawFile( SWEX_ISS3_RS41_bufr309052_20200202_211838_1.preproc) Wind Dir is Null! current_time = 0 
WARNING: ParseRawFile( SWEX_ISS3_RS41_bufr309052_20200202_211838_1.preproc) Wind Speed is Null! current_time = 0 
WARNING: ParseRawFile( SWEX_ISS3_RS41_bufr309052_20200202_211838_1.preproc) DUPLICATE timePeriods found (in time order)! prev_time = 0, current timePeriod = 0
Key is extendedVerticalSoundingSignificance. Value is 65536! DROP THIS Mandatory Level Rec! Reset writePrevRecToOuput to zero. DROP REC! current_time = 0
WARNING: ParseRawFile( SWEX_ISS3_RS41_bufr309052_20200202_211838_1.preproc) airTemperature is zero Kelvin or NULL! current_time = 0
WARNING: ParseRawFile( SWEX_ISS3_RS41_bufr309052_20200202_211838_1.preproc) dewpointTemperature is Null or zero Kelvin! current_time = 0
WARNING: ParseRawFile( SWEX_ISS3_RS41_bufr309052_20200202_211838_1.preproc) Wind Dir is Null! current_time = 0 
WARNING: ParseRawFile( SWEX_ISS3_RS41_bufr309052_20200202_211838_1.preproc) Wind Speed is Null! current_time = 0 
WARNING: ParseRawFile( SWEX_ISS3_RS41_bufr309052_20200202_211838_1.preproc) DUPLICATE timePeriods found (in time order)! prev_time = 0, current timePeriod = 0
Key is extendedVerticalSoundingSignificance. Value is 65536! DROP THIS Mandatory Level Rec! Reset writePrevRecToOuput to zero. DROP REC! current_time = 0
WARNING: ParseRawFile( SWEX_ISS3_RS41_bufr309052_20200202_211838_1.preproc) airTemperature is zero Kelvin or NULL! current_time = 0
WARNING: ParseRawFile( SWEX_ISS3_RS41_bufr309052_20200202_211838_1.preproc) dewpointTemperature is Null or zero Kelvin! current_time = 0
WARNING: ParseRawFile( SWEX_ISS3_RS41_bufr309052_20200202_211838_1.preproc) Wind Dir is Null! current_time = 0 
WARNING: ParseRawFile( SWEX_ISS3_RS41_bufr309052_20200202_211838_1.preproc) Wind Speed is Null! current_time = 0 
WARNING: ParseRawFile( SWEX_ISS3_RS41_bufr309052_20200202_211838_1.preproc) DUPLICATE timePeriods found (in time order)! prev_time = 0, current timePeriod = 0
WARNING: ParseRawFile( SWEX_ISS3_RS41_bufr309052_20200202_211838_1.preproc) DUPLICATE timePeriods found (in time order)! prev_time = 339, current timePeriod = 339
Key is extendedVerticalSoundingSignificance. Value is 65536! DROP THIS Mandatory Level Rec! Reset writePrevRecToOuput to zero. DROP REC! current_time = 339
WARNING: ParseRawFile( SWEX_ISS3_RS41_bufr309052_20200202_211838_1.preproc ) DROP REC: NOT writing prev rec to output at record = 340. twice-prev_time = 339 (Dropping Rec between these two times.) Current Time= 340
Key is extendedVerticalSoundingSignificance. Value is 65536! DROP THIS Mandatory Level Rec! Reset writePrevRecToOuput to zero. DROP REC! current_time = 1142
WARNING: ParseRawFile( SWEX_ISS3_RS41_bufr309052_20200202_211838_1.preproc ) DROP REC: NOT writing prev rec to output at record = 1143. twice-prev_time = 1141 (Dropping Rec between these two times.) Current Time= 1142
WARNING: ParseRawFile( SWEX_ISS3_RS41_bufr309052_20200202_211838_1.preproc) DUPLICATE timePeriods found (in time order)! prev_time = 1142, current timePeriod = 1142
WARNING: ParseRawFile( SWEX_ISS3_RS41_bufr309052_20200202_211838_1.preproc) DUPLICATE timePeriods found (in time order)! prev_time = 1618, current timePeriod = 1618
Key is extendedVerticalSoundingSignificance. Value is 65536! DROP THIS Mandatory Level Rec! Reset writePrevRecToOuput to zero. DROP REC! current_time = 1618
WARNING: ParseRawFile( SWEX_ISS3_RS41_bufr309052_20200202_211838_1.preproc ) DROP REC: NOT writing prev rec to output at record = 1621. twice-prev_time = 1618 (Dropping Rec between these two times.) Current Time= 1619
WARNING: ParseRawFile( SWEX_ISS3_RS41_bufr309052_20200202_211838_1.preproc) DUPLICATE timePeriods found (in time order)! prev_time = 2123, current timePeriod = 2123
Key is extendedVerticalSoundingSignificance. Value is 65536! DROP THIS Mandatory Level Rec! Reset writePrevRecToOuput to zero. DROP REC! current_time = 2123
WARNING: ParseRawFile( SWEX_ISS3_RS41_bufr309052_20200202_211838_1.preproc ) DROP REC: NOT writing prev rec to output at record = 2127. twice-prev_time = 2123 (Dropping Rec between these two times.) Current Time= 2124
Key is extendedVerticalSoundingSignificance. Value is 65536! DROP THIS Mandatory Level Rec! Reset writePrevRecToOuput to zero. DROP REC! current_time = 2408
WARNING: ParseRawFile( SWEX_ISS3_RS41_bufr309052_20200202_211838_1.preproc ) DROP REC: NOT writing prev rec to output at record = 2412. twice-prev_time = 2407 (Dropping Rec between these two times.) Current Time= 2408
WARNING: ParseRawFile( SWEX_ISS3_RS41_bufr309052_20200202_211838_1.preproc) DUPLICATE timePeriods found (in time order)! prev_time = 2408, current timePeriod = 2408
WARNING: ParseRawFile( SWEX_ISS3_RS41_bufr309052_20200202_211838_1.preproc) DUPLICATE timePeriods found (in time order)! prev_time = 2739, current timePeriod = 2739
Key is extendedVerticalSoundingSignificance. Value is 65536! DROP THIS Mandatory Level Rec! Reset writePrevRecToOuput to zero. DROP REC! current_time = 2739
WARNING: ParseRawFile( SWEX_ISS3_RS41_bufr309052_20200202_211838_1.preproc ) DROP REC: NOT writing prev rec to output at record = 2745. twice-prev_time = 2739 (Dropping Rec between these two times.) Current Time= 2740
WARNING: ParseRawFile( SWEX_ISS3_RS41_bufr309052_20200202_211838_1.preproc) DUPLICATE timePeriods found (in time order)! prev_time = 3133, current timePeriod = 3133
Key is extendedVerticalSoundingSignificance. Value is 65536! DROP THIS Mandatory Level Rec! Reset writePrevRecToOuput to zero. DROP REC! current_time = 3133
WARNING: ParseRawFile( SWEX_ISS3_RS41_bufr309052_20200202_211838_1.preproc ) DROP REC: NOT writing prev rec to output at record = 3140. twice-prev_time = 3133 (Dropping Rec between these two times.) Current Time= 3134
WARNING: ParseRawFile( SWEX_ISS3_RS41_bufr309052_20200202_211838_1.preproc) DUPLICATE timePeriods found (in time order)! prev_time = 3707, current timePeriod = 3707
Key is extendedVerticalSoundingSignificance. Value is 65536! DROP THIS Mandatory Level Rec! Reset writePrevRecToOuput to zero. DROP REC! current_time = 3707
WARNING: ParseRawFile( SWEX_ISS3_RS41_bufr309052_20200202_211838_1.preproc ) DROP REC: NOT writing prev rec to output at record = 3715. twice-prev_time = 3707 (Dropping Rec between these two times.) Current Time= 3708
WARNING: ParseRawFile( SWEX_ISS3_RS41_bufr309052_20200202_211838_1.preproc) DUPLICATE timePeriods found (in time order)! prev_time = 4201, current timePeriod = 4201
Key is extendedVerticalSoundingSignificance. Value is 65536! DROP THIS Mandatory Level Rec! Reset writePrevRecToOuput to zero. DROP REC! current_time = 4201
WARNING: ParseRawFile( SWEX_ISS3_RS41_bufr309052_20200202_211838_1.preproc ) DROP REC: NOT writing prev rec to output at record = 4210. twice-prev_time = 4201 (Dropping Rec between these two times.) Current Time= 4202
WARNING: ParseRawFile( SWEX_ISS3_RS41_bufr309052_20200202_211838_1.preproc) DUPLICATE timePeriods found (in time order)! prev_time = 4642, current timePeriod = 4642
Key is extendedVerticalSoundingSignificance. Value is 65536! DROP THIS Mandatory Level Rec! Reset writePrevRecToOuput to zero. DROP REC! current_time = 4642
WARNING: ParseRawFile( SWEX_ISS3_RS41_bufr309052_20200202_211838_1.preproc ) DROP REC: NOT writing prev rec to output at record = 4652. twice-prev_time = 4642 (Dropping Rec between these two times.) Current Time= 4643
WARNING: ParseRawFile( SWEX_ISS3_RS41_bufr309052_20200202_211838_1.preproc) Found Out of Time Order record. Write CURRENT/All recs to output.  current time = 2785 < prev_time= 4673

----------
Processing file: SWEX_SBFDHQ_DFM09_bufr0309052_20200306_210833_1.preproc
     ERROR: ParseRawFile( SWEX_SBFDHQ_DFM09_bufr0309052_20200306_210833_1.preproc)  Null timePeriod Value! input_key = timePeriod, value = null
WARNING: ParseRawFile( SWEX_SBFDHQ_DFM09_bufr0309052_20200306_210833_1.preproc) Resetting NULL time to -999.9 ,  input_key = timePeriod  , value = -999.9 , prev_timePeriod = 1470
ParseRawFile( SWEX_SBFDHQ_DFM09_bufr0309052_20200306_210833_1.preproc) Found Regular Sounding. This is NOT a PIBAL. Found at least one Temp, Press, or nonCoordGeoPotHt.
(2)Input file name: SWEX_SBFDHQ_DFM09_bufr0309052_20200306_210833_1.preproc ; Output file name is GTS_BUFR_SBFDHQ_202003062108_01_SONDE.cls
Key is extendedVerticalSoundingSignificance. Value is 65536! DROP THIS Mandatory Level Rec! Reset writePrevRecToOuput to zero. DROP REC! current_time = 15
WARNING: ParseRawFile( SWEX_SBFDHQ_DFM09_bufr0309052_20200306_210833_1.preproc ) DROP REC: NOT writing prev rec to output at record = 16. twice-prev_time = 14 (Dropping Rec between these two times.) Current Time= 16
Key is extendedVerticalSoundingSignificance. Value is 65536! DROP THIS Mandatory Level Rec! Reset writePrevRecToOuput to zero. DROP REC! current_time = 336
WARNING: ParseRawFile( SWEX_SBFDHQ_DFM09_bufr0309052_20200306_210833_1.preproc ) DROP REC: NOT writing prev rec to output at record = 337. twice-prev_time = 335 (Dropping Rec between these two times.) Current Time= 337
Key is extendedVerticalSoundingSignificance. Value is 65536! DROP THIS Mandatory Level Rec! Reset writePrevRecToOuput to zero. DROP REC! current_time = 732
WARNING: ParseRawFile( SWEX_SBFDHQ_DFM09_bufr0309052_20200306_210833_1.preproc ) DROP REC: NOT writing prev rec to output at record = 733. twice-prev_time = 731 (Dropping Rec between these two times.) Current Time= 733
     ERROR: ParseRawFile( SWEX_SBFDHQ_DFM09_bufr0309052_20200306_210833_1.preproc)  Null timePeriod Value! input_key = timePeriod, value = null, prev_time = 1469
WARNING: ParseRawFile( SWEX_SBFDHQ_DFM09_bufr0309052_20200306_210833_1.preproc) Resetting NULL time to -999.9 ,  input_key = timePeriod  , value = null , prev_time = 1469
WARNING: ParseRawFile( SWEX_SBFDHQ_DFM09_bufr0309052_20200306_210833_1.preproc) Found Out of Time Order record. Write CURRENT/All recs to output.  current time = -999.9 < prev_time= 1470
WARNING: ParseRawFile( SWEX_SBFDHQ_DFM09_bufr0309052_20200306_210833_1.preproc) Pressure is zero or Null! current_time = -999.9 
WARNING: ParseRawFile( SWEX_SBFDHQ_DFM09_bufr0309052_20200306_210833_1.preproc) Latitude is Null! current_time = -999.9
WARNING: ParseRawFile( SWEX_SBFDHQ_DFM09_bufr0309052_20200306_210833_1.preproc) Longitude is Null! current_time = -999.9

----------
Processing file: SWEX_SBFDHQ_DFM09_bufr309052_20200122_211838_1.preproc
WARNING: ParseRawFile( SWEX_SBFDHQ_DFM09_bufr309052_20200122_211838_1.preproc) timePeriods out of order! prev_timePeriod = 4673, current timePeriod = 2785
ParseRawFile( SWEX_SBFDHQ_DFM09_bufr309052_20200122_211838_1.preproc) Found Regular Sounding. This is NOT a PIBAL. Found at least one Temp, Press, or nonCoordGeoPotHt.
(2)Input file name: SWEX_SBFDHQ_DFM09_bufr309052_20200122_211838_1.preproc ; Output file name is GTS_BUFR_SBFDHQ_202001312118_01_SONDE.cls
Key is extendedVerticalSoundingSignificance. Value is 65536! DROP THIS Mandatory Level Rec! Reset writePrevRecToOuput to zero. DROP REC! current_time = 0
WARNING: ParseRawFile( SWEX_SBFDHQ_DFM09_bufr309052_20200122_211838_1.preproc) airTemperature is zero Kelvin or NULL! current_time = 0
WARNING: ParseRawFile( SWEX_SBFDHQ_DFM09_bufr309052_20200122_211838_1.preproc) dewpointTemperature is Null or zero Kelvin! current_time = 0
WARNING: ParseRawFile( SWEX_SBFDHQ_DFM09_bufr309052_20200122_211838_1.preproc) Wind Dir is Null! current_time = 0 
WARNING: ParseRawFile( SWEX_SBFDHQ_DFM09_bufr309052_20200122_211838_1.preproc) Wind Speed is Null! current_time = 0 
WARNING: ParseRawFile( SWEX_SBFDHQ_DFM09_bufr309052_20200122_211838_1.preproc) DUPLICATE timePeriods found (in time order)! prev_time = 0, current timePeriod = 0
Key is extendedVerticalSoundingSignificance. Value is 65536! DROP THIS Mandatory Level Rec! Reset writePrevRecToOuput to zero. DROP REC! current_time = 0
WARNING: ParseRawFile( SWEX_SBFDHQ_DFM09_bufr309052_20200122_211838_1.preproc) airTemperature is zero Kelvin or NULL! current_time = 0
WARNING: ParseRawFile( SWEX_SBFDHQ_DFM09_bufr309052_20200122_211838_1.preproc) dewpointTemperature is Null or zero Kelvin! current_time = 0
WARNING: ParseRawFile( SWEX_SBFDHQ_DFM09_bufr309052_20200122_211838_1.preproc) Wind Dir is Null! current_time = 0 
WARNING: ParseRawFile( SWEX_SBFDHQ_DFM09_bufr309052_20200122_211838_1.preproc) Wind Speed is Null! current_time = 0 
WARNING: ParseRawFile( SWEX_SBFDHQ_DFM09_bufr309052_20200122_211838_1.preproc) DUPLICATE timePeriods found (in time order)! prev_time = 0, current timePeriod = 0
Key is extendedVerticalSoundingSignificance. Value is 65536! DROP THIS Mandatory Level Rec! Reset writePrevRecToOuput to zero. DROP REC! current_time = 0
WARNING: ParseRawFile( SWEX_SBFDHQ_DFM09_bufr309052_20200122_211838_1.preproc) airTemperature is zero Kelvin or NULL! current_time = 0
WARNING: ParseRawFile( SWEX_SBFDHQ_DFM09_bufr309052_20200122_211838_1.preproc) dewpointTemperature is Null or zero Kelvin! current_time = 0
WARNING: ParseRawFile( SWEX_SBFDHQ_DFM09_bufr309052_20200122_211838_1.preproc) Wind Dir is Null! current_time = 0 
WARNING: ParseRawFile( SWEX_SBFDHQ_DFM09_bufr309052_20200122_211838_1.preproc) Wind Speed is Null! current_time = 0 
WARNING: ParseRawFile( SWEX_SBFDHQ_DFM09_bufr309052_20200122_211838_1.preproc) DUPLICATE timePeriods found (in time order)! prev_time = 0, current timePeriod = 0
WARNING: ParseRawFile( SWEX_SBFDHQ_DFM09_bufr309052_20200122_211838_1.preproc) DUPLICATE timePeriods found (in time order)! prev_time = 339, current timePeriod = 339
Key is extendedVerticalSoundingSignificance. Value is 65536! DROP THIS Mandatory Level Rec! Reset writePrevRecToOuput to zero. DROP REC! current_time = 339
WARNING: ParseRawFile( SWEX_SBFDHQ_DFM09_bufr309052_20200122_211838_1.preproc ) DROP REC: NOT writing prev rec to output at record = 340. twice-prev_time = 339 (Dropping Rec between these two times.) Current Time= 340
Key is extendedVerticalSoundingSignificance. Value is 65536! DROP THIS Mandatory Level Rec! Reset writePrevRecToOuput to zero. DROP REC! current_time = 1142
WARNING: ParseRawFile( SWEX_SBFDHQ_DFM09_bufr309052_20200122_211838_1.preproc ) DROP REC: NOT writing prev rec to output at record = 1143. twice-prev_time = 1141 (Dropping Rec between these two times.) Current Time= 1142
WARNING: ParseRawFile( SWEX_SBFDHQ_DFM09_bufr309052_20200122_211838_1.preproc) DUPLICATE timePeriods found (in time order)! prev_time = 1142, current timePeriod = 1142
WARNING: ParseRawFile( SWEX_SBFDHQ_DFM09_bufr309052_20200122_211838_1.preproc) DUPLICATE timePeriods found (in time order)! prev_time = 1618, current timePeriod = 1618
Key is extendedVerticalSoundingSignificance. Value is 65536! DROP THIS Mandatory Level Rec! Reset writePrevRecToOuput to zero. DROP REC! current_time = 1618
WARNING: ParseRawFile( SWEX_SBFDHQ_DFM09_bufr309052_20200122_211838_1.preproc ) DROP REC: NOT writing prev rec to output at record = 1621. twice-prev_time = 1618 (Dropping Rec between these two times.) Current Time= 1619
WARNING: ParseRawFile( SWEX_SBFDHQ_DFM09_bufr309052_20200122_211838_1.preproc) DUPLICATE timePeriods found (in time order)! prev_time = 2123, current timePeriod = 2123
Key is extendedVerticalSoundingSignificance. Value is 65536! DROP THIS Mandatory Level Rec! Reset writePrevRecToOuput to zero. DROP REC! current_time = 2123
WARNING: ParseRawFile( SWEX_SBFDHQ_DFM09_bufr309052_20200122_211838_1.preproc ) DROP REC: NOT writing prev rec to output at record = 2127. twice-prev_time = 2123 (Dropping Rec between these two times.) Current Time= 2124
Key is extendedVerticalSoundingSignificance. Value is 65536! DROP THIS Mandatory Level Rec! Reset writePrevRecToOuput to zero. DROP REC! current_time = 2408
WARNING: ParseRawFile( SWEX_SBFDHQ_DFM09_bufr309052_20200122_211838_1.preproc ) DROP REC: NOT writing prev rec to output at record = 2412. twice-prev_time = 2407 (Dropping Rec between these two times.) Current Time= 2408
WARNING: ParseRawFile( SWEX_SBFDHQ_DFM09_bufr309052_20200122_211838_1.preproc) DUPLICATE timePeriods found (in time order)! prev_time = 2408, current timePeriod = 2408
WARNING: ParseRawFile( SWEX_SBFDHQ_DFM09_bufr309052_20200122_211838_1.preproc) DUPLICATE timePeriods found (in time order)! prev_time = 2739, current timePeriod = 2739
Key is extendedVerticalSoundingSignificance. Value is 65536! DROP THIS Mandatory Level Rec! Reset writePrevRecToOuput to zero. DROP REC! current_time = 2739
WARNING: ParseRawFile( SWEX_SBFDHQ_DFM09_bufr309052_20200122_211838_1.preproc ) DROP REC: NOT writing prev rec to output at record = 2745. twice-prev_time = 2739 (Dropping Rec between these two times.) Current Time= 2740
WARNING: ParseRawFile( SWEX_SBFDHQ_DFM09_bufr309052_20200122_211838_1.preproc) DUPLICATE timePeriods found (in time order)! prev_time = 3133, current timePeriod = 3133
Key is extendedVerticalSoundingSignificance. Value is 65536! DROP THIS Mandatory Level Rec! Reset writePrevRecToOuput to zero. DROP REC! current_time = 3133
WARNING: ParseRawFile( SWEX_SBFDHQ_DFM09_bufr309052_20200122_211838_1.preproc ) DROP REC: NOT writing prev rec to output at record = 3140. twice-prev_time = 3133 (Dropping Rec between these two times.) Current Time= 3134
WARNING: ParseRawFile( SWEX_SBFDHQ_DFM09_bufr309052_20200122_211838_1.preproc) DUPLICATE timePeriods found (in time order)! prev_time = 3707, current timePeriod = 3707
Key is extendedVerticalSoundingSignificance. Value is 65536! DROP THIS Mandatory Level Rec! Reset writePrevRecToOuput to zero. DROP REC! current_time = 3707
WARNING: ParseRawFile( SWEX_SBFDHQ_DFM09_bufr309052_20200122_211838_1.preproc ) DROP REC: NOT writing prev rec to output at record = 3715. twice-prev_time = 3707 (Dropping Rec between these two times.) Current Time= 3708
WARNING: ParseRawFile( SWEX_SBFDHQ_DFM09_bufr309052_20200122_211838_1.preproc) DUPLICATE timePeriods found (in time order)! prev_time = 4201, current timePeriod = 4201
Key is extendedVerticalSoundingSignificance. Value is 65536! DROP THIS Mandatory Level Rec! Reset writePrevRecToOuput to zero. DROP REC! current_time = 4201
WARNING: ParseRawFile( SWEX_SBFDHQ_DFM09_bufr309052_20200122_211838_1.preproc ) DROP REC: NOT writing prev rec to output at record = 4210. twice-prev_time = 4201 (Dropping Rec between these two times.) Current Time= 4202
WARNING: ParseRawFile( SWEX_SBFDHQ_DFM09_bufr309052_20200122_211838_1.preproc) DUPLICATE timePeriods found (in time order)! prev_time = 4642, current timePeriod = 4642
Key is extendedVerticalSoundingSignificance. Value is 65536! DROP THIS Mandatory Level Rec! Reset writePrevRecToOuput to zero. DROP REC! current_time = 4642
WARNING: ParseRawFile( SWEX_SBFDHQ_DFM09_bufr309052_20200122_211838_1.preproc ) DROP REC: NOT writing prev rec to output at record = 4652. twice-prev_time = 4642 (Dropping Rec between these two times.) Current Time= 4643
WARNING: ParseRawFile( SWEX_SBFDHQ_DFM09_bufr309052_20200122_211838_1.preproc) Found Out of Time Order record. Write CURRENT/All recs to output.  current time = 2785 < prev_time= 4673

----------
Processing file: SWEX_SBFDHQ_GRAW_bufr309052_20200122_211838_1.preproc
WARNING: ParseRawFile( SWEX_SBFDHQ_GRAW_bufr309052_20200122_211838_1.preproc) timePeriods out of order! prev_timePeriod = 4673, current timePeriod = 2785
ParseRawFile( SWEX_SBFDHQ_GRAW_bufr309052_20200122_211838_1.preproc) Found Regular Sounding. This is NOT a PIBAL. Found at least one Temp, Press, or nonCoordGeoPotHt.
(2)Input file name: SWEX_SBFDHQ_GRAW_bufr309052_20200122_211838_1.preproc ; Output file name is GTS_BUFR_SBFDHQ_202001312118_01_SONDE.cls
Key is extendedVerticalSoundingSignificance. Value is 65536! DROP THIS Mandatory Level Rec! Reset writePrevRecToOuput to zero. DROP REC! current_time = 0
WARNING: ParseRawFile( SWEX_SBFDHQ_GRAW_bufr309052_20200122_211838_1.preproc) airTemperature is zero Kelvin or NULL! current_time = 0
WARNING: ParseRawFile( SWEX_SBFDHQ_GRAW_bufr309052_20200122_211838_1.preproc) dewpointTemperature is Null or zero Kelvin! current_time = 0
WARNING: ParseRawFile( SWEX_SBFDHQ_GRAW_bufr309052_20200122_211838_1.preproc) Wind Dir is Null! current_time = 0 
WARNING: ParseRawFile( SWEX_SBFDHQ_GRAW_bufr309052_20200122_211838_1.preproc) Wind Speed is Null! current_time = 0 
WARNING: ParseRawFile( SWEX_SBFDHQ_GRAW_bufr309052_20200122_211838_1.preproc) DUPLICATE timePeriods found (in time order)! prev_time = 0, current timePeriod = 0
Key is extendedVerticalSoundingSignificance. Value is 65536! DROP THIS Mandatory Level Rec! Reset writePrevRecToOuput to zero. DROP REC! current_time = 0
WARNING: ParseRawFile( SWEX_SBFDHQ_GRAW_bufr309052_20200122_211838_1.preproc) airTemperature is zero Kelvin or NULL! current_time = 0
WARNING: ParseRawFile( SWEX_SBFDHQ_GRAW_bufr309052_20200122_211838_1.preproc) dewpointTemperature is Null or zero Kelvin! current_time = 0
WARNING: ParseRawFile( SWEX_SBFDHQ_GRAW_bufr309052_20200122_211838_1.preproc) Wind Dir is Null! current_time = 0 
WARNING: ParseRawFile( SWEX_SBFDHQ_GRAW_bufr309052_20200122_211838_1.preproc) Wind Speed is Null! current_time = 0 
WARNING: ParseRawFile( SWEX_SBFDHQ_GRAW_bufr309052_20200122_211838_1.preproc) DUPLICATE timePeriods found (in time order)! prev_time = 0, current timePeriod = 0
Key is extendedVerticalSoundingSignificance. Value is 65536! DROP THIS Mandatory Level Rec! Reset writePrevRecToOuput to zero. DROP REC! current_time = 0
WARNING: ParseRawFile( SWEX_SBFDHQ_GRAW_bufr309052_20200122_211838_1.preproc) airTemperature is zero Kelvin or NULL! current_time = 0
WARNING: ParseRawFile( SWEX_SBFDHQ_GRAW_bufr309052_20200122_211838_1.preproc) dewpointTemperature is Null or zero Kelvin! current_time = 0
WARNING: ParseRawFile( SWEX_SBFDHQ_GRAW_bufr309052_20200122_211838_1.preproc) Wind Dir is Null! current_time = 0 
WARNING: ParseRawFile( SWEX_SBFDHQ_GRAW_bufr309052_20200122_211838_1.preproc) Wind Speed is Null! current_time = 0 
WARNING: ParseRawFile( SWEX_SBFDHQ_GRAW_bufr309052_20200122_211838_1.preproc) DUPLICATE timePeriods found (in time order)! prev_time = 0, current timePeriod = 0
WARNING: ParseRawFile( SWEX_SBFDHQ_GRAW_bufr309052_20200122_211838_1.preproc) DUPLICATE timePeriods found (in time order)! prev_time = 339, current timePeriod = 339
Key is extendedVerticalSoundingSignificance. Value is 65536! DROP THIS Mandatory Level Rec! Reset writePrevRecToOuput to zero. DROP REC! current_time = 339
WARNING: ParseRawFile( SWEX_SBFDHQ_GRAW_bufr309052_20200122_211838_1.preproc ) DROP REC: NOT writing prev rec to output at record = 340. twice-prev_time = 339 (Dropping Rec between these two times.) Current Time= 340
Key is extendedVerticalSoundingSignificance. Value is 65536! DROP THIS Mandatory Level Rec! Reset writePrevRecToOuput to zero. DROP REC! current_time = 1142
WARNING: ParseRawFile( SWEX_SBFDHQ_GRAW_bufr309052_20200122_211838_1.preproc ) DROP REC: NOT writing prev rec to output at record = 1143. twice-prev_time = 1141 (Dropping Rec between these two times.) Current Time= 1142
WARNING: ParseRawFile( SWEX_SBFDHQ_GRAW_bufr309052_20200122_211838_1.preproc) DUPLICATE timePeriods found (in time order)! prev_time = 1142, current timePeriod = 1142
WARNING: ParseRawFile( SWEX_SBFDHQ_GRAW_bufr309052_20200122_211838_1.preproc) DUPLICATE timePeriods found (in time order)! prev_time = 1618, current timePeriod = 1618
Key is extendedVerticalSoundingSignificance. Value is 65536! DROP THIS Mandatory Level Rec! Reset writePrevRecToOuput to zero. DROP REC! current_time = 1618
WARNING: ParseRawFile( SWEX_SBFDHQ_GRAW_bufr309052_20200122_211838_1.preproc ) DROP REC: NOT writing prev rec to output at record = 1621. twice-prev_time = 1618 (Dropping Rec between these two times.) Current Time= 1619
WARNING: ParseRawFile( SWEX_SBFDHQ_GRAW_bufr309052_20200122_211838_1.preproc) DUPLICATE timePeriods found (in time order)! prev_time = 2123, current timePeriod = 2123
Key is extendedVerticalSoundingSignificance. Value is 65536! DROP THIS Mandatory Level Rec! Reset writePrevRecToOuput to zero. DROP REC! current_time = 2123
WARNING: ParseRawFile( SWEX_SBFDHQ_GRAW_bufr309052_20200122_211838_1.preproc ) DROP REC: NOT writing prev rec to output at record = 2127. twice-prev_time = 2123 (Dropping Rec between these two times.) Current Time= 2124
Key is extendedVerticalSoundingSignificance. Value is 65536! DROP THIS Mandatory Level Rec! Reset writePrevRecToOuput to zero. DROP REC! current_time = 2408
WARNING: ParseRawFile( SWEX_SBFDHQ_GRAW_bufr309052_20200122_211838_1.preproc ) DROP REC: NOT writing prev rec to output at record = 2412. twice-prev_time = 2407 (Dropping Rec between these two times.) Current Time= 2408
WARNING: ParseRawFile( SWEX_SBFDHQ_GRAW_bufr309052_20200122_211838_1.preproc) DUPLICATE timePeriods found (in time order)! prev_time = 2408, current timePeriod = 2408
WARNING: ParseRawFile( SWEX_SBFDHQ_GRAW_bufr309052_20200122_211838_1.preproc) DUPLICATE timePeriods found (in time order)! prev_time = 2739, current timePeriod = 2739
Key is extendedVerticalSoundingSignificance. Value is 65536! DROP THIS Mandatory Level Rec! Reset writePrevRecToOuput to zero. DROP REC! current_time = 2739
WARNING: ParseRawFile( SWEX_SBFDHQ_GRAW_bufr309052_20200122_211838_1.preproc ) DROP REC: NOT writing prev rec to output at record = 2745. twice-prev_time = 2739 (Dropping Rec between these two times.) Current Time= 2740
WARNING: ParseRawFile( SWEX_SBFDHQ_GRAW_bufr309052_20200122_211838_1.preproc) DUPLICATE timePeriods found (in time order)! prev_time = 3133, current timePeriod = 3133
Key is extendedVerticalSoundingSignificance. Value is 65536! DROP THIS Mandatory Level Rec! Reset writePrevRecToOuput to zero. DROP REC! current_time = 3133
WARNING: ParseRawFile( SWEX_SBFDHQ_GRAW_bufr309052_20200122_211838_1.preproc ) DROP REC: NOT writing prev rec to output at record = 3140. twice-prev_time = 3133 (Dropping Rec between these two times.) Current Time= 3134
WARNING: ParseRawFile( SWEX_SBFDHQ_GRAW_bufr309052_20200122_211838_1.preproc) DUPLICATE timePeriods found (in time order)! prev_time = 3707, current timePeriod = 3707
Key is extendedVerticalSoundingSignificance. Value is 65536! DROP THIS Mandatory Level Rec! Reset writePrevRecToOuput to zero. DROP REC! current_time = 3707
WARNING: ParseRawFile( SWEX_SBFDHQ_GRAW_bufr309052_20200122_211838_1.preproc ) DROP REC: NOT writing prev rec to output at record = 3715. twice-prev_time = 3707 (Dropping Rec between these two times.) Current Time= 3708
WARNING: ParseRawFile( SWEX_SBFDHQ_GRAW_bufr309052_20200122_211838_1.preproc) DUPLICATE timePeriods found (in time order)! prev_time = 4201, current timePeriod = 4201
Key is extendedVerticalSoundingSignificance. Value is 65536! DROP THIS Mandatory Level Rec! Reset writePrevRecToOuput to zero. DROP REC! current_time = 4201
WARNING: ParseRawFile( SWEX_SBFDHQ_GRAW_bufr309052_20200122_211838_1.preproc ) DROP REC: NOT writing prev rec to output at record = 4210. twice-prev_time = 4201 (Dropping Rec between these two times.) Current Time= 4202
WARNING: ParseRawFile( SWEX_SBFDHQ_GRAW_bufr309052_20200122_211838_1.preproc) DUPLICATE timePeriods found (in time order)! prev_time = 4642, current timePeriod = 4642
Key is extendedVerticalSoundingSignificance. Value is 65536! DROP THIS Mandatory Level Rec! Reset writePrevRecToOuput to zero. DROP REC! current_time = 4642
WARNING: ParseRawFile( SWEX_SBFDHQ_GRAW_bufr309052_20200122_211838_1.preproc ) DROP REC: NOT writing prev rec to output at record = 4652. twice-prev_time = 4642 (Dropping Rec between these two times.) Current Time= 4643
WARNING: ParseRawFile( SWEX_SBFDHQ_GRAW_bufr309052_20200122_211838_1.preproc) Found Out of Time Order record. Write CURRENT/All recs to output.  current time = 2785 < prev_time= 4673

----------
Processing file: SWEX_SBFS18_DFM09_bufr309052_20200122_211838_1.preproc
WARNING: ParseRawFile( SWEX_SBFS18_DFM09_bufr309052_20200122_211838_1.preproc) timePeriods out of order! prev_timePeriod = 4673, current timePeriod = 2785
ParseRawFile( SWEX_SBFS18_DFM09_bufr309052_20200122_211838_1.preproc) Found Regular Sounding. This is NOT a PIBAL. Found at least one Temp, Press, or nonCoordGeoPotHt.
(2)Input file name: SWEX_SBFS18_DFM09_bufr309052_20200122_211838_1.preproc ; Output file name is GTS_BUFR_SBFS18_202001312118_01_SONDE.cls
Key is extendedVerticalSoundingSignificance. Value is 65536! DROP THIS Mandatory Level Rec! Reset writePrevRecToOuput to zero. DROP REC! current_time = 0
WARNING: ParseRawFile( SWEX_SBFS18_DFM09_bufr309052_20200122_211838_1.preproc) airTemperature is zero Kelvin or NULL! current_time = 0
WARNING: ParseRawFile( SWEX_SBFS18_DFM09_bufr309052_20200122_211838_1.preproc) dewpointTemperature is Null or zero Kelvin! current_time = 0
WARNING: ParseRawFile( SWEX_SBFS18_DFM09_bufr309052_20200122_211838_1.preproc) Wind Dir is Null! current_time = 0 
WARNING: ParseRawFile( SWEX_SBFS18_DFM09_bufr309052_20200122_211838_1.preproc) Wind Speed is Null! current_time = 0 
WARNING: ParseRawFile( SWEX_SBFS18_DFM09_bufr309052_20200122_211838_1.preproc) DUPLICATE timePeriods found (in time order)! prev_time = 0, current timePeriod = 0
Key is extendedVerticalSoundingSignificance. Value is 65536! DROP THIS Mandatory Level Rec! Reset writePrevRecToOuput to zero. DROP REC! current_time = 0
WARNING: ParseRawFile( SWEX_SBFS18_DFM09_bufr309052_20200122_211838_1.preproc) airTemperature is zero Kelvin or NULL! current_time = 0
WARNING: ParseRawFile( SWEX_SBFS18_DFM09_bufr309052_20200122_211838_1.preproc) dewpointTemperature is Null or zero Kelvin! current_time = 0
WARNING: ParseRawFile( SWEX_SBFS18_DFM09_bufr309052_20200122_211838_1.preproc) Wind Dir is Null! current_time = 0 
WARNING: ParseRawFile( SWEX_SBFS18_DFM09_bufr309052_20200122_211838_1.preproc) Wind Speed is Null! current_time = 0 
WARNING: ParseRawFile( SWEX_SBFS18_DFM09_bufr309052_20200122_211838_1.preproc) DUPLICATE timePeriods found (in time order)! prev_time = 0, current timePeriod = 0
Key is extendedVerticalSoundingSignificance. Value is 65536! DROP THIS Mandatory Level Rec! Reset writePrevRecToOuput to zero. DROP REC! current_time = 0
WARNING: ParseRawFile( SWEX_SBFS18_DFM09_bufr309052_20200122_211838_1.preproc) airTemperature is zero Kelvin or NULL! current_time = 0
WARNING: ParseRawFile( SWEX_SBFS18_DFM09_bufr309052_20200122_211838_1.preproc) dewpointTemperature is Null or zero Kelvin! current_time = 0
WARNING: ParseRawFile( SWEX_SBFS18_DFM09_bufr309052_20200122_211838_1.preproc) Wind Dir is Null! current_time = 0 
WARNING: ParseRawFile( SWEX_SBFS18_DFM09_bufr309052_20200122_211838_1.preproc) Wind Speed is Null! current_time = 0 
WARNING: ParseRawFile( SWEX_SBFS18_DFM09_bufr309052_20200122_211838_1.preproc) DUPLICATE timePeriods found (in time order)! prev_time = 0, current timePeriod = 0
WARNING: ParseRawFile( SWEX_SBFS18_DFM09_bufr309052_20200122_211838_1.preproc) DUPLICATE timePeriods found (in time order)! prev_time = 339, current timePeriod = 339
Key is extendedVerticalSoundingSignificance. Value is 65536! DROP THIS Mandatory Level Rec! Reset writePrevRecToOuput to zero. DROP REC! current_time = 339
WARNING: ParseRawFile( SWEX_SBFS18_DFM09_bufr309052_20200122_211838_1.preproc ) DROP REC: NOT writing prev rec to output at record = 340. twice-prev_time = 339 (Dropping Rec between these two times.) Current Time= 340
Key is extendedVerticalSoundingSignificance. Value is 65536! DROP THIS Mandatory Level Rec! Reset writePrevRecToOuput to zero. DROP REC! current_time = 1142
WARNING: ParseRawFile( SWEX_SBFS18_DFM09_bufr309052_20200122_211838_1.preproc ) DROP REC: NOT writing prev rec to output at record = 1143. twice-prev_time = 1141 (Dropping Rec between these two times.) Current Time= 1142
WARNING: ParseRawFile( SWEX_SBFS18_DFM09_bufr309052_20200122_211838_1.preproc) DUPLICATE timePeriods found (in time order)! prev_time = 1142, current timePeriod = 1142
WARNING: ParseRawFile( SWEX_SBFS18_DFM09_bufr309052_20200122_211838_1.preproc) DUPLICATE timePeriods found (in time order)! prev_time = 1618, current timePeriod = 1618
Key is extendedVerticalSoundingSignificance. Value is 65536! DROP THIS Mandatory Level Rec! Reset writePrevRecToOuput to zero. DROP REC! current_time = 1618
WARNING: ParseRawFile( SWEX_SBFS18_DFM09_bufr309052_20200122_211838_1.preproc ) DROP REC: NOT writing prev rec to output at record = 1621. twice-prev_time = 1618 (Dropping Rec between these two times.) Current Time= 1619
WARNING: ParseRawFile( SWEX_SBFS18_DFM09_bufr309052_20200122_211838_1.preproc) DUPLICATE timePeriods found (in time order)! prev_time = 2123, current timePeriod = 2123
Key is extendedVerticalSoundingSignificance. Value is 65536! DROP THIS Mandatory Level Rec! Reset writePrevRecToOuput to zero. DROP REC! current_time = 2123
WARNING: ParseRawFile( SWEX_SBFS18_DFM09_bufr309052_20200122_211838_1.preproc ) DROP REC: NOT writing prev rec to output at record = 2127. twice-prev_time = 2123 (Dropping Rec between these two times.) Current Time= 2124
Key is extendedVerticalSoundingSignificance. Value is 65536! DROP THIS Mandatory Level Rec! Reset writePrevRecToOuput to zero. DROP REC! current_time = 2408
WARNING: ParseRawFile( SWEX_SBFS18_DFM09_bufr309052_20200122_211838_1.preproc ) DROP REC: NOT writing prev rec to output at record = 2412. twice-prev_time = 2407 (Dropping Rec between these two times.) Current Time= 2408
WARNING: ParseRawFile( SWEX_SBFS18_DFM09_bufr309052_20200122_211838_1.preproc) DUPLICATE timePeriods found (in time order)! prev_time = 2408, current timePeriod = 2408
WARNING: ParseRawFile( SWEX_SBFS18_DFM09_bufr309052_20200122_211838_1.preproc) DUPLICATE timePeriods found (in time order)! prev_time = 2739, current timePeriod = 2739
Key is extendedVerticalSoundingSignificance. Value is 65536! DROP THIS Mandatory Level Rec! Reset writePrevRecToOuput to zero. DROP REC! current_time = 2739
WARNING: ParseRawFile( SWEX_SBFS18_DFM09_bufr309052_20200122_211838_1.preproc ) DROP REC: NOT writing prev rec to output at record = 2745. twice-prev_time = 2739 (Dropping Rec between these two times.) Current Time= 2740
WARNING: ParseRawFile( SWEX_SBFS18_DFM09_bufr309052_20200122_211838_1.preproc) DUPLICATE timePeriods found (in time order)! prev_time = 3133, current timePeriod = 3133
Key is extendedVerticalSoundingSignificance. Value is 65536! DROP THIS Mandatory Level Rec! Reset writePrevRecToOuput to zero. DROP REC! current_time = 3133
WARNING: ParseRawFile( SWEX_SBFS18_DFM09_bufr309052_20200122_211838_1.preproc ) DROP REC: NOT writing prev rec to output at record = 3140. twice-prev_time = 3133 (Dropping Rec between these two times.) Current Time= 3134
WARNING: ParseRawFile( SWEX_SBFS18_DFM09_bufr309052_20200122_211838_1.preproc) DUPLICATE timePeriods found (in time order)! prev_time = 3707, current timePeriod = 3707
Key is extendedVerticalSoundingSignificance. Value is 65536! DROP THIS Mandatory Level Rec! Reset writePrevRecToOuput to zero. DROP REC! current_time = 3707
WARNING: ParseRawFile( SWEX_SBFS18_DFM09_bufr309052_20200122_211838_1.preproc ) DROP REC: NOT writing prev rec to output at record = 3715. twice-prev_time = 3707 (Dropping Rec between these two times.) Current Time= 3708
WARNING: ParseRawFile( SWEX_SBFS18_DFM09_bufr309052_20200122_211838_1.preproc) DUPLICATE timePeriods found (in time order)! prev_time = 4201, current timePeriod = 4201
Key is extendedVerticalSoundingSignificance. Value is 65536! DROP THIS Mandatory Level Rec! Reset writePrevRecToOuput to zero. DROP REC! current_time = 4201
WARNING: ParseRawFile( SWEX_SBFS18_DFM09_bufr309052_20200122_211838_1.preproc ) DROP REC: NOT writing prev rec to output at record = 4210. twice-prev_time = 4201 (Dropping Rec between these two times.) Current Time= 4202
WARNING: ParseRawFile( SWEX_SBFS18_DFM09_bufr309052_20200122_211838_1.preproc) DUPLICATE timePeriods found (in time order)! prev_time = 4642, current timePeriod = 4642
Key is extendedVerticalSoundingSignificance. Value is 65536! DROP THIS Mandatory Level Rec! Reset writePrevRecToOuput to zero. DROP REC! current_time = 4642
WARNING: ParseRawFile( SWEX_SBFS18_DFM09_bufr309052_20200122_211838_1.preproc ) DROP REC: NOT writing prev rec to output at record = 4652. twice-prev_time = 4642 (Dropping Rec between these two times.) Current Time= 4643
WARNING: ParseRawFile( SWEX_SBFS18_DFM09_bufr309052_20200122_211838_1.preproc) Found Out of Time Order record. Write CURRENT/All recs to output.  current time = 2785 < prev_time= 4673

----------
Processing file: SWEX_SBFS18_GRAW_bufr309052_20200122_211838_1.preproc
WARNING: ParseRawFile( SWEX_SBFS18_GRAW_bufr309052_20200122_211838_1.preproc) timePeriods out of order! prev_timePeriod = 4673, current timePeriod = 2785
ParseRawFile( SWEX_SBFS18_GRAW_bufr309052_20200122_211838_1.preproc) Found Regular Sounding. This is NOT a PIBAL. Found at least one Temp, Press, or nonCoordGeoPotHt.
(2)Input file name: SWEX_SBFS18_GRAW_bufr309052_20200122_211838_1.preproc ; Output file name is GTS_BUFR_SBFS18_202001312118_01_SONDE.cls
Key is extendedVerticalSoundingSignificance. Value is 65536! DROP THIS Mandatory Level Rec! Reset writePrevRecToOuput to zero. DROP REC! current_time = 0
WARNING: ParseRawFile( SWEX_SBFS18_GRAW_bufr309052_20200122_211838_1.preproc) airTemperature is zero Kelvin or NULL! current_time = 0
WARNING: ParseRawFile( SWEX_SBFS18_GRAW_bufr309052_20200122_211838_1.preproc) dewpointTemperature is Null or zero Kelvin! current_time = 0
WARNING: ParseRawFile( SWEX_SBFS18_GRAW_bufr309052_20200122_211838_1.preproc) Wind Dir is Null! current_time = 0 
WARNING: ParseRawFile( SWEX_SBFS18_GRAW_bufr309052_20200122_211838_1.preproc) Wind Speed is Null! current_time = 0 
WARNING: ParseRawFile( SWEX_SBFS18_GRAW_bufr309052_20200122_211838_1.preproc) DUPLICATE timePeriods found (in time order)! prev_time = 0, current timePeriod = 0
Key is extendedVerticalSoundingSignificance. Value is 65536! DROP THIS Mandatory Level Rec! Reset writePrevRecToOuput to zero. DROP REC! current_time = 0
WARNING: ParseRawFile( SWEX_SBFS18_GRAW_bufr309052_20200122_211838_1.preproc) airTemperature is zero Kelvin or NULL! current_time = 0
WARNING: ParseRawFile( SWEX_SBFS18_GRAW_bufr309052_20200122_211838_1.preproc) dewpointTemperature is Null or zero Kelvin! current_time = 0
WARNING: ParseRawFile( SWEX_SBFS18_GRAW_bufr309052_20200122_211838_1.preproc) Wind Dir is Null! current_time = 0 
WARNING: ParseRawFile( SWEX_SBFS18_GRAW_bufr309052_20200122_211838_1.preproc) Wind Speed is Null! current_time = 0 
WARNING: ParseRawFile( SWEX_SBFS18_GRAW_bufr309052_20200122_211838_1.preproc) DUPLICATE timePeriods found (in time order)! prev_time = 0, current timePeriod = 0
Key is extendedVerticalSoundingSignificance. Value is 65536! DROP THIS Mandatory Level Rec! Reset writePrevRecToOuput to zero. DROP REC! current_time = 0
WARNING: ParseRawFile( SWEX_SBFS18_GRAW_bufr309052_20200122_211838_1.preproc) airTemperature is zero Kelvin or NULL! current_time = 0
WARNING: ParseRawFile( SWEX_SBFS18_GRAW_bufr309052_20200122_211838_1.preproc) dewpointTemperature is Null or zero Kelvin! current_time = 0
WARNING: ParseRawFile( SWEX_SBFS18_GRAW_bufr309052_20200122_211838_1.preproc) Wind Dir is Null! current_time = 0 
WARNING: ParseRawFile( SWEX_SBFS18_GRAW_bufr309052_20200122_211838_1.preproc) Wind Speed is Null! current_time = 0 
WARNING: ParseRawFile( SWEX_SBFS18_GRAW_bufr309052_20200122_211838_1.preproc) DUPLICATE timePeriods found (in time order)! prev_time = 0, current timePeriod = 0
WARNING: ParseRawFile( SWEX_SBFS18_GRAW_bufr309052_20200122_211838_1.preproc) DUPLICATE timePeriods found (in time order)! prev_time = 339, current timePeriod = 339
Key is extendedVerticalSoundingSignificance. Value is 65536! DROP THIS Mandatory Level Rec! Reset writePrevRecToOuput to zero. DROP REC! current_time = 339
WARNING: ParseRawFile( SWEX_SBFS18_GRAW_bufr309052_20200122_211838_1.preproc ) DROP REC: NOT writing prev rec to output at record = 340. twice-prev_time = 339 (Dropping Rec between these two times.) Current Time= 340
Key is extendedVerticalSoundingSignificance. Value is 65536! DROP THIS Mandatory Level Rec! Reset writePrevRecToOuput to zero. DROP REC! current_time = 1142
WARNING: ParseRawFile( SWEX_SBFS18_GRAW_bufr309052_20200122_211838_1.preproc ) DROP REC: NOT writing prev rec to output at record = 1143. twice-prev_time = 1141 (Dropping Rec between these two times.) Current Time= 1142
WARNING: ParseRawFile( SWEX_SBFS18_GRAW_bufr309052_20200122_211838_1.preproc) DUPLICATE timePeriods found (in time order)! prev_time = 1142, current timePeriod = 1142
WARNING: ParseRawFile( SWEX_SBFS18_GRAW_bufr309052_20200122_211838_1.preproc) DUPLICATE timePeriods found (in time order)! prev_time = 1618, current timePeriod = 1618
Key is extendedVerticalSoundingSignificance. Value is 65536! DROP THIS Mandatory Level Rec! Reset writePrevRecToOuput to zero. DROP REC! current_time = 1618
WARNING: ParseRawFile( SWEX_SBFS18_GRAW_bufr309052_20200122_211838_1.preproc ) DROP REC: NOT writing prev rec to output at record = 1621. twice-prev_time = 1618 (Dropping Rec between these two times.) Current Time= 1619
WARNING: ParseRawFile( SWEX_SBFS18_GRAW_bufr309052_20200122_211838_1.preproc) DUPLICATE timePeriods found (in time order)! prev_time = 2123, current timePeriod = 2123
Key is extendedVerticalSoundingSignificance. Value is 65536! DROP THIS Mandatory Level Rec! Reset writePrevRecToOuput to zero. DROP REC! current_time = 2123
WARNING: ParseRawFile( SWEX_SBFS18_GRAW_bufr309052_20200122_211838_1.preproc ) DROP REC: NOT writing prev rec to output at record = 2127. twice-prev_time = 2123 (Dropping Rec between these two times.) Current Time= 2124
Key is extendedVerticalSoundingSignificance. Value is 65536! DROP THIS Mandatory Level Rec! Reset writePrevRecToOuput to zero. DROP REC! current_time = 2408
WARNING: ParseRawFile( SWEX_SBFS18_GRAW_bufr309052_20200122_211838_1.preproc ) DROP REC: NOT writing prev rec to output at record = 2412. twice-prev_time = 2407 (Dropping Rec between these two times.) Current Time= 2408
WARNING: ParseRawFile( SWEX_SBFS18_GRAW_bufr309052_20200122_211838_1.preproc) DUPLICATE timePeriods found (in time order)! prev_time = 2408, current timePeriod = 2408
WARNING: ParseRawFile( SWEX_SBFS18_GRAW_bufr309052_20200122_211838_1.preproc) DUPLICATE timePeriods found (in time order)! prev_time = 2739, current timePeriod = 2739
Key is extendedVerticalSoundingSignificance. Value is 65536! DROP THIS Mandatory Level Rec! Reset writePrevRecToOuput to zero. DROP REC! current_time = 2739
WARNING: ParseRawFile( SWEX_SBFS18_GRAW_bufr309052_20200122_211838_1.preproc ) DROP REC: NOT writing prev rec to output at record = 2745. twice-prev_time = 2739 (Dropping Rec between these two times.) Current Time= 2740
WARNING: ParseRawFile( SWEX_SBFS18_GRAW_bufr309052_20200122_211838_1.preproc) DUPLICATE timePeriods found (in time order)! prev_time = 3133, current timePeriod = 3133
Key is extendedVerticalSoundingSignificance. Value is 65536! DROP THIS Mandatory Level Rec! Reset writePrevRecToOuput to zero. DROP REC! current_time = 3133
WARNING: ParseRawFile( SWEX_SBFS18_GRAW_bufr309052_20200122_211838_1.preproc ) DROP REC: NOT writing prev rec to output at record = 3140. twice-prev_time = 3133 (Dropping Rec between these two times.) Current Time= 3134
WARNING: ParseRawFile( SWEX_SBFS18_GRAW_bufr309052_20200122_211838_1.preproc) DUPLICATE timePeriods found (in time order)! prev_time = 3707, current timePeriod = 3707
Key is extendedVerticalSoundingSignificance. Value is 65536! DROP THIS Mandatory Level Rec! Reset writePrevRecToOuput to zero. DROP REC! current_time = 3707
WARNING: ParseRawFile( SWEX_SBFS18_GRAW_bufr309052_20200122_211838_1.preproc ) DROP REC: NOT writing prev rec to output at record = 3715. twice-prev_time = 3707 (Dropping Rec between these two times.) Current Time= 3708
WARNING: ParseRawFile( SWEX_SBFS18_GRAW_bufr309052_20200122_211838_1.preproc) DUPLICATE timePeriods found (in time order)! prev_time = 4201, current timePeriod = 4201
Key is extendedVerticalSoundingSignificance. Value is 65536! DROP THIS Mandatory Level Rec! Reset writePrevRecToOuput to zero. DROP REC! current_time = 4201
WARNING: ParseRawFile( SWEX_SBFS18_GRAW_bufr309052_20200122_211838_1.preproc ) DROP REC: NOT writing prev rec to output at record = 4210. twice-prev_time = 4201 (Dropping Rec between these two times.) Current Time= 4202
WARNING: ParseRawFile( SWEX_SBFS18_GRAW_bufr309052_20200122_211838_1.preproc) DUPLICATE timePeriods found (in time order)! prev_time = 4642, current timePeriod = 4642
Key is extendedVerticalSoundingSignificance. Value is 65536! DROP THIS Mandatory Level Rec! Reset writePrevRecToOuput to zero. DROP REC! current_time = 4642
WARNING: ParseRawFile( SWEX_SBFS18_GRAW_bufr309052_20200122_211838_1.preproc ) DROP REC: NOT writing prev rec to output at record = 4652. twice-prev_time = 4642 (Dropping Rec between these two times.) Current Time= 4643
WARNING: ParseRawFile( SWEX_SBFS18_GRAW_bufr309052_20200122_211838_1.preproc) Found Out of Time Order record. Write CURRENT/All recs to output.  current time = 2785 < prev_time= 4673

GTSBUFR_Radiosonde_Converter_RealTime.pl ended on Mon Mar  9 10:02:31 2020
