RH at press:  974.3 is:  100.1 . RH is greater than 100 percent. Flag RH questionable.
RH at press:  973.7 is:  100.1 . RH is greater than 100 percent. Flag RH questionable.
Ascendrate at press:  822.7 is:    10.7 m/s. Update Pressure Flag to be questionable.
Ascendrate at press:  746.1 is:    10.5 m/s. Update Pressure Flag to be questionable.
Ascendrate at press:  698.0 is:    10.9 m/s. Update Pressure Flag to be questionable.
Windspd at pressure:    9.2 mb is:  999.0 m/s. So set all wind values to missing.
Rapid pressure change between pressure:  939.6 and pressure  937.3 is     1.2 mb/s
Rapid Ascendrate change between pressure:  939.6 and  937.3 is:   -7.1 m/s
Rapid Ascendrate change between pressure:  937.3 and  936.1 is:    4.7 m/s
Super adiabatic lapse rate between pressure  921.2 and  919.9 is   -18.69 deg C/km.
Super adiabatic lapse rate between pressure  909.2 and  908.2 is   -21.51 deg C/km.
Super adiabatic lapse rate between pressure  906.9 and  905.6 is   -18.35 deg C/km.
Super adiabatic lapse rate between pressure  894.9 and  894.1 is   -28.17 deg C/km.
Super adiabatic lapse rate between pressure  890.8 and  889.9 is   -24.10 deg C/km.
Rapid Ascendrate change between pressure:  888.1 and  886.7 is:   -4.7 m/s
Rapid Ascendrate change between pressure:  886.7 and  886.0 is:    3.3 m/s
Super adiabatic lapse rate between pressure  885.0 and  884.2 is   -41.67 deg C/km.
Super adiabatic lapse rate between pressure  881.0 and  880.2 is   -29.85 deg C/km.
Rapid Ascendrate change between pressure:  873.7 and  872.6 is:   -3.0 m/s
Super adiabatic lapse rate between pressure  850.8 and  850.0 is   -25.97 deg C/km.
Rapid pressure change between pressure:  843.2 and pressure  841.1 is     1.1 mb/s
Rapid Ascendrate change between pressure:  843.2 and  841.1 is:   -3.5 m/s
Rapid Ascendrate change between pressure:  826.8 and  824.9 is:   -4.6 m/s
Rapid pressure change between pressure:  824.9 and pressure  822.7 is     1.1 mb/s
Rapid Ascendrate change between pressure:  822.7 and  821.4 is:    4.5 m/s
Super adiabatic lapse rate between pressure  817.0 and  815.7 is   -15.50 deg C/km.
Rapid Ascendrate change between pressure:  814.7 and  813.1 is:   -3.1 m/s
Rapid Ascendrate change between pressure:  813.1 and  812.2 is:    3.6 m/s
Rapid Ascendrate change between pressure:  811.9 and  810.9 is:   -3.0 m/s
Rapid Ascendrate change between pressure:  810.3 and  809.0 is:   -3.1 m/s
Super adiabatic lapse rate between pressure  794.0 and  793.0 is   -20.41 deg C/km.
Rapid Ascendrate change between pressure:  787.9 and  787.1 is:    3.6 m/s
Rapid Ascendrate change between pressure:  787.1 and  785.6 is:   -3.4 m/s
Rapid Ascendrate change between pressure:  758.5 and  757.6 is:    3.2 m/s
Rapid Ascendrate change between pressure:  748.8 and  748.1 is:    3.0 m/s
Rapid Ascendrate change between pressure:  748.1 and  746.1 is:   -6.7 m/s
Rapid Ascendrate change between pressure:  746.1 and  745.0 is:    4.8 m/s
Rapid Ascendrate change between pressure:  739.4 and  738.4 is:    3.3 m/s
Rapid Ascendrate change between pressure:  734.1 and  733.6 is:    3.1 m/s
Super adiabatic lapse rate between pressure  727.6 and  726.4 is   -15.87 deg C/km.
Rapid Ascendrate change between pressure:  701.8 and  701.3 is:    4.6 m/s
Rapid Ascendrate change between pressure:  681.6 and  681.0 is:    3.1 m/s
Super adiabatic lapse rate between pressure  675.3 and  674.5 is   -25.00 deg C/km.
Rapid Ascendrate change between pressure:  670.5 and  670.0 is:    4.1 m/s
Rapid Ascendrate change between pressure:  653.1 and  651.9 is:   -3.4 m/s
Rapid Ascendrate change between pressure:  643.0 and  641.6 is:   -3.1 m/s
Rapid Ascendrate change between pressure:  638.5 and  637.4 is:   -3.3 m/s
Rapid Ascendrate change between pressure:  634.5 and  633.3 is:   -3.1 m/s
Rapid Ascendrate change between pressure:  631.6 and  630.4 is:   -3.1 m/s
Rapid Ascendrate change between pressure:  630.4 and  629.7 is:    3.4 m/s
Rapid Ascendrate change between pressure:  621.7 and  620.6 is:   -3.1 m/s
Rapid Ascendrate change between pressure:  610.1 and  609.0 is:   -3.2 m/s
Rapid Ascendrate change between pressure:  607.7 and  606.9 is:    3.0 m/s
Super adiabatic lapse rate between pressure  603.1 and  602.4 is   -23.53 deg C/km.
Rapid Ascendrate change between pressure:  602.4 and  601.1 is:   -4.0 m/s
Super adiabatic lapse rate between pressure  599.0 and  598.0 is   -15.38 deg C/km.
Super adiabatic lapse rate between pressure  596.4 and  595.8 is   -25.64 deg C/km.
Super adiabatic lapse rate between pressure  588.0 and  587.2 is   -20.62 deg C/km.
Super adiabatic lapse rate between pressure  584.5 and  583.5 is   -16.39 deg C/km.
Rapid Ascendrate change between pressure:  580.5 and  579.4 is:   -3.0 m/s
Super adiabatic lapse rate between pressure  573.7 and  572.7 is   -15.27 deg C/km.
Rapid Ascendrate change between pressure:  567.1 and  566.7 is:    3.3 m/s
Rapid Ascendrate change between pressure:  566.7 and  565.4 is:   -6.0 m/s
Rapid Ascendrate change between pressure:  565.4 and  564.6 is:    3.5 m/s
Super adiabatic lapse rate between pressure  561.8 and  561.0 is   -21.05 deg C/km.
Super adiabatic lapse rate between pressure  559.2 and  558.5 is   -20.62 deg C/km.
Rapid Ascendrate change between pressure:  557.9 and  556.6 is:   -4.7 m/s
Rapid Ascendrate change between pressure:  551.1 and  549.7 is:   -3.4 m/s
Super adiabatic lapse rate between pressure  544.5 and  543.8 is   -20.83 deg C/km.
Super adiabatic lapse rate between pressure  542.2 and  541.4 is   -18.18 deg C/km.
Rapid Ascendrate change between pressure:  537.4 and  536.3 is:   -3.1 m/s
Rapid Ascendrate change between pressure:  536.3 and  535.9 is:    4.0 m/s
Rapid Ascendrate change between pressure:  527.9 and  527.0 is:   -3.7 m/s
Super adiabatic lapse rate between pressure  516.0 and  515.2 is   -19.23 deg C/km.
Rapid Ascendrate change between pressure:  512.8 and  511.8 is:   -3.2 m/s
Rapid Ascendrate change between pressure:  511.2 and  510.0 is:   -4.1 m/s
Super adiabatic lapse rate between pressure  490.1 and  489.7 is   -30.30 deg C/km.
Rapid Ascendrate change between pressure:  481.6 and  480.6 is:   -4.1 m/s
Rapid Ascendrate change between pressure:  469.9 and  468.9 is:   -5.7 m/s
Rapid Ascendrate change between pressure:  467.1 and  466.6 is:    3.3 m/s
Super adiabatic lapse rate between pressure  467.1 and  466.6 is   -31.75 deg C/km.
Rapid Ascendrate change between pressure:  457.2 and  456.5 is:   -4.1 m/s
Rapid Ascendrate change between pressure:  448.8 and  448.4 is:    5.0 m/s
Super adiabatic lapse rate between pressure  437.7 and  437.1 is   -20.62 deg C/km.
Super adiabatic lapse rate between pressure  426.4 and  425.8 is   -20.41 deg C/km.
Rapid Ascendrate change between pressure:  422.2 and  422.1 is:    3.2 m/s
Rapid Ascendrate change between pressure:  403.3 and  403.0 is:    4.8 m/s
Rapid Ascendrate change between pressure:  403.0 and  402.3 is:   -3.4 m/s
Super adiabatic lapse rate between pressure  402.3 and  401.8 is   -24.39 deg C/km.
Super adiabatic lapse rate between pressure  396.0 and  395.3 is   -16.81 deg C/km.
Super adiabatic lapse rate between pressure  389.1 and  388.5 is   -17.24 deg C/km.
Rapid Ascendrate change between pressure:  377.9 and  377.4 is:    3.0 m/s
Super adiabatic lapse rate between pressure  370.6 and  370.0 is   -20.62 deg C/km.
Super adiabatic lapse rate between pressure  368.9 and  368.4 is   -21.28 deg C/km.
Super adiabatic lapse rate between pressure  363.3 and  362.6 is   -16.53 deg C/km.
Super adiabatic lapse rate between pressure  361.7 and  361.0 is   -15.87 deg C/km.
Rapid Ascendrate change between pressure:  357.3 and  356.4 is:   -6.1 m/s
Rapid Ascendrate change between pressure:  356.4 and  355.9 is:    4.4 m/s
Rapid Ascendrate change between pressure:  338.1 and  337.5 is:   -4.3 m/s
Super adiabatic lapse rate between pressure  327.6 and  327.2 is   -23.81 deg C/km.
Rapid Ascendrate change between pressure:  269.6 and  269.0 is:   -4.1 m/s
Super adiabatic lapse rate between pressure  266.3 and  265.8 is   -16.39 deg C/km.
Rapid Ascendrate change between pressure:  261.6 and  261.4 is:    3.0 m/s
Rapid Ascendrate change between pressure:  261.4 and  260.7 is:   -5.9 m/s
Super adiabatic lapse rate between pressure  253.7 and  253.2 is   -15.62 deg C/km.
Rapid Ascendrate change between pressure:  243.6 and  243.4 is:    3.2 m/s
Rapid Ascendrate change between pressure:  210.7 and  210.3 is:   -3.2 m/s
Rapid Ascendrate change between pressure:  138.7 and  138.4 is:   -4.6 m/s
Rapid Ascendrate change between pressure:  128.7 and  128.5 is:   -3.9 m/s
Rapid Ascendrate change between pressure:  128.5 and  128.3 is:    3.3 m/s
Rapid Ascendrate change between pressure:  105.5 and  105.4 is:    3.6 m/s
Rapid Ascendrate change between pressure:  105.4 and  105.2 is:   -3.2 m/s
Rapid Ascendrate change between pressure:  100.0 and   99.8 is:   -4.2 m/s
Super adiabatic lapse rate between pressure   84.2 and   84.0 is   -18.87 deg C/km.
Super adiabatic lapse rate between pressure   59.1 and   59.0 is   -21.05 deg C/km.
Super adiabatic lapse rate between pressure   51.5 and   51.4 is   -17.70 deg C/km.
Rapid Ascendrate change between pressure:   23.2 and   23.1 is:   -4.6 m/s
Super adiabatic lapse rate between pressure   19.2 and   19.2 is   -15.27 deg C/km.
Super adiabatic lapse rate between pressure   18.8 and   18.7 is   -16.95 deg C/km.
Rapid Ascendrate change between pressure:   17.9 and   17.9 is:   -4.8 m/s
Rapid Ascendrate change between pressure:   15.1 and   15.1 is:    3.4 m/s
Rapid Ascendrate change between pressure:   14.2 and   14.2 is:    3.6 m/s
Rapid Ascendrate change between pressure:   13.9 and   13.8 is:   -3.1 m/s
Rapid Ascendrate change between pressure:   13.8 and   13.8 is:    3.1 m/s
Rapid Ascendrate change between pressure:   12.7 and   12.7 is:    3.0 m/s
Rapid Ascendrate change between pressure:   12.4 and   12.4 is:    3.0 m/s
Rapid Ascendrate change between pressure:   12.2 and   12.1 is:   -3.7 m/s
Rapid Ascendrate change between pressure:   11.2 and   11.2 is:    3.5 m/s
Super adiabatic lapse rate between pressure   11.2 and   11.2 is   -23.26 deg C/km.
Rapid Ascendrate change between pressure:   10.2 and   10.2 is:   -3.0 m/s
Rapid Ascendrate change between pressure:   10.2 and   10.2 is:    5.1 m/s
Rapid Ascendrate change between pressure:   10.2 and   10.1 is:   -5.4 m/s
Rapid Ascendrate change between pressure:    9.8 and    9.8 is:    3.4 m/s
Rapid Ascendrate change between pressure:    9.8 and    9.8 is:   -3.1 m/s
Rapid Ascendrate change between pressure:    9.6 and    9.6 is:    3.0 m/s
Rapid Ascendrate change between pressure:    9.4 and    9.3 is:    3.3 m/s
Rapid pressure change between pressure:    9.2 and pressure    9.2 is     NaN mb/s
Time decrease or equal time:  6176.0 and  6176.0
